<?xml version="1.0" encoding="UTF-8"?>
<coverage generated="1789527022026" clover="3.2.0">
  <project timestamp="1789527022026" name="All files">
    <metrics statements="5442" coveredstatements="5201" conditionals="1662" coveredconditionals="1496" methods="363" coveredmethods="318" elements="7467" coveredelements="7015" complexity="0" loc="5442" ncloc="5442" packages="9" files="39" classes="39"/>
    <package name="src">
      <metrics statements="392" coveredstatements="372" conditionals="159" coveredconditionals="146" methods="50" coveredmethods="48"/>
      <file name="api.ts" path="/Users/calebdunn/Documents/projects/homepad/homepad/src/api.ts">
        <metrics statements="262" coveredstatements="255" conditionals="109" coveredconditionals="103" methods="41" coveredmethods="41"/>
        <line num="146" count="1" type="stmt"/>
        <line num="178" count="1" type="stmt"/>
        <line num="180" count="24" type="cond" truecount="1" falsecount="0"/>
        <line num="181" count="24" type="stmt"/>
        <line num="182" count="24" type="cond" truecount="1" falsecount="0"/>
        <line num="183" count="24" type="stmt"/>
        <line num="202" count="145" type="cond" truecount="1" falsecount="0"/>
        <line num="203" count="145" type="stmt"/>
        <line num="204" count="145" type="stmt"/>
        <line num="205" count="145" type="stmt"/>
        <line num="206" count="145" type="stmt"/>
        <line num="207" count="145" type="cond" truecount="1" falsecount="0"/>
        <line num="208" count="145" type="cond" truecount="1" falsecount="0"/>
        <line num="209" count="64" type="stmt"/>
        <line num="210" count="64" type="stmt"/>
        <line num="211" count="64" type="stmt"/>
        <line num="212" count="145" type="cond" truecount="1" falsecount="0"/>
        <line num="213" count="145" type="cond" truecount="1" falsecount="0"/>
        <line num="214" count="145" type="stmt"/>
        <line num="215" count="145" type="cond" truecount="1" falsecount="0"/>
        <line num="216" count="137" type="stmt"/>
        <line num="217" count="145" type="cond" truecount="1" falsecount="0"/>
        <line num="218" count="8" type="stmt"/>
        <line num="219" count="8" type="stmt"/>
        <line num="220" count="145" type="stmt"/>
        <line num="225" count="43" type="cond" truecount="1" falsecount="0"/>
        <line num="226" count="43" type="stmt"/>
        <line num="227" count="43" type="stmt"/>
        <line num="232" count="43" type="cond" truecount="1" falsecount="0"/>
        <line num="233" count="43" type="stmt"/>
        <line num="234" count="43" type="stmt"/>
        <line num="235" count="43" type="stmt"/>
        <line num="236" count="43" type="stmt"/>
        <line num="237" count="43" type="stmt"/>
        <line num="238" count="43" type="stmt"/>
        <line num="239" count="43" type="cond" truecount="2" falsecount="0"/>
        <line num="240" count="21" type="cond" truecount="2" falsecount="0"/>
        <line num="241" count="21" type="stmt"/>
        <line num="242" count="21" type="cond" truecount="1" falsecount="0"/>
        <line num="243" count="22" type="stmt"/>
        <line num="244" count="22" type="stmt"/>
        <line num="245" count="22" type="stmt"/>
        <line num="246" count="43" type="cond" truecount="2" falsecount="0"/>
        <line num="247" count="43" type="stmt"/>
        <line num="250" count="43" type="stmt"/>
        <line num="251" count="43" type="stmt"/>
        <line num="255" count="4" type="cond" truecount="1" falsecount="0"/>
        <line num="256" count="4" type="stmt"/>
        <line num="257" count="4" type="cond" truecount="2" falsecount="0"/>
        <line num="258" count="2" type="stmt"/>
        <line num="259" count="2" type="stmt"/>
        <line num="260" count="2" type="stmt"/>
        <line num="261" count="4" type="cond" truecount="0" falsecount="1"/>
        <line num="262" count="0" type="stmt"/>
        <line num="263" count="0" type="stmt"/>
        <line num="264" count="4" type="stmt"/>
        <line num="270" count="6" type="cond" truecount="1" falsecount="0"/>
        <line num="271" count="6" type="stmt"/>
        <line num="272" count="6" type="cond" truecount="3" falsecount="0"/>
        <line num="273" count="4" type="stmt"/>
        <line num="274" count="4" type="stmt"/>
        <line num="275" count="4" type="stmt"/>
        <line num="276" count="6" type="cond" truecount="0" falsecount="1"/>
        <line num="277" count="0" type="stmt"/>
        <line num="278" count="0" type="stmt"/>
        <line num="279" count="6" type="stmt"/>
        <line num="285" count="3" type="cond" truecount="1" falsecount="0"/>
        <line num="286" count="3" type="stmt"/>
        <line num="287" count="3" type="cond" truecount="0" falsecount="1"/>
        <line num="288" count="3" type="cond" truecount="2" falsecount="0"/>
        <line num="289" count="2" type="stmt"/>
        <line num="290" count="2" type="stmt"/>
        <line num="291" count="2" type="stmt"/>
        <line num="294" count="6" type="cond" truecount="1" falsecount="0"/>
        <line num="295" count="6" type="stmt"/>
        <line num="296" count="6" type="stmt"/>
        <line num="297" count="6" type="stmt"/>
        <line num="298" count="6" type="cond" truecount="4" falsecount="0"/>
        <line num="299" count="6" type="stmt"/>
        <line num="300" count="6" type="stmt"/>
        <line num="306" count="4" type="cond" truecount="1" falsecount="0"/>
        <line num="307" count="4" type="stmt"/>
        <line num="308" count="4" type="cond" truecount="2" falsecount="0"/>
        <line num="309" count="4" type="cond" truecount="2" falsecount="0"/>
        <line num="310" count="1" type="stmt"/>
        <line num="311" count="1" type="stmt"/>
        <line num="315" count="3" type="cond" truecount="1" falsecount="0"/>
        <line num="316" count="3" type="stmt"/>
        <line num="317" count="3" type="cond" truecount="3" falsecount="0"/>
        <line num="318" count="3" type="stmt"/>
        <line num="320" count="3" type="cond" truecount="1" falsecount="0"/>
        <line num="321" count="3" type="cond" truecount="1" falsecount="0"/>
        <line num="322" count="1" type="stmt"/>
        <line num="323" count="3" type="stmt"/>
        <line num="324" count="3" type="stmt"/>
        <line num="326" count="2" type="cond" truecount="1" falsecount="0"/>
        <line num="327" count="2" type="stmt"/>
        <line num="328" count="2" type="stmt"/>
        <line num="330" count="1" type="cond" truecount="1" falsecount="0"/>
        <line num="331" count="1" type="stmt"/>
        <line num="332" count="1" type="stmt"/>
        <line num="339" count="19" type="cond" truecount="1" falsecount="0"/>
        <line num="340" count="19" type="stmt"/>
        <line num="341" count="19" type="cond" truecount="2" falsecount="0"/>
        <line num="342" count="16" type="stmt"/>
        <line num="343" count="16" type="stmt"/>
        <line num="344" count="19" type="cond" truecount="1" falsecount="0"/>
        <line num="345" count="19" type="cond" truecount="0" falsecount="1"/>
        <line num="346" count="0" type="stmt"/>
        <line num="347" count="0" type="stmt"/>
        <line num="348" count="19" type="stmt"/>
        <line num="350" count="3" type="cond" truecount="1" falsecount="0"/>
        <line num="351" count="3" type="stmt"/>
        <line num="352" count="3" type="stmt"/>
        <line num="356" count="4" type="cond" truecount="1" falsecount="0"/>
        <line num="357" count="4" type="cond" truecount="2" falsecount="0"/>
        <line num="358" count="4" type="stmt"/>
        <line num="364" count="4" type="cond" truecount="1" falsecount="0"/>
        <line num="365" count="4" type="stmt"/>
        <line num="366" count="4" type="stmt"/>
        <line num="367" count="4" type="stmt"/>
        <line num="368" count="4" type="stmt"/>
        <line num="369" count="4" type="stmt"/>
        <line num="370" count="4" type="stmt"/>
        <line num="374" count="4" type="cond" truecount="1" falsecount="0"/>
        <line num="375" count="4" type="stmt"/>
        <line num="376" count="4" type="stmt"/>
        <line num="382" count="4" type="cond" truecount="1" falsecount="0"/>
        <line num="383" count="4" type="stmt"/>
        <line num="384" count="4" type="stmt"/>
        <line num="390" count="4" type="cond" truecount="1" falsecount="0"/>
        <line num="391" count="4" type="cond" truecount="1" falsecount="0"/>
        <line num="392" count="1" type="stmt"/>
        <line num="393" count="4" type="stmt"/>
        <line num="394" count="4" type="stmt"/>
        <line num="400" count="3" type="cond" truecount="1" falsecount="0"/>
        <line num="401" count="3" type="stmt"/>
        <line num="405" count="3" type="stmt"/>
        <line num="406" count="3" type="stmt"/>
        <line num="407" count="3" type="cond" truecount="1" falsecount="0"/>
        <line num="408" count="2" type="stmt"/>
        <line num="409" count="3" type="stmt"/>
        <line num="410" count="3" type="stmt"/>
        <line num="420" count="3" type="cond" truecount="1" falsecount="0"/>
        <line num="421" count="3" type="stmt"/>
        <line num="422" count="3" type="stmt"/>
        <line num="423" count="3" type="stmt"/>
        <line num="424" count="3" type="cond" truecount="1" falsecount="0"/>
        <line num="425" count="2" type="stmt"/>
        <line num="426" count="3" type="stmt"/>
        <line num="427" count="3" type="stmt"/>
        <line num="432" count="14" type="cond" truecount="1" falsecount="0"/>
        <line num="433" count="14" type="stmt"/>
        <line num="434" count="14" type="cond" truecount="2" falsecount="0"/>
        <line num="435" count="12" type="stmt"/>
        <line num="439" count="14" type="cond" truecount="2" falsecount="0"/>
        <line num="440" count="8" type="stmt"/>
        <line num="441" count="8" type="stmt"/>
        <line num="442" count="8" type="stmt"/>
        <line num="443" count="8" type="cond" truecount="1" falsecount="0"/>
        <line num="444" count="8" type="cond" truecount="1" falsecount="0"/>
        <line num="445" count="8" type="cond" truecount="1" falsecount="0"/>
        <line num="446" count="8" type="cond" truecount="1" falsecount="0"/>
        <line num="447" count="14" type="stmt"/>
        <line num="448" count="14" type="stmt"/>
        <line num="453" count="4" type="cond" truecount="1" falsecount="0"/>
        <line num="454" count="4" type="stmt"/>
        <line num="455" count="4" type="stmt"/>
        <line num="460" count="2" type="cond" truecount="1" falsecount="0"/>
        <line num="461" count="2" type="stmt"/>
        <line num="462" count="2" type="stmt"/>
        <line num="468" count="6" type="cond" truecount="1" falsecount="0"/>
        <line num="469" count="6" type="stmt"/>
        <line num="470" count="6" type="stmt"/>
        <line num="471" count="6" type="cond" truecount="1" falsecount="0"/>
        <line num="472" count="2" type="stmt"/>
        <line num="473" count="6" type="stmt"/>
        <line num="474" count="6" type="stmt"/>
        <line num="479" count="6" type="cond" truecount="1" falsecount="0"/>
        <line num="480" count="6" type="stmt"/>
        <line num="481" count="6" type="stmt"/>
        <line num="482" count="6" type="stmt"/>
        <line num="483" count="6" type="cond" truecount="1" falsecount="0"/>
        <line num="484" count="2" type="stmt"/>
        <line num="485" count="6" type="stmt"/>
        <line num="486" count="6" type="stmt"/>
        <line num="491" count="4" type="cond" truecount="1" falsecount="0"/>
        <line num="492" count="4" type="stmt"/>
        <line num="493" count="4" type="stmt"/>
        <line num="499" count="4" type="cond" truecount="1" falsecount="0"/>
        <line num="500" count="4" type="stmt"/>
        <line num="501" count="4" type="stmt"/>
        <line num="508" count="6" type="cond" truecount="1" falsecount="0"/>
        <line num="509" count="6" type="stmt"/>
        <line num="510" count="6" type="stmt"/>
        <line num="511" count="6" type="stmt"/>
        <line num="512" count="6" type="cond" truecount="1" falsecount="0"/>
        <line num="513" count="4" type="stmt"/>
        <line num="514" count="6" type="stmt"/>
        <line num="515" count="6" type="stmt"/>
        <line num="520" count="5" type="cond" truecount="1" falsecount="0"/>
        <line num="521" count="5" type="stmt"/>
        <line num="522" count="5" type="stmt"/>
        <line num="528" count="2" type="cond" truecount="1" falsecount="0"/>
        <line num="529" count="2" type="stmt"/>
        <line num="530" count="2" type="cond" truecount="1" falsecount="0"/>
        <line num="531" count="1" type="stmt"/>
        <line num="532" count="2" type="cond" truecount="0" falsecount="1"/>
        <line num="533" count="2" type="stmt"/>
        <line num="539" count="3" type="cond" truecount="1" falsecount="0"/>
        <line num="540" count="3" type="stmt"/>
        <line num="541" count="3" type="stmt"/>
        <line num="542" count="3" type="stmt"/>
        <line num="543" count="3" type="stmt"/>
        <line num="544" count="3" type="stmt"/>
        <line num="545" count="3" type="stmt"/>
        <line num="546" count="3" type="cond" truecount="2" falsecount="0"/>
        <line num="547" count="3" type="cond" truecount="1" falsecount="0"/>
        <line num="548" count="3" type="stmt"/>
        <line num="549" count="3" type="stmt"/>
        <line num="554" count="2" type="cond" truecount="1" falsecount="0"/>
        <line num="555" count="2" type="stmt"/>
        <line num="556" count="2" type="stmt"/>
        <line num="557" count="2" type="cond" truecount="1" falsecount="0"/>
        <line num="558" count="1" type="stmt"/>
        <line num="559" count="2" type="stmt"/>
        <line num="560" count="2" type="stmt"/>
        <line num="565" count="1" type="cond" truecount="1" falsecount="0"/>
        <line num="566" count="1" type="stmt"/>
        <line num="567" count="1" type="stmt"/>
        <line num="568" count="1" type="stmt"/>
        <line num="569" count="1" type="cond" truecount="1" falsecount="0"/>
        <line num="570" count="1" type="stmt"/>
        <line num="571" count="1" type="stmt"/>
        <line num="572" count="1" type="stmt"/>
        <line num="577" count="1" type="cond" truecount="1" falsecount="0"/>
        <line num="578" count="1" type="stmt"/>
        <line num="579" count="1" type="stmt"/>
        <line num="584" count="1" type="cond" truecount="1" falsecount="0"/>
        <line num="585" count="1" type="stmt"/>
        <line num="586" count="1" type="stmt"/>
        <line num="592" count="1" type="cond" truecount="1" falsecount="0"/>
        <line num="593" count="1" type="stmt"/>
        <line num="594" count="1" type="stmt"/>
        <line num="602" count="3" type="cond" truecount="1" falsecount="0"/>
        <line num="603" count="3" type="stmt"/>
        <line num="604" count="3" type="stmt"/>
        <line num="615" count="3" type="cond" truecount="1" falsecount="0"/>
        <line num="616" count="3" type="stmt"/>
        <line num="617" count="3" type="stmt"/>
        <line num="618" count="3" type="cond" truecount="2" falsecount="0"/>
        <line num="619" count="2" type="stmt"/>
        <line num="620" count="2" type="stmt"/>
        <line num="621" count="2" type="stmt"/>
        <line num="622" count="2" type="cond" truecount="0" falsecount="1"/>
        <line num="624" count="0" type="stmt"/>
        <line num="625" count="2" type="stmt"/>
        <line num="626" count="3" type="cond" truecount="2" falsecount="0"/>
        <line num="627" count="3" type="stmt"/>
        <line num="633" count="6" type="cond" truecount="1" falsecount="0"/>
        <line num="634" count="6" type="stmt"/>
        <line num="635" count="6" type="stmt"/>
      </file>
      <file name="main.tsx" path="/Users/calebdunn/Documents/projects/homepad/homepad/src/main.tsx">
        <metrics statements="11" coveredstatements="0" conditionals="1" coveredconditionals="0" methods="1" coveredmethods="0"/>
        <line num="1" count="0" type="cond" truecount="0" falsecount="1"/>
        <line num="2" count="0" type="stmt"/>
        <line num="3" count="0" type="stmt"/>
        <line num="4" count="0" type="stmt"/>
        <line num="5" count="0" type="stmt"/>
        <line num="9" count="0" type="stmt"/>
        <line num="11" count="0" type="stmt"/>
        <line num="12" count="0" type="stmt"/>
        <line num="13" count="0" type="stmt"/>
        <line num="14" count="0" type="stmt"/>
        <line num="15" count="0" type="stmt"/>
      </file>
      <file name="services.tsx" path="/Users/calebdunn/Documents/projects/homepad/homepad/src/services.tsx">
        <metrics statements="119" coveredstatements="117" conditionals="49" coveredconditionals="43" methods="8" coveredmethods="7"/>
        <line num="1" count="1" type="stmt"/>
        <line num="17" count="1" type="stmt"/>
        <line num="40" count="1" type="stmt"/>
        <line num="67" count="1" type="stmt"/>
        <line num="83" count="1" type="cond" truecount="1" falsecount="0"/>
        <line num="84" count="16" type="stmt"/>
        <line num="85" count="16" type="stmt"/>
        <line num="86" count="16" type="stmt"/>
        <line num="87" count="16" type="cond" truecount="1" falsecount="0"/>
        <line num="88" count="16" type="stmt"/>
        <line num="89" count="16" type="stmt"/>
        <line num="90" count="16" type="stmt"/>
        <line num="91" count="16" type="cond" truecount="1" falsecount="0"/>
        <line num="92" count="24" type="stmt"/>
        <line num="93" count="24" type="cond" truecount="0" falsecount="1"/>
        <line num="94" count="24" type="cond" truecount="3" falsecount="0"/>
        <line num="95" count="10" type="stmt"/>
        <line num="96" count="10" type="stmt"/>
        <line num="98" count="10" type="stmt"/>
        <line num="100" count="10" type="cond" truecount="2" falsecount="0"/>
        <line num="101" count="6" type="stmt"/>
        <line num="102" count="6" type="stmt"/>
        <line num="103" count="10" type="stmt"/>
        <line num="104" count="10" type="stmt"/>
        <line num="105" count="16" type="stmt"/>
        <line num="106" count="16" type="cond" truecount="2" falsecount="0"/>
        <line num="107" count="16" type="stmt"/>
        <line num="109" count="14" type="cond" truecount="1" falsecount="0"/>
        <line num="110" count="14" type="cond" truecount="0" falsecount="1"/>
        <line num="111" count="14" type="cond" truecount="0" falsecount="2"/>
        <line num="112" count="0" type="stmt"/>
        <line num="113" count="0" type="stmt"/>
        <line num="115" count="1" type="cond" truecount="1" falsecount="0"/>
        <line num="116" count="87" type="stmt"/>
        <line num="117" count="87" type="stmt"/>
        <line num="119" count="87" type="stmt"/>
        <line num="123" count="87" type="stmt"/>
        <line num="126" count="87" type="stmt"/>
        <line num="127" count="87" type="stmt"/>
        <line num="131" count="87" type="stmt"/>
        <line num="132" count="87" type="stmt"/>
        <line num="133" count="87" type="stmt"/>
        <line num="137" count="87" type="stmt"/>
        <line num="140" count="87" type="stmt"/>
        <line num="142" count="87" type="cond" truecount="1" falsecount="0"/>
        <line num="143" count="40" type="stmt"/>
        <line num="145" count="40" type="cond" truecount="1" falsecount="0"/>
        <line num="146" count="55" type="cond" truecount="2" falsecount="0"/>
        <line num="148" count="55" type="cond" truecount="3" falsecount="0"/>
        <line num="149" count="50" type="stmt"/>
        <line num="150" count="50" type="cond" truecount="1" falsecount="1"/>
        <line num="151" count="55" type="cond" truecount="1" falsecount="0"/>
        <line num="152" count="1" type="stmt"/>
        <line num="153" count="1" type="stmt"/>
        <line num="154" count="1" type="cond" truecount="1" falsecount="0"/>
        <line num="158" count="55" type="cond" truecount="3" falsecount="0"/>
        <line num="159" count="48" type="stmt"/>
        <line num="162" count="55" type="cond" truecount="2" falsecount="0"/>
        <line num="163" count="40" type="stmt"/>
        <line num="164" count="40" type="stmt"/>
        <line num="165" count="40" type="stmt"/>
        <line num="166" count="40" type="cond" truecount="2" falsecount="0"/>
        <line num="167" count="8" type="stmt"/>
        <line num="168" count="8" type="stmt"/>
        <line num="169" count="8" type="stmt"/>
        <line num="170" count="8" type="stmt"/>
        <line num="171" count="27" type="cond" truecount="2" falsecount="0"/>
        <line num="175" count="27" type="cond" truecount="1" falsecount="0"/>
        <line num="176" count="3" type="stmt"/>
        <line num="177" count="3" type="cond" truecount="1" falsecount="0"/>
        <line num="178" count="3" type="cond" truecount="0" falsecount="1"/>
        <line num="179" count="3" type="stmt"/>
        <line num="180" count="3" type="stmt"/>
        <line num="181" count="3" type="stmt"/>
        <line num="182" count="3" type="stmt"/>
        <line num="183" count="3" type="stmt"/>
        <line num="184" count="3" type="stmt"/>
        <line num="185" count="3" type="stmt"/>
        <line num="186" count="3" type="stmt"/>
        <line num="187" count="3" type="stmt"/>
        <line num="188" count="3" type="stmt"/>
        <line num="189" count="55" type="stmt"/>
        <line num="191" count="40" type="stmt"/>
        <line num="192" count="40" type="stmt"/>
        <line num="193" count="40" type="cond" truecount="1" falsecount="0"/>
        <line num="197" count="40" type="cond" truecount="1" falsecount="0"/>
        <line num="198" count="2" type="cond" truecount="1" falsecount="0"/>
        <line num="199" count="2" type="stmt"/>
        <line num="200" count="40" type="stmt"/>
        <line num="202" count="40" type="cond" truecount="1" falsecount="0"/>
        <line num="203" count="40" type="stmt"/>
        <line num="204" count="40" type="stmt"/>
        <line num="205" count="40" type="stmt"/>
        <line num="206" count="40" type="stmt"/>
        <line num="207" count="87" type="stmt"/>
        <line num="209" count="87" type="cond" truecount="1" falsecount="0"/>
        <line num="210" count="5" type="stmt"/>
        <line num="211" count="5" type="cond" truecount="2" falsecount="0"/>
        <line num="215" count="5" type="cond" truecount="2" falsecount="0"/>
        <line num="216" count="2" type="stmt"/>
        <line num="217" count="2" type="stmt"/>
        <line num="218" count="2" type="stmt"/>
        <line num="219" count="5" type="stmt"/>
        <line num="221" count="87" type="stmt"/>
        <line num="222" count="87" type="stmt"/>
        <line num="223" count="87" type="stmt"/>
        <line num="224" count="87" type="stmt"/>
        <line num="225" count="87" type="stmt"/>
        <line num="226" count="87" type="stmt"/>
        <line num="227" count="87" type="stmt"/>
        <line num="229" count="87" type="stmt"/>
        <line num="230" count="87" type="stmt"/>
        <line num="231" count="87" type="stmt"/>
        <line num="233" count="87" type="stmt"/>
        <line num="234" count="87" type="stmt"/>
        <line num="236" count="87" type="stmt"/>
        <line num="240" count="1" type="cond" truecount="1" falsecount="0"/>
        <line num="241" count="537" type="stmt"/>
        <line num="242" count="537" type="stmt"/>
      </file>
    </package>
    <package name="src.alerts">
      <metrics statements="169" coveredstatements="169" conditionals="50" coveredconditionals="45" methods="11" coveredmethods="11"/>
      <file name="AlertHistoryPanel.tsx" path="/Users/calebdunn/Documents/projects/homepad/homepad/src/alerts/AlertHistoryPanel.tsx">
        <metrics statements="92" coveredstatements="92" conditionals="15" coveredconditionals="12" methods="4" coveredmethods="4"/>
        <line num="1" count="1" type="stmt"/>
        <line num="15" count="11" type="cond" truecount="1" falsecount="0"/>
        <line num="16" count="11" type="stmt"/>
        <line num="17" count="11" type="cond" truecount="0" falsecount="1"/>
        <line num="18" count="11" type="stmt"/>
        <line num="19" count="11" type="cond" truecount="0" falsecount="1"/>
        <line num="20" count="11" type="stmt"/>
        <line num="21" count="11" type="cond" truecount="0" falsecount="1"/>
        <line num="22" count="11" type="stmt"/>
        <line num="23" count="11" type="stmt"/>
        <line num="25" count="22" type="cond" truecount="1" falsecount="0"/>
        <line num="26" count="22" type="stmt"/>
        <line num="27" count="22" type="stmt"/>
        <line num="28" count="22" type="stmt"/>
        <line num="29" count="22" type="stmt"/>
        <line num="30" count="22" type="stmt"/>
        <line num="31" count="22" type="stmt"/>
        <line num="32" count="22" type="stmt"/>
        <line num="34" count="22" type="stmt"/>
        <line num="36" count="11" type="cond" truecount="1" falsecount="0"/>
        <line num="37" count="11" type="stmt"/>
        <line num="38" count="11" type="stmt"/>
        <line num="39" count="11" type="stmt"/>
        <line num="40" count="11" type="stmt"/>
        <line num="41" count="11" type="stmt"/>
        <line num="42" count="11" type="stmt"/>
        <line num="43" count="11" type="stmt"/>
        <line num="44" count="11" type="stmt"/>
        <line num="45" count="11" type="stmt"/>
        <line num="46" count="11" type="stmt"/>
        <line num="47" count="11" type="stmt"/>
        <line num="49" count="11" type="stmt"/>
        <line num="50" count="11" type="stmt"/>
        <line num="51" count="11" type="stmt"/>
        <line num="52" count="11" type="stmt"/>
        <line num="53" count="11" type="stmt"/>
        <line num="54" count="11" type="stmt"/>
        <line num="55" count="11" type="stmt"/>
        <line num="56" count="11" type="stmt"/>
        <line num="57" count="11" type="stmt"/>
        <line num="58" count="11" type="stmt"/>
        <line num="59" count="11" type="stmt"/>
        <line num="60" count="11" type="stmt"/>
        <line num="61" count="11" type="stmt"/>
        <line num="62" count="11" type="stmt"/>
        <line num="63" count="11" type="stmt"/>
        <line num="65" count="11" type="stmt"/>
        <line num="66" count="11" type="stmt"/>
        <line num="67" count="11" type="stmt"/>
        <line num="69" count="11" type="stmt"/>
        <line num="71" count="80" type="cond" truecount="1" falsecount="0"/>
        <line num="72" count="80" type="stmt"/>
        <line num="73" count="80" type="stmt"/>
        <line num="74" count="80" type="stmt"/>
        <line num="75" count="80" type="stmt"/>
        <line num="79" count="80" type="stmt"/>
        <line num="80" count="80" type="stmt"/>
        <line num="84" count="80" type="cond" truecount="1" falsecount="0"/>
        <line num="85" count="43" type="cond" truecount="1" falsecount="0"/>
        <line num="86" count="80" type="stmt"/>
        <line num="88" count="80" type="cond" truecount="3" falsecount="0"/>
        <line num="90" count="12" type="stmt"/>
        <line num="91" count="12" type="stmt"/>
        <line num="92" count="12" type="stmt"/>
        <line num="93" count="12" type="stmt"/>
        <line num="94" count="12" type="stmt"/>
        <line num="95" count="12" type="stmt"/>
        <line num="96" count="12" type="stmt"/>
        <line num="97" count="12" type="stmt"/>
        <line num="98" count="12" type="stmt"/>
        <line num="100" count="12" type="stmt"/>
        <line num="101" count="12" type="stmt"/>
        <line num="102" count="12" type="stmt"/>
        <line num="103" count="12" type="stmt"/>
        <line num="104" count="12" type="stmt"/>
        <line num="105" count="12" type="stmt"/>
        <line num="106" count="12" type="stmt"/>
        <line num="107" count="12" type="stmt"/>
        <line num="108" count="12" type="stmt"/>
        <line num="110" count="12" type="stmt"/>
        <line num="111" count="12" type="stmt"/>
        <line num="113" count="12" type="cond" truecount="1" falsecount="0"/>
        <line num="114" count="4" type="stmt"/>
        <line num="116" count="4" type="cond" truecount="1" falsecount="0"/>
        <line num="118" count="8" type="stmt"/>
        <line num="119" count="8" type="cond" truecount="1" falsecount="0"/>
        <line num="120" count="11" type="stmt"/>
        <line num="121" count="8" type="stmt"/>
        <line num="122" count="8" type="stmt"/>
        <line num="124" count="80" type="stmt"/>
        <line num="125" count="80" type="stmt"/>
        <line num="127" count="80" type="stmt"/>
      </file>
      <file name="Toasts.tsx" path="/Users/calebdunn/Documents/projects/homepad/homepad/src/alerts/Toasts.tsx">
        <metrics statements="48" coveredstatements="48" conditionals="27" coveredconditionals="26" methods="4" coveredmethods="4"/>
        <line num="1" count="1" type="stmt"/>
        <line num="14" count="77" type="cond" truecount="1" falsecount="0"/>
        <line num="15" count="77" type="stmt"/>
        <line num="16" count="77" type="stmt"/>
        <line num="17" count="77" type="stmt"/>
        <line num="19" count="77" type="stmt"/>
        <line num="23" count="77" type="cond" truecount="1" falsecount="0"/>
        <line num="24" count="38" type="cond" truecount="3" falsecount="0"/>
        <line num="25" count="8" type="cond" truecount="2" falsecount="0"/>
        <line num="26" count="7" type="stmt"/>
        <line num="27" count="7" type="cond" truecount="1" falsecount="0"/>
        <line num="28" count="12" type="stmt"/>
        <line num="29" count="12" type="cond" truecount="0" falsecount="1"/>
        <line num="30" count="12" type="stmt"/>
        <line num="31" count="12" type="stmt"/>
        <line num="32" count="7" type="stmt"/>
        <line num="33" count="7" type="cond" truecount="1" falsecount="0"/>
        <line num="36" count="38" type="stmt"/>
        <line num="37" count="77" type="stmt"/>
        <line num="39" count="77" type="cond" truecount="1" falsecount="0"/>
        <line num="40" count="1" type="cond" truecount="2" falsecount="0"/>
        <line num="41" count="1" type="stmt"/>
        <line num="44" count="77" type="stmt"/>
        <line num="45" count="77" type="cond" truecount="2" falsecount="0"/>
        <line num="47" count="7" type="stmt"/>
        <line num="49" count="7" type="stmt"/>
        <line num="50" count="7" type="cond" truecount="1" falsecount="0"/>
        <line num="51" count="11" type="cond" truecount="1" falsecount="0"/>
        <line num="52" count="7" type="stmt"/>
        <line num="53" count="7" type="stmt"/>
        <line num="55" count="7" type="stmt"/>
        <line num="57" count="11" type="cond" truecount="1" falsecount="0"/>
        <line num="58" count="11" type="stmt"/>
        <line num="59" count="11" type="cond" truecount="1" falsecount="0"/>
        <line num="60" count="11" type="cond" truecount="2" falsecount="0"/>
        <line num="63" count="11" type="cond" truecount="1" falsecount="0"/>
        <line num="64" count="11" type="stmt"/>
        <line num="65" count="11" type="cond" truecount="1" falsecount="0"/>
        <line num="68" count="11" type="stmt"/>
        <line num="74" count="11" type="cond" truecount="2" falsecount="0"/>
        <line num="75" count="11" type="stmt"/>
        <line num="76" count="11" type="stmt"/>
        <line num="77" count="11" type="stmt"/>
        <line num="78" count="11" type="cond" truecount="2" falsecount="0"/>
        <line num="79" count="11" type="stmt"/>
        <line num="81" count="11" type="stmt"/>
        <line num="82" count="11" type="stmt"/>
        <line num="84" count="11" type="stmt"/>
      </file>
      <file name="alerts.tsx" path="/Users/calebdunn/Documents/projects/homepad/homepad/src/alerts/alerts.tsx">
        <metrics statements="29" coveredstatements="29" conditionals="8" coveredconditionals="7" methods="3" coveredmethods="3"/>
        <line num="1" count="1" type="stmt"/>
        <line num="26" count="1" type="stmt"/>
        <line num="35" count="1" type="stmt"/>
        <line num="40" count="1" type="stmt"/>
        <line num="41" count="1" type="stmt"/>
        <line num="42" count="1" type="stmt"/>
        <line num="43" count="1" type="stmt"/>
        <line num="44" count="1" type="stmt"/>
        <line num="45" count="1" type="stmt"/>
        <line num="46" count="1" type="stmt"/>
        <line num="48" count="1" type="cond" truecount="1" falsecount="0"/>
        <line num="49" count="22" type="cond" truecount="0" falsecount="1"/>
        <line num="50" count="22" type="stmt"/>
        <line num="52" count="1" type="cond" truecount="1" falsecount="0"/>
        <line num="53" count="47" type="stmt"/>
        <line num="54" count="47" type="stmt"/>
        <line num="58" count="47" type="cond" truecount="1" falsecount="0"/>
        <line num="59" count="63" type="cond" truecount="1" falsecount="0"/>
        <line num="60" count="63" type="cond" truecount="1" falsecount="0"/>
        <line num="61" count="47" type="stmt"/>
        <line num="64" count="47" type="cond" truecount="1" falsecount="0"/>
        <line num="66" count="47" type="stmt"/>
        <line num="67" count="47" type="stmt"/>
        <line num="68" count="47" type="stmt"/>
        <line num="69" count="47" type="stmt"/>
        <line num="71" count="47" type="stmt"/>
        <line num="73" count="1" type="cond" truecount="1" falsecount="0"/>
        <line num="74" count="167" type="stmt"/>
        <line num="75" count="167" type="stmt"/>
      </file>
    </package>
    <package name="src.app">
      <metrics statements="1336" coveredstatements="1280" conditionals="428" coveredconditionals="397" methods="97" coveredmethods="79"/>
      <file name="App.tsx" path="/Users/calebdunn/Documents/projects/homepad/homepad/src/app/App.tsx">
        <metrics statements="317" coveredstatements="269" conditionals="65" coveredconditionals="57" methods="28" coveredmethods="14"/>
        <line num="1" count="1" type="stmt"/>
        <line num="39" count="1" type="stmt"/>
        <line num="40" count="1" type="stmt"/>
        <line num="41" count="1" type="cond" truecount="1" falsecount="0"/>
        <line num="43" count="92" type="cond" truecount="1" falsecount="0"/>
        <line num="44" count="92" type="stmt"/>
        <line num="45" count="92" type="stmt"/>
        <line num="47" count="92" type="cond" truecount="1" falsecount="0"/>
        <line num="48" count="43" type="cond" truecount="1" falsecount="0"/>
        <line num="49" count="43" type="stmt"/>
        <line num="50" count="43" type="stmt"/>
        <line num="51" count="43" type="stmt"/>
        <line num="52" count="92" type="stmt"/>
        <line num="57" count="92" type="stmt"/>
        <line num="58" count="92" type="cond" truecount="1" falsecount="0"/>
        <line num="59" count="92" type="cond" truecount="1" falsecount="0"/>
        <line num="62" count="43" type="stmt"/>
        <line num="63" count="43" type="stmt"/>
        <line num="64" count="43" type="stmt"/>
        <line num="65" count="43" type="stmt"/>
        <line num="67" count="43" type="stmt"/>
        <line num="68" count="43" type="stmt"/>
        <line num="70" count="43" type="stmt"/>
        <line num="71" count="43" type="cond" truecount="1" falsecount="0"/>
        <line num="72" count="48" type="cond" truecount="1" falsecount="0"/>
        <line num="77" count="28" type="stmt"/>
        <line num="78" count="28" type="stmt"/>
        <line num="79" count="28" type="stmt"/>
        <line num="80" count="28" type="cond" truecount="1" falsecount="0"/>
        <line num="81" count="28" type="stmt"/>
        <line num="82" count="28" type="stmt"/>
        <line num="83" count="28" type="cond" truecount="1" falsecount="0"/>
        <line num="85" count="20" type="stmt"/>
        <line num="90" count="92" type="stmt"/>
        <line num="91" count="92" type="stmt"/>
        <line num="93" count="92" type="stmt"/>
        <line num="95" count="60" type="cond" truecount="1" falsecount="0"/>
        <line num="100" count="60" type="stmt"/>
        <line num="106" count="60" type="stmt"/>
        <line num="111" count="60" type="stmt"/>
        <line num="116" count="60" type="stmt"/>
        <line num="120" count="60" type="stmt"/>
        <line num="121" count="60" type="stmt"/>
        <line num="126" count="60" type="stmt"/>
        <line num="129" count="60" type="stmt"/>
        <line num="132" count="60" type="stmt"/>
        <line num="134" count="60" type="stmt"/>
        <line num="137" count="60" type="stmt"/>
        <line num="138" count="60" type="stmt"/>
        <line num="139" count="60" type="stmt"/>
        <line num="140" count="60" type="stmt"/>
        <line num="141" count="60" type="stmt"/>
        <line num="145" count="60" type="stmt"/>
        <line num="147" count="60" type="cond" truecount="1" falsecount="0"/>
        <line num="148" count="28" type="stmt"/>
        <line num="149" count="28" type="stmt"/>
        <line num="150" count="60" type="stmt"/>
        <line num="155" count="60" type="stmt"/>
        <line num="156" count="0" type="stmt"/>
        <line num="157" count="0" type="stmt"/>
        <line num="158" count="0" type="stmt"/>
        <line num="165" count="60" type="stmt"/>
        <line num="166" count="0" type="stmt"/>
        <line num="167" count="0" type="stmt"/>
        <line num="168" count="60" type="stmt"/>
        <line num="169" count="0" type="stmt"/>
        <line num="170" count="0" type="stmt"/>
        <line num="171" count="0" type="stmt"/>
        <line num="172" count="0" type="stmt"/>
        <line num="173" count="0" type="stmt"/>
        <line num="174" count="0" type="stmt"/>
        <line num="175" count="0" type="stmt"/>
        <line num="176" count="0" type="stmt"/>
        <line num="178" count="0" type="stmt"/>
        <line num="179" count="0" type="stmt"/>
        <line num="180" count="0" type="stmt"/>
        <line num="183" count="60" type="cond" truecount="1" falsecount="0"/>
        <line num="184" count="28" type="cond" truecount="0" falsecount="1"/>
        <line num="185" count="60" type="stmt"/>
        <line num="187" count="60" type="cond" truecount="1" falsecount="0"/>
        <line num="188" count="2" type="stmt"/>
        <line num="189" count="2" type="stmt"/>
        <line num="190" count="2" type="stmt"/>
        <line num="194" count="60" type="stmt"/>
        <line num="195" count="0" type="stmt"/>
        <line num="196" count="0" type="stmt"/>
        <line num="197" count="0" type="stmt"/>
        <line num="198" count="0" type="stmt"/>
        <line num="199" count="0" type="stmt"/>
        <line num="200" count="0" type="stmt"/>
        <line num="201" count="0" type="stmt"/>
        <line num="202" count="0" type="stmt"/>
        <line num="204" count="60" type="stmt"/>
        <line num="205" count="0" type="stmt"/>
        <line num="206" count="0" type="stmt"/>
        <line num="207" count="0" type="stmt"/>
        <line num="213" count="60" type="stmt"/>
        <line num="214" count="60" type="stmt"/>
        <line num="215" count="60" type="stmt"/>
        <line num="216" count="60" type="stmt"/>
        <line num="217" count="60" type="stmt"/>
        <line num="218" count="60" type="stmt"/>
        <line num="219" count="60" type="cond" truecount="2" falsecount="0"/>
        <line num="220" count="60" type="stmt"/>
        <line num="221" count="60" type="stmt"/>
        <line num="222" count="60" type="cond" truecount="1" falsecount="0"/>
        <line num="223" count="2" type="stmt"/>
        <line num="224" count="2" type="stmt"/>
        <line num="225" count="2" type="stmt"/>
        <line num="226" count="60" type="stmt"/>
        <line num="227" count="0" type="stmt"/>
        <line num="228" count="0" type="stmt"/>
        <line num="229" count="0" type="stmt"/>
        <line num="230" count="60" type="stmt"/>
        <line num="231" count="60" type="stmt"/>
        <line num="232" count="60" type="cond" truecount="1" falsecount="1"/>
        <line num="233" count="60" type="stmt"/>
        <line num="234" count="60" type="stmt"/>
        <line num="235" count="60" type="stmt"/>
        <line num="237" count="60" type="stmt"/>
        <line num="239" count="60" type="stmt"/>
        <line num="246" count="60" type="cond" truecount="2" falsecount="0"/>
        <line num="247" count="1" type="stmt"/>
        <line num="248" count="1" type="stmt"/>
        <line num="250" count="1" type="stmt"/>
        <line num="251" count="1" type="stmt"/>
        <line num="252" count="1" type="stmt"/>
        <line num="253" count="1" type="stmt"/>
        <line num="254" count="1" type="stmt"/>
        <line num="255" count="1" type="stmt"/>
        <line num="256" count="1" type="stmt"/>
        <line num="258" count="1" type="stmt"/>
        <line num="259" count="1" type="stmt"/>
        <line num="264" count="60" type="stmt"/>
        <line num="265" count="60" type="stmt"/>
        <line num="266" count="60" type="stmt"/>
        <line num="267" count="60" type="stmt"/>
        <line num="268" count="60" type="stmt"/>
        <line num="269" count="60" type="stmt"/>
        <line num="276" count="60" type="cond" truecount="0" falsecount="1"/>
        <line num="277" count="0" type="stmt"/>
        <line num="278" count="0" type="stmt"/>
        <line num="279" count="0" type="stmt"/>
        <line num="280" count="0" type="stmt"/>
        <line num="281" count="0" type="stmt"/>
        <line num="282" count="0" type="stmt"/>
        <line num="283" count="0" type="stmt"/>
        <line num="284" count="0" type="stmt"/>
        <line num="285" count="0" type="stmt"/>
        <line num="286" count="0" type="stmt"/>
        <line num="287" count="0" type="stmt"/>
        <line num="289" count="60" type="cond" truecount="0" falsecount="1"/>
        <line num="290" count="0" type="stmt"/>
        <line num="291" count="0" type="stmt"/>
        <line num="292" count="0" type="stmt"/>
        <line num="293" count="0" type="stmt"/>
        <line num="294" count="0" type="stmt"/>
        <line num="295" count="0" type="stmt"/>
        <line num="296" count="0" type="stmt"/>
        <line num="301" count="60" type="cond" truecount="2" falsecount="0"/>
        <line num="304" count="60" type="stmt"/>
        <line num="307" count="60" type="cond" truecount="1" falsecount="1"/>
        <line num="309" count="60" type="cond" truecount="1" falsecount="0"/>
        <line num="310" count="2" type="stmt"/>
        <line num="311" count="2" type="stmt"/>
        <line num="312" count="2" type="stmt"/>
        <line num="313" count="2" type="stmt"/>
        <line num="314" count="2" type="stmt"/>
        <line num="315" count="2" type="stmt"/>
        <line num="316" count="2" type="stmt"/>
        <line num="317" count="2" type="stmt"/>
        <line num="318" count="2" type="stmt"/>
        <line num="319" count="2" type="cond" truecount="1" falsecount="0"/>
        <line num="320" count="2" type="stmt"/>
        <line num="321" count="2" type="stmt"/>
        <line num="323" count="60" type="stmt"/>
        <line num="328" count="60" type="stmt"/>
        <line num="329" count="60" type="stmt"/>
        <line num="330" count="60" type="stmt"/>
        <line num="332" count="60" type="stmt"/>
        <line num="333" count="60" type="stmt"/>
        <line num="334" count="60" type="stmt"/>
        <line num="335" count="60" type="stmt"/>
        <line num="336" count="60" type="cond" truecount="1" falsecount="0"/>
        <line num="339" count="60" type="stmt"/>
        <line num="340" count="60" type="stmt"/>
        <line num="341" count="60" type="stmt"/>
        <line num="342" count="60" type="stmt"/>
        <line num="343" count="60" type="stmt"/>
        <line num="344" count="60" type="stmt"/>
        <line num="345" count="60" type="stmt"/>
        <line num="347" count="60" type="stmt"/>
        <line num="353" count="1" type="stmt"/>
        <line num="355" count="165" type="cond" truecount="1" falsecount="0"/>
        <line num="356" count="165" type="stmt"/>
        <line num="357" count="165" type="stmt"/>
        <line num="358" count="165" type="stmt"/>
        <line num="359" count="165" type="stmt"/>
        <line num="360" count="165" type="stmt"/>
        <line num="361" count="165" type="stmt"/>
        <line num="362" count="165" type="stmt"/>
        <line num="363" count="165" type="stmt"/>
        <line num="365" count="165" type="cond" truecount="1" falsecount="0"/>
        <line num="366" count="20" type="cond" truecount="1" falsecount="0"/>
        <line num="368" count="20" type="cond" truecount="1" falsecount="0"/>
        <line num="369" count="20" type="cond" truecount="1" falsecount="0"/>
        <line num="370" count="20" type="stmt"/>
        <line num="371" count="165" type="stmt"/>
        <line num="373" count="165" type="cond" truecount="1" falsecount="0"/>
        <line num="374" count="6" type="stmt"/>
        <line num="375" count="6" type="stmt"/>
        <line num="376" count="6" type="stmt"/>
        <line num="377" count="6" type="stmt"/>
        <line num="378" count="6" type="cond" truecount="1" falsecount="0"/>
        <line num="379" count="2" type="stmt"/>
        <line num="380" count="2" type="cond" truecount="1" falsecount="0"/>
        <line num="381" count="1" type="cond" truecount="0" falsecount="1"/>
        <line num="382" count="1" type="stmt"/>
        <line num="383" count="1" type="stmt"/>
        <line num="384" count="2" type="cond" truecount="1" falsecount="0"/>
        <line num="385" count="5" type="stmt"/>
        <line num="386" count="6" type="cond" truecount="2" falsecount="0"/>
        <line num="387" count="3" type="stmt"/>
        <line num="388" count="6" type="cond" truecount="1" falsecount="0"/>
        <line num="389" count="2" type="cond" truecount="0" falsecount="1"/>
        <line num="390" count="2" type="stmt"/>
        <line num="391" count="6" type="stmt"/>
        <line num="392" count="6" type="stmt"/>
        <line num="393" count="6" type="stmt"/>
        <line num="394" count="6" type="stmt"/>
        <line num="396" count="165" type="cond" truecount="1" falsecount="0"/>
        <line num="397" count="2" type="stmt"/>
        <line num="398" count="2" type="stmt"/>
        <line num="399" count="2" type="cond" truecount="1" falsecount="0"/>
        <line num="400" count="1" type="stmt"/>
        <line num="401" count="1" type="stmt"/>
        <line num="402" count="2" type="stmt"/>
        <line num="405" count="2" type="stmt"/>
        <line num="406" count="2" type="stmt"/>
        <line num="408" count="165" type="stmt"/>
        <line num="409" count="165" type="stmt"/>
        <line num="410" count="165" type="stmt"/>
        <line num="411" count="165" type="stmt"/>
        <line num="412" count="165" type="stmt"/>
        <line num="413" count="165" type="stmt"/>
        <line num="414" count="165" type="stmt"/>
        <line num="415" count="165" type="stmt"/>
        <line num="416" count="165" type="cond" truecount="2" falsecount="0"/>
        <line num="417" count="165" type="stmt"/>
        <line num="419" count="165" type="stmt"/>
        <line num="421" count="165" type="stmt"/>
        <line num="422" count="165" type="stmt"/>
        <line num="423" count="165" type="stmt"/>
        <line num="424" count="165" type="stmt"/>
        <line num="425" count="165" type="stmt"/>
        <line num="426" count="165" type="stmt"/>
        <line num="427" count="165" type="cond" truecount="1" falsecount="0"/>
        <line num="428" count="165" type="stmt"/>
        <line num="429" count="165" type="stmt"/>
        <line num="430" count="165" type="stmt"/>
        <line num="432" count="165" type="stmt"/>
        <line num="434" count="165" type="stmt"/>
        <line num="435" count="165" type="stmt"/>
        <line num="436" count="165" type="stmt"/>
        <line num="437" count="165" type="cond" truecount="2" falsecount="0"/>
        <line num="438" count="165" type="stmt"/>
        <line num="439" count="165" type="stmt"/>
        <line num="440" count="165" type="cond" truecount="1" falsecount="0"/>
        <line num="441" count="165" type="stmt"/>
        <line num="442" count="165" type="stmt"/>
        <line num="443" count="165" type="stmt"/>
        <line num="445" count="165" type="cond" truecount="1" falsecount="0"/>
        <line num="447" count="165" type="stmt"/>
        <line num="448" count="165" type="stmt"/>
        <line num="449" count="165" type="stmt"/>
        <line num="450" count="165" type="stmt"/>
        <line num="452" count="165" type="cond" truecount="1" falsecount="0"/>
        <line num="453" count="6" type="stmt"/>
        <line num="454" count="6" type="stmt"/>
        <line num="456" count="6" type="cond" truecount="1" falsecount="0"/>
        <line num="457" count="158" type="cond" truecount="1" falsecount="0"/>
        <line num="458" count="111" type="cond" truecount="1" falsecount="0"/>
        <line num="460" count="47" type="stmt"/>
        <line num="462" count="165" type="stmt"/>
        <line num="464" count="165" type="stmt"/>
        <line num="465" count="165" type="stmt"/>
        <line num="466" count="165" type="cond" truecount="1" falsecount="0"/>
        <line num="467" count="2" type="cond" truecount="0" falsecount="1"/>
        <line num="468" count="2" type="stmt"/>
        <line num="469" count="2" type="stmt"/>
        <line num="470" count="165" type="stmt"/>
        <line num="472" count="165" type="cond" truecount="2" falsecount="0"/>
        <line num="473" count="165" type="stmt"/>
        <line num="475" count="165" type="cond" truecount="1" falsecount="0"/>
        <line num="476" count="8" type="stmt"/>
        <line num="477" count="8" type="stmt"/>
        <line num="478" count="8" type="stmt"/>
        <line num="480" count="8" type="stmt"/>
        <line num="481" count="8" type="stmt"/>
        <line num="482" count="8" type="stmt"/>
        <line num="483" count="8" type="stmt"/>
        <line num="484" count="8" type="stmt"/>
        <line num="485" count="8" type="stmt"/>
        <line num="486" count="8" type="stmt"/>
        <line num="488" count="8" type="cond" truecount="1" falsecount="0"/>
        <line num="489" count="2" type="stmt"/>
        <line num="490" count="2" type="stmt"/>
        <line num="492" count="2" type="cond" truecount="1" falsecount="0"/>
        <line num="494" count="6" type="stmt"/>
        <line num="496" count="8" type="stmt"/>
        <line num="497" count="8" type="stmt"/>
        <line num="499" count="165" type="stmt"/>
        <line num="503" count="165" type="stmt"/>
        <line num="504" count="165" type="stmt"/>
        <line num="505" count="165" type="stmt"/>
        <line num="506" count="165" type="stmt"/>
        <line num="508" count="165" type="stmt"/>
      </file>
      <file name="AppHeader.tsx" path="/Users/calebdunn/Documents/projects/homepad/homepad/src/app/AppHeader.tsx">
        <metrics statements="240" coveredstatements="240" conditionals="52" coveredconditionals="52" methods="20" coveredmethods="17"/>
        <line num="1" count="1" type="stmt"/>
        <line num="12" count="1" type="cond" truecount="1" falsecount="0"/>
        <line num="13" count="46" type="stmt"/>
        <line num="14" count="46" type="cond" truecount="3" falsecount="0"/>
        <line num="15" count="13" type="cond" truecount="2" falsecount="0"/>
        <line num="16" count="5" type="stmt"/>
        <line num="17" count="13" type="cond" truecount="2" falsecount="0"/>
        <line num="18" count="3" type="stmt"/>
        <line num="19" count="3" type="stmt"/>
        <line num="25" count="120" type="cond" truecount="1" falsecount="0"/>
        <line num="26" count="120" type="stmt"/>
        <line num="27" count="120" type="cond" truecount="2" falsecount="0"/>
        <line num="28" count="120" type="cond" truecount="1" falsecount="0"/>
        <line num="30" count="120" type="cond" truecount="1" falsecount="0"/>
        <line num="31" count="80" type="cond" truecount="3" falsecount="0"/>
        <line num="32" count="27" type="cond" truecount="1" falsecount="0"/>
        <line num="33" count="27" type="cond" truecount="1" falsecount="0"/>
        <line num="34" count="120" type="stmt"/>
        <line num="36" count="120" type="cond" truecount="3" falsecount="0"/>
        <line num="37" count="36" type="stmt"/>
        <line num="38" count="36" type="stmt"/>
        <line num="39" count="36" type="stmt"/>
        <line num="40" count="36" type="stmt"/>
        <line num="41" count="36" type="stmt"/>
        <line num="42" count="36" type="stmt"/>
        <line num="43" count="36" type="stmt"/>
        <line num="44" count="36" type="stmt"/>
        <line num="46" count="36" type="stmt"/>
        <line num="57" count="117" type="cond" truecount="1" falsecount="0"/>
        <line num="58" count="117" type="stmt"/>
        <line num="59" count="117" type="stmt"/>
        <line num="60" count="117" type="stmt"/>
        <line num="61" count="117" type="stmt"/>
        <line num="65" count="117" type="stmt"/>
        <line num="66" count="117" type="cond" truecount="2" falsecount="0"/>
        <line num="67" count="117" type="stmt"/>
        <line num="68" count="117" type="stmt"/>
        <line num="69" count="117" type="stmt"/>
        <line num="70" count="117" type="stmt"/>
        <line num="71" count="117" type="stmt"/>
        <line num="72" count="117" type="stmt"/>
        <line num="73" count="117" type="stmt"/>
        <line num="74" count="117" type="stmt"/>
        <line num="76" count="117" type="stmt"/>
        <line num="77" count="117" type="stmt"/>
        <line num="78" count="117" type="stmt"/>
        <line num="79" count="117" type="stmt"/>
        <line num="80" count="117" type="stmt"/>
        <line num="81" count="117" type="stmt"/>
        <line num="82" count="117" type="cond" truecount="1" falsecount="0"/>
        <line num="83" count="9" type="stmt"/>
        <line num="84" count="9" type="cond" truecount="2" falsecount="0"/>
        <line num="85" count="9" type="stmt"/>
        <line num="87" count="117" type="stmt"/>
        <line num="89" count="117" type="stmt"/>
        <line num="96" count="117" type="cond" truecount="1" falsecount="0"/>
        <line num="97" count="117" type="stmt"/>
        <line num="98" count="117" type="stmt"/>
        <line num="99" count="117" type="stmt"/>
        <line num="100" count="117" type="stmt"/>
        <line num="101" count="117" type="stmt"/>
        <line num="106" count="117" type="stmt"/>
        <line num="107" count="117" type="stmt"/>
        <line num="108" count="117" type="stmt"/>
        <line num="109" count="117" type="stmt"/>
        <line num="110" count="117" type="stmt"/>
        <line num="111" count="117" type="stmt"/>
        <line num="112" count="117" type="stmt"/>
        <line num="113" count="117" type="stmt"/>
        <line num="114" count="117" type="stmt"/>
        <line num="115" count="117" type="stmt"/>
        <line num="116" count="117" type="stmt"/>
        <line num="117" count="117" type="cond" truecount="1" falsecount="0"/>
        <line num="118" count="3" type="cond" truecount="1" falsecount="0"/>
        <line num="119" count="114" type="stmt"/>
        <line num="120" count="117" type="stmt"/>
        <line num="122" count="117" type="stmt"/>
        <line num="123" count="117" type="stmt"/>
        <line num="124" count="117" type="stmt"/>
        <line num="125" count="117" type="stmt"/>
        <line num="126" count="117" type="stmt"/>
        <line num="127" count="117" type="stmt"/>
        <line num="128" count="117" type="stmt"/>
        <line num="129" count="117" type="stmt"/>
        <line num="130" count="117" type="stmt"/>
        <line num="132" count="117" type="stmt"/>
        <line num="140" count="17" type="cond" truecount="1" falsecount="0"/>
        <line num="141" count="17" type="stmt"/>
        <line num="142" count="17" type="stmt"/>
        <line num="143" count="17" type="stmt"/>
        <line num="144" count="17" type="stmt"/>
        <line num="145" count="17" type="stmt"/>
        <line num="146" count="17" type="stmt"/>
        <line num="147" count="17" type="stmt"/>
        <line num="148" count="17" type="stmt"/>
        <line num="156" count="17" type="stmt"/>
        <line num="157" count="17" type="stmt"/>
        <line num="164" count="17" type="cond" truecount="1" falsecount="0"/>
        <line num="165" count="17" type="cond" truecount="1" falsecount="0"/>
        <line num="166" count="5" type="stmt"/>
        <line num="167" count="5" type="cond" truecount="2" falsecount="0"/>
        <line num="168" count="5" type="stmt"/>
        <line num="169" count="17" type="cond" truecount="1" falsecount="0"/>
        <line num="170" count="1" type="stmt"/>
        <line num="171" count="1" type="stmt"/>
        <line num="172" count="1" type="stmt"/>
        <line num="173" count="1" type="stmt"/>
        <line num="174" count="1" type="stmt"/>
        <line num="175" count="1" type="stmt"/>
        <line num="176" count="17" type="stmt"/>
        <line num="177" count="17" type="stmt"/>
        <line num="178" count="17" type="cond" truecount="1" falsecount="0"/>
        <line num="179" count="17" type="stmt"/>
        <line num="180" count="17" type="stmt"/>
        <line num="181" count="17" type="stmt"/>
        <line num="182" count="17" type="stmt"/>
        <line num="186" count="17" type="cond" truecount="1" falsecount="0"/>
        <line num="187" count="17" type="stmt"/>
        <line num="188" count="17" type="stmt"/>
        <line num="189" count="17" type="stmt"/>
        <line num="191" count="17" type="cond" truecount="1" falsecount="0"/>
        <line num="192" count="4" type="stmt"/>
        <line num="193" count="4" type="stmt"/>
        <line num="194" count="4" type="stmt"/>
        <line num="196" count="17" type="stmt"/>
        <line num="197" count="17" type="stmt"/>
        <line num="199" count="17" type="stmt"/>
        <line num="201" count="17" type="stmt"/>
        <line num="203" count="17" type="stmt"/>
        <line num="204" count="17" type="stmt"/>
        <line num="205" count="17" type="stmt"/>
        <line num="206" count="17" type="stmt"/>
        <line num="207" count="17" type="cond" truecount="1" falsecount="0"/>
        <line num="208" count="17" type="stmt"/>
        <line num="210" count="17" type="stmt"/>
        <line num="212" count="17" type="stmt"/>
        <line num="215" count="17" type="cond" truecount="1" falsecount="0"/>
        <line num="216" count="14" type="stmt"/>
        <line num="217" count="14" type="stmt"/>
        <line num="218" count="14" type="stmt"/>
        <line num="219" count="14" type="stmt"/>
        <line num="221" count="14" type="stmt"/>
        <line num="223" count="14" type="stmt"/>
        <line num="224" count="14" type="stmt"/>
        <line num="225" count="14" type="stmt"/>
        <line num="226" count="14" type="stmt"/>
        <line num="227" count="14" type="cond" truecount="1" falsecount="0"/>
        <line num="228" count="14" type="stmt"/>
        <line num="230" count="14" type="stmt"/>
        <line num="232" count="14" type="stmt"/>
        <line num="239" count="14" type="stmt"/>
        <line num="240" count="14" type="stmt"/>
        <line num="241" count="14" type="stmt"/>
        <line num="242" count="14" type="stmt"/>
        <line num="243" count="14" type="stmt"/>
        <line num="244" count="14" type="cond" truecount="1" falsecount="0"/>
        <line num="245" count="14" type="stmt"/>
        <line num="247" count="14" type="stmt"/>
        <line num="249" count="14" type="cond" truecount="1" falsecount="0"/>
        <line num="250" count="14" type="stmt"/>
        <line num="251" count="14" type="stmt"/>
        <line num="253" count="17" type="stmt"/>
        <line num="255" count="17" type="stmt"/>
        <line num="258" count="31" type="cond" truecount="1" falsecount="0"/>
        <line num="259" count="31" type="stmt"/>
        <line num="260" count="31" type="stmt"/>
        <line num="261" count="31" type="stmt"/>
        <line num="262" count="31" type="stmt"/>
        <line num="263" count="31" type="stmt"/>
        <line num="265" count="31" type="stmt"/>
        <line num="267" count="14" type="cond" truecount="1" falsecount="0"/>
        <line num="268" count="14" type="stmt"/>
        <line num="269" count="14" type="stmt"/>
        <line num="270" count="14" type="stmt"/>
        <line num="271" count="14" type="stmt"/>
        <line num="273" count="14" type="stmt"/>
        <line num="277" count="14" type="cond" truecount="1" falsecount="0"/>
        <line num="278" count="14" type="stmt"/>
        <line num="279" count="14" type="stmt"/>
        <line num="280" count="14" type="stmt"/>
        <line num="281" count="14" type="stmt"/>
        <line num="283" count="14" type="stmt"/>
        <line num="285" count="117" type="cond" truecount="1" falsecount="0"/>
        <line num="286" count="117" type="stmt"/>
        <line num="287" count="117" type="stmt"/>
        <line num="288" count="117" type="stmt"/>
        <line num="289" count="117" type="stmt"/>
        <line num="290" count="117" type="stmt"/>
        <line num="291" count="117" type="stmt"/>
        <line num="292" count="117" type="stmt"/>
        <line num="293" count="117" type="stmt"/>
        <line num="294" count="117" type="stmt"/>
        <line num="295" count="117" type="stmt"/>
        <line num="296" count="117" type="stmt"/>
        <line num="297" count="117" type="stmt"/>
        <line num="298" count="117" type="stmt"/>
        <line num="311" count="117" type="stmt"/>
        <line num="314" count="117" type="stmt"/>
        <line num="315" count="117" type="stmt"/>
        <line num="316" count="117" type="stmt"/>
        <line num="320" count="117" type="cond" truecount="1" falsecount="0"/>
        <line num="321" count="6" type="stmt"/>
        <line num="322" count="6" type="stmt"/>
        <line num="324" count="117" type="stmt"/>
        <line num="325" count="117" type="stmt"/>
        <line num="326" count="117" type="stmt"/>
        <line num="327" count="117" type="stmt"/>
        <line num="328" count="117" type="stmt"/>
        <line num="329" count="117" type="stmt"/>
        <line num="330" count="117" type="stmt"/>
        <line num="331" count="117" type="stmt"/>
        <line num="332" count="117" type="stmt"/>
        <line num="333" count="117" type="stmt"/>
        <line num="334" count="117" type="stmt"/>
        <line num="335" count="117" type="stmt"/>
        <line num="336" count="117" type="cond" truecount="2" falsecount="0"/>
        <line num="337" count="117" type="stmt"/>
        <line num="338" count="117" type="cond" truecount="1" falsecount="0"/>
        <line num="339" count="17" type="stmt"/>
        <line num="340" count="17" type="stmt"/>
        <line num="341" count="17" type="stmt"/>
        <line num="342" count="17" type="stmt"/>
        <line num="343" count="17" type="stmt"/>
        <line num="344" count="17" type="stmt"/>
        <line num="345" count="17" type="stmt"/>
        <line num="346" count="17" type="stmt"/>
        <line num="347" count="17" type="stmt"/>
        <line num="349" count="117" type="stmt"/>
        <line num="350" count="117" type="stmt"/>
        <line num="351" count="117" type="stmt"/>
        <line num="352" count="117" type="stmt"/>
        <line num="353" count="117" type="stmt"/>
        <line num="354" count="117" type="stmt"/>
        <line num="355" count="117" type="stmt"/>
        <line num="356" count="117" type="stmt"/>
        <line num="357" count="117" type="stmt"/>
        <line num="358" count="117" type="stmt"/>
        <line num="359" count="117" type="stmt"/>
        <line num="360" count="117" type="stmt"/>
        <line num="362" count="117" type="stmt"/>
      </file>
      <file name="ChangelogOverlay.tsx" path="/Users/calebdunn/Documents/projects/homepad/homepad/src/app/ChangelogOverlay.tsx">
        <metrics statements="133" coveredstatements="132" conditionals="44" coveredconditionals="41" methods="8" coveredmethods="8"/>
        <line num="1" count="1" type="stmt"/>
        <line num="28" count="1" type="stmt"/>
        <line num="29" count="1" type="stmt"/>
        <line num="30" count="1" type="stmt"/>
        <line num="31" count="1" type="stmt"/>
        <line num="32" count="1" type="stmt"/>
        <line num="33" count="1" type="stmt"/>
        <line num="34" count="1" type="stmt"/>
        <line num="35" count="1" type="stmt"/>
        <line num="36" count="1" type="stmt"/>
        <line num="37" count="1" type="stmt"/>
        <line num="38" count="1" type="stmt"/>
        <line num="39" count="1" type="stmt"/>
        <line num="40" count="1" type="stmt"/>
        <line num="41" count="1" type="stmt"/>
        <line num="45" count="1" type="cond" truecount="1" falsecount="0"/>
        <line num="46" count="23" type="cond" truecount="2" falsecount="0"/>
        <line num="47" count="23" type="stmt"/>
        <line num="49" count="1" type="stmt"/>
        <line num="53" count="3" type="cond" truecount="1" falsecount="0"/>
        <line num="54" count="3" type="stmt"/>
        <line num="55" count="3" type="cond" truecount="0" falsecount="1"/>
        <line num="56" count="3" type="stmt"/>
        <line num="57" count="3" type="stmt"/>
        <line num="59" count="18" type="cond" truecount="1" falsecount="0"/>
        <line num="60" count="18" type="stmt"/>
        <line num="61" count="18" type="stmt"/>
        <line num="62" count="18" type="stmt"/>
        <line num="63" count="18" type="cond" truecount="2" falsecount="0"/>
        <line num="64" count="18" type="stmt"/>
        <line num="66" count="18" type="stmt"/>
        <line num="67" count="18" type="stmt"/>
        <line num="69" count="18" type="stmt"/>
        <line num="71" count="7" type="cond" truecount="1" falsecount="0"/>
        <line num="72" count="7" type="stmt"/>
        <line num="73" count="7" type="stmt"/>
        <line num="74" count="7" type="cond" truecount="1" falsecount="0"/>
        <line num="75" count="18" type="stmt"/>
        <line num="76" count="18" type="stmt"/>
        <line num="77" count="18" type="stmt"/>
        <line num="78" count="18" type="stmt"/>
        <line num="79" count="18" type="stmt"/>
        <line num="80" count="18" type="stmt"/>
        <line num="81" count="7" type="stmt"/>
        <line num="82" count="7" type="stmt"/>
        <line num="84" count="7" type="stmt"/>
        <line num="86" count="67" type="cond" truecount="1" falsecount="0"/>
        <line num="87" count="67" type="stmt"/>
        <line num="88" count="67" type="stmt"/>
        <line num="89" count="67" type="stmt"/>
        <line num="90" count="67" type="stmt"/>
        <line num="94" count="67" type="stmt"/>
        <line num="99" count="67" type="cond" truecount="1" falsecount="0"/>
        <line num="100" count="34" type="cond" truecount="2" falsecount="0"/>
        <line num="101" count="29" type="cond" truecount="1" falsecount="0"/>
        <line num="102" count="34" type="cond" truecount="2" falsecount="1"/>
        <line num="103" count="34" type="stmt"/>
        <line num="104" count="67" type="stmt"/>
        <line num="105" count="67" type="stmt"/>
        <line num="107" count="67" type="cond" truecount="1" falsecount="0"/>
        <line num="108" count="35" type="cond" truecount="2" falsecount="0"/>
        <line num="109" count="6" type="stmt"/>
        <line num="110" count="35" type="stmt"/>
        <line num="111" count="35" type="stmt"/>
        <line num="112" count="35" type="stmt"/>
        <line num="113" count="35" type="cond" truecount="1" falsecount="0"/>
        <line num="114" count="6" type="stmt"/>
        <line num="116" count="6" type="stmt"/>
        <line num="117" count="6" type="stmt"/>
        <line num="118" count="67" type="stmt"/>
        <line num="120" count="67" type="cond" truecount="3" falsecount="0"/>
        <line num="122" count="67" type="cond" truecount="3" falsecount="0"/>
        <line num="127" count="67" type="stmt"/>
        <line num="128" count="67" type="stmt"/>
        <line num="129" count="67" type="stmt"/>
        <line num="130" count="67" type="stmt"/>
        <line num="131" count="67" type="stmt"/>
        <line num="133" count="67" type="stmt"/>
        <line num="134" count="67" type="stmt"/>
        <line num="135" count="67" type="stmt"/>
        <line num="136" count="67" type="stmt"/>
        <line num="137" count="67" type="stmt"/>
        <line num="139" count="67" type="stmt"/>
        <line num="140" count="67" type="stmt"/>
        <line num="141" count="67" type="stmt"/>
        <line num="142" count="67" type="stmt"/>
        <line num="143" count="67" type="stmt"/>
        <line num="144" count="67" type="stmt"/>
        <line num="145" count="67" type="stmt"/>
        <line num="146" count="67" type="stmt"/>
        <line num="147" count="67" type="stmt"/>
        <line num="149" count="67" type="stmt"/>
        <line num="150" count="67" type="stmt"/>
        <line num="152" count="67" type="stmt"/>
        <line num="153" count="67" type="stmt"/>
        <line num="154" count="67" type="stmt"/>
        <line num="155" count="67" type="stmt"/>
        <line num="156" count="67" type="cond" truecount="2" falsecount="0"/>
        <line num="157" count="67" type="cond" truecount="2" falsecount="0"/>
        <line num="158" count="67" type="cond" truecount="1" falsecount="0"/>
        <line num="159" count="67" type="stmt"/>
        <line num="161" count="67" type="stmt"/>
        <line num="162" count="67" type="cond" truecount="1" falsecount="0"/>
        <line num="163" count="60" type="stmt"/>
        <line num="164" count="60" type="stmt"/>
        <line num="165" count="60" type="stmt"/>
        <line num="166" count="60" type="cond" truecount="2" falsecount="0"/>
        <line num="167" count="60" type="cond" truecount="2" falsecount="0"/>
        <line num="168" count="60" type="cond" truecount="1" falsecount="0"/>
        <line num="169" count="60" type="stmt"/>
        <line num="170" count="60" type="stmt"/>
        <line num="171" count="60" type="stmt"/>
        <line num="172" count="67" type="stmt"/>
        <line num="173" count="67" type="stmt"/>
        <line num="175" count="67" type="stmt"/>
        <line num="176" count="67" type="cond" truecount="1" falsecount="0"/>
        <line num="177" count="5" type="cond" truecount="1" falsecount="0"/>
        <line num="178" count="1" type="cond" truecount="1" falsecount="0"/>
        <line num="180" count="4" type="cond" truecount="1" falsecount="0"/>
        <line num="182" count="3" type="stmt"/>
        <line num="183" count="3" type="stmt"/>
        <line num="184" count="3" type="stmt"/>
        <line num="185" count="3" type="stmt"/>
        <line num="186" count="3" type="stmt"/>
        <line num="187" count="3" type="stmt"/>
        <line num="188" count="3" type="stmt"/>
        <line num="189" count="3" type="cond" truecount="0" falsecount="1"/>
        <line num="190" count="0" type="stmt"/>
        <line num="191" count="67" type="stmt"/>
        <line num="192" count="67" type="stmt"/>
        <line num="193" count="67" type="stmt"/>
        <line num="194" count="67" type="stmt"/>
        <line num="196" count="67" type="stmt"/>
      </file>
      <file name="StatusBar.tsx" path="/Users/calebdunn/Documents/projects/homepad/homepad/src/app/StatusBar.tsx">
        <metrics statements="329" coveredstatements="327" conditionals="172" coveredconditionals="160" methods="14" coveredmethods="14"/>
        <line num="1" count="1" type="stmt"/>
        <line num="24" count="1" type="stmt"/>
        <line num="25" count="1" type="stmt"/>
        <line num="26" count="1" type="stmt"/>
        <line num="27" count="1" type="stmt"/>
        <line num="28" count="1" type="stmt"/>
        <line num="29" count="1" type="stmt"/>
        <line num="30" count="1" type="stmt"/>
        <line num="32" count="1" type="stmt"/>
        <line num="33" count="1" type="cond" truecount="1" falsecount="0"/>
        <line num="34" count="1" type="stmt"/>
        <line num="35" count="1" type="stmt"/>
        <line num="36" count="1" type="stmt"/>
        <line num="37" count="1" type="cond" truecount="2" falsecount="0"/>
        <line num="38" count="1" type="stmt"/>
        <line num="39" count="1" type="stmt"/>
        <line num="40" count="1" type="stmt"/>
        <line num="41" count="1" type="stmt"/>
        <line num="42" count="1" type="cond" truecount="1" falsecount="0"/>
        <line num="43" count="1" type="stmt"/>
        <line num="44" count="1" type="stmt"/>
        <line num="50" count="1" type="stmt"/>
        <line num="51" count="1" type="stmt"/>
        <line num="52" count="1" type="stmt"/>
        <line num="53" count="1" type="stmt"/>
        <line num="54" count="1" type="stmt"/>
        <line num="55" count="1" type="stmt"/>
        <line num="56" count="1" type="stmt"/>
        <line num="62" count="1" type="stmt"/>
        <line num="63" count="1" type="stmt"/>
        <line num="64" count="1" type="stmt"/>
        <line num="65" count="1" type="stmt"/>
        <line num="66" count="1" type="stmt"/>
        <line num="67" count="1" type="stmt"/>
        <line num="68" count="1" type="stmt"/>
        <line num="73" count="1" type="stmt"/>
        <line num="76" count="113" type="cond" truecount="1" falsecount="0"/>
        <line num="77" count="113" type="cond" truecount="3" falsecount="0"/>
        <line num="78" count="103" type="cond" truecount="2" falsecount="0"/>
        <line num="79" count="50" type="stmt"/>
        <line num="80" count="50" type="stmt"/>
        <line num="82" count="66" type="cond" truecount="1" falsecount="0"/>
        <line num="83" count="66" type="stmt"/>
        <line num="84" count="66" type="cond" truecount="2" falsecount="0"/>
        <line num="85" count="66" type="cond" truecount="1" falsecount="1"/>
        <line num="86" count="32" type="stmt"/>
        <line num="87" count="32" type="cond" truecount="0" falsecount="1"/>
        <line num="88" count="0" type="stmt"/>
        <line num="89" count="0" type="stmt"/>
        <line num="97" count="164" type="cond" truecount="1" falsecount="0"/>
        <line num="98" count="164" type="stmt"/>
        <line num="99" count="164" type="stmt"/>
        <line num="105" count="164" type="stmt"/>
        <line num="110" count="164" type="stmt"/>
        <line num="111" count="164" type="stmt"/>
        <line num="112" count="164" type="stmt"/>
        <line num="113" count="164" type="stmt"/>
        <line num="117" count="164" type="cond" truecount="1" falsecount="0"/>
        <line num="118" count="164" type="cond" truecount="1" falsecount="0"/>
        <line num="119" count="164" type="cond" truecount="1" falsecount="0"/>
        <line num="120" count="131" type="cond" truecount="3" falsecount="0"/>
        <line num="121" count="78" type="cond" truecount="1" falsecount="0"/>
        <line num="122" count="78" type="cond" truecount="1" falsecount="0"/>
        <line num="123" count="164" type="stmt"/>
        <line num="126" count="164" type="cond" truecount="1" falsecount="0"/>
        <line num="127" count="115" type="cond" truecount="2" falsecount="0"/>
        <line num="128" count="7" type="cond" truecount="1" falsecount="0"/>
        <line num="129" count="3" type="stmt"/>
        <line num="130" count="3" type="cond" truecount="1" falsecount="0"/>
        <line num="131" count="3" type="cond" truecount="2" falsecount="0"/>
        <line num="132" count="3" type="stmt"/>
        <line num="133" count="7" type="stmt"/>
        <line num="134" count="7" type="cond" truecount="1" falsecount="0"/>
        <line num="135" count="164" type="stmt"/>
        <line num="138" count="164" type="cond" truecount="1" falsecount="0"/>
        <line num="139" count="115" type="cond" truecount="2" falsecount="0"/>
        <line num="140" count="7" type="cond" truecount="1" falsecount="0"/>
        <line num="141" count="1" type="stmt"/>
        <line num="142" count="1" type="stmt"/>
        <line num="143" count="1" type="stmt"/>
        <line num="144" count="1" type="stmt"/>
        <line num="145" count="1" type="stmt"/>
        <line num="146" count="1" type="stmt"/>
        <line num="147" count="7" type="stmt"/>
        <line num="148" count="7" type="cond" truecount="1" falsecount="0"/>
        <line num="149" count="164" type="stmt"/>
        <line num="151" count="164" type="cond" truecount="1" falsecount="0"/>
        <line num="152" count="164" type="stmt"/>
        <line num="153" count="164" type="cond" truecount="1" falsecount="0"/>
        <line num="157" count="164" type="cond" truecount="3" falsecount="0"/>
        <line num="158" count="164" type="cond" truecount="4" falsecount="0"/>
        <line num="159" count="164" type="cond" truecount="4" falsecount="0"/>
        <line num="160" count="164" type="cond" truecount="3" falsecount="0"/>
        <line num="161" count="164" type="cond" truecount="3" falsecount="0"/>
        <line num="162" count="164" type="cond" truecount="4" falsecount="0"/>
        <line num="163" count="164" type="cond" truecount="5" falsecount="1"/>
        <line num="165" count="164" type="stmt"/>
        <line num="174" count="164" type="cond" truecount="2" falsecount="0"/>
        <line num="175" count="164" type="cond" truecount="2" falsecount="0"/>
        <line num="181" count="164" type="cond" truecount="4" falsecount="0"/>
        <line num="183" count="164" type="cond" truecount="1" falsecount="0"/>
        <line num="184" count="6" type="cond" truecount="0" falsecount="1"/>
        <line num="185" count="6" type="stmt"/>
        <line num="186" count="6" type="stmt"/>
        <line num="187" count="6" type="stmt"/>
        <line num="188" count="6" type="stmt"/>
        <line num="189" count="6" type="cond" truecount="2" falsecount="0"/>
        <line num="190" count="5" type="cond" truecount="1" falsecount="0"/>
        <line num="191" count="6" type="stmt"/>
        <line num="196" count="164" type="cond" truecount="1" falsecount="0"/>
        <line num="198" count="164" type="cond" truecount="1" falsecount="0"/>
        <line num="199" count="32" type="cond" truecount="1" falsecount="0"/>
        <line num="200" count="132" type="cond" truecount="1" falsecount="0"/>
        <line num="201" count="20" type="cond" truecount="1" falsecount="0"/>
        <line num="202" count="112" type="cond" truecount="1" falsecount="0"/>
        <line num="203" count="28" type="cond" truecount="1" falsecount="0"/>
        <line num="204" count="84" type="cond" truecount="1" falsecount="0"/>
        <line num="205" count="30" type="cond" truecount="1" falsecount="0"/>
        <line num="206" count="54" type="stmt"/>
        <line num="207" count="164" type="cond" truecount="4" falsecount="0"/>
        <line num="209" count="164" type="stmt"/>
        <line num="210" count="164" type="stmt"/>
[...]
        <line num="731" count="40" type="stmt"/>
        <line num="732" count="40" type="stmt"/>
        <line num="738" count="40" type="stmt"/>
        <line num="739" count="40" type="stmt"/>
        <line num="740" count="40" type="cond" truecount="1" falsecount="0"/>
        <line num="741" count="4" type="stmt"/>
        <line num="742" count="40" type="stmt"/>
        <line num="747" count="40" type="stmt"/>
        <line num="748" count="40" type="stmt"/>
        <line num="749" count="40" type="stmt"/>
        <line num="750" count="40" type="stmt"/>
        <line num="751" count="40" type="stmt"/>
        <line num="752" count="40" type="stmt"/>
        <line num="754" count="40" type="stmt"/>
        <line num="755" count="40" type="stmt"/>
        <line num="756" count="40" type="stmt"/>
        <line num="757" count="40" type="stmt"/>
        <line num="758" count="40" type="stmt"/>
        <line num="759" count="40" type="stmt"/>
        <line num="760" count="40" type="cond" truecount="1" falsecount="0"/>
        <line num="761" count="36" type="cond" truecount="0" falsecount="1"/>
        <line num="762" count="0" type="stmt"/>
        <line num="763" count="0" type="stmt"/>
        <line num="764" count="0" type="stmt"/>
        <line num="765" count="36" type="stmt"/>
        <line num="767" count="40" type="stmt"/>
        <line num="768" count="40" type="stmt"/>
        <line num="770" count="40" type="stmt"/>
        <line num="772" count="40" type="stmt"/>
        <line num="773" count="40" type="stmt"/>
        <line num="774" count="40" type="stmt"/>
        <line num="775" count="40" type="stmt"/>
        <line num="776" count="40" type="stmt"/>
        <line num="777" count="40" type="stmt"/>
        <line num="778" count="40" type="cond" truecount="1" falsecount="0"/>
        <line num="779" count="40" type="stmt"/>
        <line num="780" count="40" type="stmt"/>
        <line num="781" count="40" type="stmt"/>
        <line num="782" count="40" type="stmt"/>
        <line num="784" count="40" type="stmt"/>
        <line num="785" count="40" type="stmt"/>
        <line num="786" count="40" type="stmt"/>
        <line num="787" count="40" type="stmt"/>
        <line num="788" count="40" type="stmt"/>
        <line num="789" count="40" type="cond" truecount="1" falsecount="0"/>
        <line num="790" count="40" type="stmt"/>
        <line num="791" count="40" type="stmt"/>
        <line num="792" count="40" type="stmt"/>
        <line num="793" count="40" type="stmt"/>
        <line num="795" count="40" type="stmt"/>
        <line num="796" count="40" type="stmt"/>
        <line num="797" count="40" type="stmt"/>
        <line num="798" count="40" type="stmt"/>
        <line num="799" count="40" type="stmt"/>
        <line num="800" count="40" type="stmt"/>
        <line num="801" count="40" type="stmt"/>
        <line num="802" count="40" type="stmt"/>
        <line num="803" count="40" type="stmt"/>
        <line num="804" count="40" type="stmt"/>
        <line num="805" count="40" type="stmt"/>
        <line num="806" count="40" type="stmt"/>
        <line num="808" count="40" type="cond" truecount="0" falsecount="1"/>
        <line num="809" count="0" type="stmt"/>
        <line num="810" count="0" type="stmt"/>
        <line num="811" count="0" type="stmt"/>
        <line num="814" count="40" type="stmt"/>
        <line num="815" count="40" type="stmt"/>
        <line num="817" count="40" type="stmt"/>
        <line num="818" count="40" type="stmt"/>
        <line num="819" count="40" type="stmt"/>
        <line num="820" count="40" type="stmt"/>
        <line num="821" count="40" type="stmt"/>
        <line num="822" count="40" type="stmt"/>
        <line num="823" count="40" type="stmt"/>
        <line num="825" count="40" type="stmt"/>
        <line num="826" count="40" type="stmt"/>
        <line num="827" count="40" type="stmt"/>
        <line num="828" count="40" type="stmt"/>
        <line num="830" count="40" type="stmt"/>
      </file>
    </package>
    <package name="src.theme">
      <metrics statements="204" coveredstatements="199" conditionals="75" coveredconditionals="66" methods="19" coveredmethods="19"/>
      <file name="AccentControl.tsx" path="/Users/calebdunn/Documents/projects/homepad/homepad/src/theme/AccentControl.tsx">
        <metrics statements="51" coveredstatements="51" conditionals="11" coveredconditionals="11" methods="3" coveredmethods="3"/>
        <line num="1" count="1" type="stmt"/>
        <line num="18" count="1" type="stmt"/>
        <line num="20" count="38" type="cond" truecount="1" falsecount="0"/>
        <line num="21" count="38" type="cond" truecount="1" falsecount="0"/>
        <line num="23" count="38" type="cond" truecount="1" falsecount="0"/>
        <line num="24" count="1" type="stmt"/>
        <line num="25" count="1" type="stmt"/>
        <line num="26" count="1" type="stmt"/>
        <line num="28" count="38" type="stmt"/>
        <line num="29" count="38" type="stmt"/>
        <line num="30" count="38" type="stmt"/>
        <line num="31" count="38" type="stmt"/>
        <line num="32" count="38" type="cond" truecount="1" falsecount="0"/>
        <line num="33" count="38" type="stmt"/>
        <line num="35" count="38" type="cond" truecount="1" falsecount="0"/>
        <line num="36" count="304" type="stmt"/>
        <line num="37" count="304" type="stmt"/>
        <line num="38" count="304" type="stmt"/>
        <line num="39" count="304" type="stmt"/>
        <line num="40" count="304" type="stmt"/>
        <line num="41" count="304" type="stmt"/>
        <line num="42" count="304" type="stmt"/>
        <line num="43" count="304" type="stmt"/>
        <line num="44" count="304" type="stmt"/>
        <line num="45" count="304" type="cond" truecount="1" falsecount="0"/>
        <line num="46" count="304" type="stmt"/>
        <line num="48" count="304" type="stmt"/>
        <line num="49" count="304" type="stmt"/>
        <line num="50" count="304" type="stmt"/>
        <line num="51" count="304" type="cond" truecount="1" falsecount="0"/>
        <line num="52" count="38" type="cond" truecount="1" falsecount="0"/>
        <line num="53" count="266" type="stmt"/>
        <line num="54" count="304" type="stmt"/>
        <line num="55" count="304" type="stmt"/>
        <line num="57" count="304" type="cond" truecount="1" falsecount="0"/>
        <line num="58" count="38" type="stmt"/>
        <line num="59" count="38" type="stmt"/>
        <line num="60" count="38" type="stmt"/>
        <line num="61" count="38" type="cond" truecount="2" falsecount="0"/>
        <line num="62" count="38" type="stmt"/>
        <line num="63" count="38" type="stmt"/>
        <line num="64" count="38" type="stmt"/>
        <line num="65" count="38" type="stmt"/>
        <line num="66" count="38" type="stmt"/>
        <line num="68" count="38" type="stmt"/>
        <line num="69" count="38" type="stmt"/>
        <line num="71" count="304" type="stmt"/>
        <line num="72" count="304" type="stmt"/>
        <line num="74" count="38" type="stmt"/>
        <line num="75" count="38" type="stmt"/>
        <line num="77" count="38" type="stmt"/>
      </file>
      <file name="ThemeControl.tsx" path="/Users/calebdunn/Documents/projects/homepad/homepad/src/theme/ThemeControl.tsx">
        <metrics statements="46" coveredstatements="44" conditionals="14" coveredconditionals="10" methods="3" coveredmethods="3"/>
        <line num="1" count="1" type="stmt"/>
        <line num="12" count="1" type="stmt"/>
        <line num="13" count="1" type="stmt"/>
        <line num="14" count="1" type="stmt"/>
        <line num="15" count="1" type="stmt"/>
        <line num="16" count="1" type="stmt"/>
        <line num="18" count="33" type="cond" truecount="1" falsecount="0"/>
        <line num="19" count="33" type="stmt"/>
        <line num="20" count="33" type="stmt"/>
        <line num="22" count="33" type="cond" truecount="1" falsecount="0"/>
        <line num="23" count="1" type="stmt"/>
        <line num="24" count="1" type="stmt"/>
        <line num="25" count="1" type="cond" truecount="0" falsecount="1"/>
        <line num="26" count="1" type="stmt"/>
        <line num="28" count="33" type="stmt"/>
        <line num="29" count="33" type="stmt"/>
        <line num="30" count="33" type="stmt"/>
        <line num="31" count="33" type="stmt"/>
        <line num="34" count="33" type="cond" truecount="2" falsecount="1"/>
        <line num="35" count="33" type="stmt"/>
        <line num="37" count="33" type="cond" truecount="1" falsecount="0"/>
        <line num="38" count="99" type="stmt"/>
        <line num="39" count="99" type="stmt"/>
        <line num="40" count="99" type="stmt"/>
        <line num="41" count="99" type="stmt"/>
        <line num="42" count="99" type="stmt"/>
        <line num="43" count="99" type="stmt"/>
        <line num="44" count="99" type="stmt"/>
        <line num="45" count="99" type="cond" truecount="1" falsecount="0"/>
        <line num="46" count="99" type="stmt"/>
        <line num="47" count="99" type="cond" truecount="1" falsecount="0"/>
        <line num="48" count="33" type="cond" truecount="1" falsecount="0"/>
        <line num="49" count="66" type="stmt"/>
        <line num="50" count="99" type="stmt"/>
        <line num="52" count="99" type="stmt"/>
        <line num="53" count="99" type="cond" truecount="2" falsecount="0"/>
        <line num="54" count="11" type="stmt"/>
        <line num="55" count="11" type="cond" truecount="0" falsecount="1"/>
        <line num="56" count="11" type="stmt"/>
        <line num="58" count="99" type="stmt"/>
        <line num="60" count="33" type="stmt"/>
        <line num="61" count="33" type="cond" truecount="0" falsecount="1"/>
        <line num="62" count="0" type="stmt"/>
        <line num="64" count="0" type="stmt"/>
        <line num="66" count="33" type="stmt"/>
        <line num="68" count="33" type="stmt"/>
      </file>
      <file name="accent.ts" path="/Users/calebdunn/Documents/projects/homepad/homepad/src/theme/accent.ts">
        <metrics statements="44" coveredstatements="42" conditionals="15" coveredconditionals="13" methods="5" coveredmethods="5"/>
        <line num="29" count="1" type="stmt"/>
        <line num="32" count="1" type="stmt"/>
        <line num="38" count="1" type="stmt"/>
        <line num="39" count="1" type="stmt"/>
        <line num="40" count="1" type="stmt"/>
        <line num="41" count="1" type="stmt"/>
        <line num="42" count="1" type="stmt"/>
        <line num="43" count="1" type="stmt"/>
        <line num="44" count="1" type="stmt"/>
        <line num="45" count="1" type="stmt"/>
        <line num="46" count="1" type="stmt"/>
        <line num="47" count="1" type="stmt"/>
        <line num="52" count="1" type="stmt"/>
        <line num="53" count="1" type="stmt"/>
        <line num="54" count="1" type="stmt"/>
        <line num="55" count="1" type="stmt"/>
        <line num="57" count="1" type="cond" truecount="1" falsecount="0"/>
        <line num="58" count="50" type="cond" truecount="2" falsecount="0"/>
        <line num="59" count="50" type="stmt"/>
        <line num="63" count="1" type="cond" truecount="1" falsecount="0"/>
        <line num="64" count="46" type="cond" truecount="2" falsecount="0"/>
        <line num="65" count="46" type="cond" truecount="4" falsecount="0"/>
        <line num="66" count="38" type="stmt"/>
        <line num="67" count="38" type="stmt"/>
        <line num="71" count="1" type="cond" truecount="1" falsecount="0"/>
        <line num="72" count="44" type="stmt"/>
        <line num="73" count="44" type="stmt"/>
        <line num="78" count="1" type="cond" truecount="1" falsecount="0"/>
        <line num="79" count="40" type="stmt"/>
        <line num="80" count="40" type="stmt"/>
        <line num="81" count="40" type="stmt"/>
        <line num="82" count="40" type="cond" truecount="0" falsecount="1"/>
        <line num="84" count="0" type="stmt"/>
        <line num="85" count="40" type="stmt"/>
        <line num="86" count="40" type="stmt"/>
        <line num="87" count="40" type="stmt"/>
        <line num="88" count="40" type="stmt"/>
        <line num="92" count="1" type="cond" truecount="1" falsecount="0"/>
        <line num="93" count="2" type="stmt"/>
        <line num="94" count="2" type="stmt"/>
        <line num="95" count="2" type="stmt"/>
        <line num="96" count="2" type="cond" truecount="0" falsecount="1"/>
        <line num="98" count="0" type="stmt"/>
        <line num="99" count="2" type="stmt"/>
      </file>
      <file name="theme.tsx" path="/Users/calebdunn/Documents/projects/homepad/homepad/src/theme/theme.tsx">
        <metrics statements="63" coveredstatements="62" conditionals="35" coveredconditionals="32" methods="8" coveredmethods="8"/>
        <line num="1" count="1" type="stmt"/>
        <line num="18" count="1" type="stmt"/>
        <line num="21" count="400" type="cond" truecount="1" falsecount="0"/>
        <line num="22" count="400" type="cond" truecount="3" falsecount="0"/>
        <line num="23" count="400" type="stmt"/>
        <line num="28" count="1" type="cond" truecount="1" falsecount="0"/>
        <line num="29" count="5" type="cond" truecount="3" falsecount="0"/>
        <line num="30" count="5" type="cond" truecount="2" falsecount="0"/>
        <line num="31" count="5" type="stmt"/>
        <line num="35" count="901" type="cond" truecount="1" falsecount="0"/>
        <line num="36" count="901" type="stmt"/>
        <line num="37" count="901" type="cond" truecount="1" falsecount="0"/>
        <line num="38" count="400" type="cond" truecount="1" falsecount="0"/>
        <line num="39" count="400" type="cond" truecount="2" falsecount="0"/>
        <line num="40" count="11" type="cond" truecount="3" falsecount="0"/>
        <line num="41" count="11" type="stmt"/>
        <line num="42" count="11" type="stmt"/>
        <line num="43" count="11" type="cond" truecount="1" falsecount="0"/>
        <line num="44" count="901" type="stmt"/>
        <line num="45" count="901" type="stmt"/>
        <line num="46" count="901" type="stmt"/>
        <line num="57" count="1" type="stmt"/>
        <line num="59" count="1" type="cond" truecount="1" falsecount="0"/>
        <line num="60" count="180" type="stmt"/>
        <line num="61" count="180" type="stmt"/>
        <line num="62" count="180" type="stmt"/>
        <line num="65" count="180" type="stmt"/>
        <line num="66" count="180" type="cond" truecount="1" falsecount="0"/>
        <line num="67" count="180" type="stmt"/>
        <line num="73" count="180" type="cond" truecount="1" falsecount="0"/>
        <line num="74" count="119" type="cond" truecount="1" falsecount="0"/>
        <line num="75" count="180" type="stmt"/>
        <line num="77" count="180" type="cond" truecount="2" falsecount="0"/>
        <line num="80" count="180" type="cond" truecount="1" falsecount="0"/>
        <line num="81" count="96" type="stmt"/>
        <line num="82" count="96" type="stmt"/>
        <line num="83" count="96" type="stmt"/>
        <line num="84" count="96" type="cond" truecount="0" falsecount="1"/>
        <line num="86" count="0" type="stmt"/>
        <line num="87" count="180" type="stmt"/>
        <line num="89" count="180" type="cond" truecount="1" falsecount="0"/>
        <line num="90" count="3" type="stmt"/>
        <line num="91" count="3" type="cond" truecount="0" falsecount="1"/>
        <line num="92" count="3" type="stmt"/>
        <line num="93" count="3" type="stmt"/>
        <line num="94" count="3" type="cond" truecount="1" falsecount="0"/>
        <line num="95" count="3" type="stmt"/>
        <line num="96" count="3" type="stmt"/>
        <line num="98" count="180" type="stmt"/>
        <line num="99" count="180" type="stmt"/>
        <line num="100" count="180" type="stmt"/>
        <line num="101" count="180" type="stmt"/>
        <line num="103" count="180" type="stmt"/>
        <line num="106" count="1" type="cond" truecount="1" falsecount="0"/>
        <line num="107" count="47" type="stmt"/>
        <line num="108" count="47" type="cond" truecount="0" falsecount="1"/>
        <line num="109" count="47" type="stmt"/>
        <line num="110" count="47" type="stmt"/>
        <line num="115" count="1" type="cond" truecount="1" falsecount="0"/>
        <line num="116" count="722" type="stmt"/>
        <line num="117" count="722" type="stmt"/>
        <line num="118" count="722" type="cond" truecount="2" falsecount="0"/>
        <line num="119" count="722" type="stmt"/>
      </file>
    </package>
    <package name="src.ui">
      <metrics statements="49" coveredstatements="42" conditionals="17" coveredconditionals="15" methods="3" coveredmethods="3"/>
      <file name="Modal.tsx" path="/Users/calebdunn/Documents/projects/homepad/homepad/src/ui/Modal.tsx">
        <metrics statements="49" coveredstatements="42" conditionals="17" coveredconditionals="15" methods="3" coveredmethods="3"/>
        <line num="1" count="1" type="stmt"/>
        <line num="21" count="570" type="cond" truecount="1" falsecount="0"/>
        <line num="22" count="570" type="stmt"/>
        <line num="23" count="570" type="stmt"/>
        <line num="24" count="570" type="stmt"/>
        <line num="25" count="570" type="stmt"/>
        <line num="26" count="570" type="stmt"/>
        <line num="27" count="570" type="stmt"/>
        <line num="28" count="570" type="stmt"/>
        <line num="29" count="570" type="stmt"/>
        <line num="30" count="570" type="stmt"/>
        <line num="31" count="570" type="stmt"/>
        <line num="43" count="570" type="stmt"/>
        <line num="45" count="570" type="stmt"/>
        <line num="46" count="570" type="stmt"/>
        <line num="48" count="570" type="cond" truecount="1" falsecount="0"/>
        <line num="49" count="185" type="cond" truecount="2" falsecount="0"/>
        <line num="50" count="134" type="cond" truecount="1" falsecount="0"/>
        <line num="51" count="177" type="cond" truecount="1" falsecount="0"/>
        <line num="52" count="177" type="stmt"/>
        <line num="55" count="134" type="stmt"/>
        <line num="56" count="134" type="cond" truecount="1" falsecount="0"/>
        <line num="57" count="570" type="stmt"/>
        <line num="59" count="570" type="cond" truecount="1" falsecount="0"/>
        <line num="60" count="185" type="cond" truecount="0" falsecount="1"/>
        <line num="61" count="0" type="stmt"/>
        <line num="62" count="0" type="stmt"/>
        <line num="63" count="570" type="stmt"/>
        <line num="65" count="570" type="cond" truecount="1" falsecount="0"/>
        <line num="66" count="185" type="cond" truecount="0" falsecount="1"/>
        <line num="67" count="0" type="stmt"/>
        <line num="68" count="0" type="stmt"/>
        <line num="69" count="0" type="stmt"/>
        <line num="70" count="0" type="stmt"/>
        <line num="71" count="0" type="stmt"/>
        <line num="72" count="570" type="stmt"/>
        <line num="74" count="570" type="cond" truecount="1" falsecount="0"/>
        <line num="75" count="122" type="cond" truecount="1" falsecount="0"/>
        <line num="76" count="122" type="stmt"/>
        <line num="78" count="570" type="stmt"/>
        <line num="79" count="570" type="stmt"/>
        <line num="80" count="570" type="stmt"/>
        <line num="81" count="570" type="stmt"/>
        <line num="82" count="570" type="cond" truecount="2" falsecount="0"/>
        <line num="83" count="570" type="cond" truecount="2" falsecount="0"/>
        <line num="84" count="570" type="stmt"/>
        <line num="86" count="570" type="stmt"/>
        <line num="87" count="570" type="stmt"/>
        <line num="89" count="570" type="stmt"/>
      </file>
    </package>
  </project>
</coverage>
