{"/Users/calebdunn/Documents/projects/homepad/homepad/src/api.ts": {"path":"/Users/calebdunn/Documents/projects/homepad/homepad/src/api.ts","all":false,"statementMap":{"145":{"start":{"line":146,"column":0},"end":{"line":146,"column":47}},"177":{"start":{"line":178,"column":0},"end":{"line":178,"column":59}},"179":{"start":{"line":180,"column":0},"end":{"line":180,"column":58}},"180":{"start":{"line":181,"column":0},"end":{"line":181,"column":41}},"181":{"start":{"line":182,"column":0},"end":{"line":182,"column":50}},"182":{"start":{"line":183,"column":0},"end":{"line":183,"column":1}},"201":{"start":{"line":202,"column":0},"end":{"line":202,"column":23}},"202":{"start":{"line":203,"column":0},"end":{"line":203,"column":15}},"203":{"start":{"line":204,"column":0},"end":{"line":204,"column":25}},"204":{"start":{"line":205,"column":0},"end":{"line":205,"column":54}},"205":{"start":{"line":206,"column":0},"end":{"line":206,"column":55}},"206":{"start":{"line":207,"column":0},"end":{"line":207,"column":45}},"207":{"start":{"line":208,"column":0},"end":{"line":208,"column":32}},"208":{"start":{"line":209,"column":0},"end":{"line":209,"column":31}},"209":{"start":{"line":210,"column":0},"end":{"line":210,"column":42}},"210":{"start":{"line":211,"column":0},"end":{"line":211,"column":3}},"211":{"start":{"line":212,"column":0},"end":{"line":212,"column":48}},"212":{"start":{"line":213,"column":0},"end":{"line":213,"column":53}},"213":{"start":{"line":214,"column":0},"end":{"line":214,"column":7}},"214":{"start":{"line":215,"column":0},"end":{"line":215,"column":40}},"215":{"start":{"line":216,"column":0},"end":{"line":216,"column":39}},"216":{"start":{"line":217,"column":0},"end":{"line":217,"column":11}},"217":{"start":{"line":218,"column":0},"end":{"line":218,"column":36}},"218":{"start":{"line":219,"column":0},"end":{"line":219,"column":3}},"219":{"start":{"line":220,"column":0},"end":{"line":220,"column":1}},"224":{"start":{"line":225,"column":0},"end":{"line":225,"column":101}},"225":{"start":{"line":226,"column":0},"end":{"line":226,"column":56}},"226":{"start":{"line":227,"column":0},"end":{"line":227,"column":1}},"231":{"start":{"line":232,"column":0},"end":{"line":232,"column":70}},"232":{"start":{"line":233,"column":0},"end":{"line":233,"column":15}},"233":{"start":{"line":234,"column":0},"end":{"line":234,"column":18}},"234":{"start":{"line":235,"column":0},"end":{"line":235,"column":25}},"235":{"start":{"line":236,"column":0},"end":{"line":236,"column":34}},"236":{"start":{"line":237,"column":0},"end":{"line":237,"column":33}},"237":{"start":{"line":238,"column":0},"end":{"line":238,"column":52}},"238":{"start":{"line":239,"column":0},"end":{"line":239,"column":34}},"239":{"start":{"line":240,"column":0},"end":{"line":240,"column":68}},"240":{"start":{"line":241,"column":0},"end":{"line":241,"column":42}},"241":{"start":{"line":242,"column":0},"end":{"line":242,"column":3}},"242":{"start":{"line":243,"column":0},"end":{"line":243,"column":27}},"243":{"start":{"line":244,"column":0},"end":{"line":244,"column":14}},"244":{"start":{"line":245,"column":0},"end":{"line":245,"column":11}},"245":{"start":{"line":246,"column":0},"end":{"line":246,"column":56}},"246":{"start":{"line":247,"column":0},"end":{"line":247,"column":4}},"249":{"start":{"line":250,"column":0},"end":{"line":250,"column":40}},"250":{"start":{"line":251,"column":0},"end":{"line":251,"column":1}},"254":{"start":{"line":255,"column":0},"end":{"line":255,"column":57}},"255":{"start":{"line":256,"column":0},"end":{"line":256,"column":60}},"256":{"start":{"line":257,"column":0},"end":{"line":257,"column":60}},"257":{"start":{"line":258,"column":0},"end":{"line":258,"column":7}},"258":{"start":{"line":259,"column":0},"end":{"line":259,"column":65}},"259":{"start":{"line":260,"column":0},"end":{"line":260,"column":54}},"260":{"start":{"line":261,"column":0},"end":{"line":261,"column":11}},"261":{"start":{"line":262,"column":0},"end":{"line":262,"column":34}},"262":{"start":{"line":263,"column":0},"end":{"line":263,"column":3}},"263":{"start":{"line":264,"column":0},"end":{"line":264,"column":1}},"269":{"start":{"line":270,"column":0},"end":{"line":270,"column":61}},"270":{"start":{"line":271,"column":0},"end":{"line":271,"column":62}},"271":{"start":{"line":272,"column":0},"end":{"line":272,"column":111}},"272":{"start":{"line":273,"column":0},"end":{"line":273,"column":7}},"273":{"start":{"line":274,"column":0},"end":{"line":274,"column":98}},"274":{"start":{"line":275,"column":0},"end":{"line":275,"column":35}},"275":{"start":{"line":276,"column":0},"end":{"line":276,"column":11}},"276":{"start":{"line":277,"column":0},"end":{"line":277,"column":85}},"277":{"start":{"line":278,"column":0},"end":{"line":278,"column":3}},"278":{"start":{"line":279,"column":0},"end":{"line":279,"column":1}},"284":{"start":{"line":285,"column":0},"end":{"line":285,"column":95}},"285":{"start":{"line":286,"column":0},"end":{"line":286,"column":97}},"286":{"start":{"line":287,"column":0},"end":{"line":287,"column":45}},"287":{"start":{"line":288,"column":0},"end":{"line":288,"column":60}},"288":{"start":{"line":289,"column":0},"end":{"line":289,"column":96}},"289":{"start":{"line":290,"column":0},"end":{"line":290,"column":33}},"290":{"start":{"line":291,"column":0},"end":{"line":291,"column":1}},"293":{"start":{"line":294,"column":0},"end":{"line":294,"column":108}},"294":{"start":{"line":295,"column":0},"end":{"line":295,"column":35}},"295":{"start":{"line":296,"column":0},"end":{"line":296,"column":10}},"296":{"start":{"line":297,"column":0},"end":{"line":297,"column":56}},"297":{"start":{"line":298,"column":0},"end":{"line":298,"column":113}},"298":{"start":{"line":299,"column":0},"end":{"line":299,"column":4}},"299":{"start":{"line":300,"column":0},"end":{"line":300,"column":1}},"305":{"start":{"line":306,"column":0},"end":{"line":306,"column":67}},"306":{"start":{"line":307,"column":0},"end":{"line":307,"column":65}},"307":{"start":{"line":308,"column":0},"end":{"line":308,"column":45}},"308":{"start":{"line":309,"column":0},"end":{"line":309,"column":60}},"309":{"start":{"line":310,"column":0},"end":{"line":310,"column":48}},"310":{"start":{"line":311,"column":0},"end":{"line":311,"column":1}},"314":{"start":{"line":315,"column":0},"end":{"line":315,"column":50}},"315":{"start":{"line":316,"column":0},"end":{"line":316,"column":51}},"316":{"start":{"line":317,"column":0},"end":{"line":317,"column":69}},"317":{"start":{"line":318,"column":0},"end":{"line":318,"column":1}},"319":{"start":{"line":320,"column":0},"end":{"line":320,"column":97}},"320":{"start":{"line":321,"column":0},"end":{"line":321,"column":98}},"321":{"start":{"line":322,"column":0},"end":{"line":322,"column":20}},"322":{"start":{"line":323,"column":0},"end":{"line":323,"column":6}},"323":{"start":{"line":324,"column":0},"end":{"line":324,"column":1}},"325":{"start":{"line":326,"column":0},"end":{"line":326,"column":82}},"326":{"start":{"line":327,"column":0},"end":{"line":327,"column":92}},"327":{"start":{"line":328,"column":0},"end":{"line":328,"column":1}},"329":{"start":{"line":330,"column":0},"end":{"line":330,"column":47}},"330":{"start":{"line":331,"column":0},"end":{"line":331,"column":51}},"331":{"start":{"line":332,"column":0},"end":{"line":332,"column":1}},"338":{"start":{"line":339,"column":0},"end":{"line":339,"column":94}},"339":{"start":{"line":340,"column":0},"end":{"line":340,"column":57}},"340":{"start":{"line":341,"column":0},"end":{"line":341,"column":62}},"341":{"start":{"line":342,"column":0},"end":{"line":342,"column":7}},"342":{"start":{"line":343,"column":0},"end":{"line":343,"column":63}},"343":{"start":{"line":344,"column":0},"end":{"line":344,"column":58}},"344":{"start":{"line":345,"column":0},"end":{"line":345,"column":11}},"345":{"start":{"line":346,"column":0},"end":{"line":346,"column":39}},"346":{"start":{"line":347,"column":0},"end":{"line":347,"column":3}},"347":{"start":{"line":348,"column":0},"end":{"line":348,"column":1}},"349":{"start":{"line":350,"column":0},"end":{"line":350,"column":54}},"350":{"start":{"line":351,"column":0},"end":{"line":351,"column":47}},"351":{"start":{"line":352,"column":0},"end":{"line":352,"column":1}},"355":{"start":{"line":356,"column":0},"end":{"line":356,"column":78}},"356":{"start":{"line":357,"column":0},"end":{"line":357,"column":86}},"357":{"start":{"line":358,"column":0},"end":{"line":358,"column":1}},"363":{"start":{"line":364,"column":0},"end":{"line":364,"column":96}},"364":{"start":{"line":365,"column":0},"end":{"line":365,"column":68}},"365":{"start":{"line":366,"column":0},"end":{"line":366,"column":18}},"366":{"start":{"line":367,"column":0},"end":{"line":367,"column":45}},"367":{"start":{"line":368,"column":0},"end":{"line":368,"column":14}},"368":{"start":{"line":369,"column":0},"end":{"line":369,"column":5}},"369":{"start":{"line":370,"column":0},"end":{"line":370,"column":1}},"373":{"start":{"line":374,"column":0},"end":{"line":374,"column":86}},"374":{"start":{"line":375,"column":0},"end":{"line":375,"column":87}},"375":{"start":{"line":376,"column":0},"end":{"line":376,"column":1}},"381":{"start":{"line":382,"column":0},"end":{"line":382,"column":67}},"382":{"start":{"line":383,"column":0},"end":{"line":383,"column":71}},"383":{"start":{"line":384,"column":0},"end":{"line":384,"column":1}},"389":{"start":{"line":390,"column":0},"end":{"line":390,"column":99}},"390":{"start":{"line":391,"column":0},"end":{"line":391,"column":87}},"391":{"start":{"line":392,"column":0},"end":{"line":392,"column":26}},"392":{"start":{"line":393,"column":0},"end":{"line":393,"column":6}},"393":{"start":{"line":394,"column":0},"end":{"line":394,"column":1}},"399":{"start":{"line":400,"column":0},"end":{"line":400,"column":36}},"400":{"start":{"line":401,"column":0},"end":{"line":401,"column":13}},"404":{"start":{"line":405,"column":0},"end":{"line":405,"column":64}},"405":{"start":{"line":406,"column":0},"end":{"line":406,"column":44}},"406":{"start":{"line":407,"column":0},"end":{"line":407,"column":94}},"407":{"start":{"line":408,"column":0},"end":{"line":408,"column":26}},"408":{"start":{"line":409,"column":0},"end":{"line":409,"column":6}},"409":{"start":{"line":410,"column":0},"end":{"line":410,"column":1}},"419":{"start":{"line":420,"column":0},"end":{"line":420,"column":32}},"420":{"start":{"line":421,"column":0},"end":{"line":421,"column":13}},"421":{"start":{"line":422,"column":0},"end":{"line":422,"column":33}},"422":{"start":{"line":423,"column":0},"end":{"line":423,"column":43}},"423":{"start":{"line":424,"column":0},"end":{"line":424,"column":110}},"424":{"start":{"line":425,"column":0},"end":{"line":425,"column":49}},"425":{"start":{"line":426,"column":0},"end":{"line":426,"column":6}},"426":{"start":{"line":427,"column":0},"end":{"line":427,"column":1}},"431":{"start":{"line":432,"column":0},"end":{"line":432,"column":57}},"432":{"start":{"line":433,"column":0},"end":{"line":433,"column":59}},"433":{"start":{"line":434,"column":0},"end":{"line":434,"column":40}},"434":{"start":{"line":435,"column":0},"end":{"line":435,"column":73}},"438":{"start":{"line":439,"column":0},"end":{"line":439,"column":46}},"439":{"start":{"line":440,"column":0},"end":{"line":440,"column":14}},"440":{"start":{"line":441,"column":0},"end":{"line":441,"column":18}},"441":{"start":{"line":442,"column":0},"end":{"line":442,"column":28}},"442":{"start":{"line":443,"column":0},"end":{"line":443,"column":87}},"443":{"start":{"line":444,"column":0},"end":{"line":444,"column":43}},"444":{"start":{"line":445,"column":0},"end":{"line":445,"column":42}},"445":{"start":{"line":446,"column":0},"end":{"line":446,"column":44}},"446":{"start":{"line":447,"column":0},"end":{"line":447,"column":6}},"447":{"start":{"line":448,"column":0},"end":{"line":448,"column":1}},"452":{"start":{"line":453,"column":0},"end":{"line":453,"column":90}},"453":{"start":{"line":454,"column":0},"end":{"line":454,"column":93}},"454":{"start":{"line":455,"column":0},"end":{"line":455,"column":1}},"459":{"start":{"line":460,"column":0},"end":{"line":460,"column":86}},"460":{"start":{"line":461,"column":0},"end":{"line":461,"column":89}},"461":{"start":{"line":462,"column":0},"end":{"line":462,"column":1}},"467":{"start":{"line":468,"column":0},"end":{"line":468,"column":37}},"468":{"start":{"line":469,"column":0},"end":{"line":469,"column":15}},"469":{"start":{"line":470,"column":0},"end":{"line":470,"column":46}},"470":{"start":{"line":471,"column":0},"end":{"line":471,"column":92}},"471":{"start":{"line":472,"column":0},"end":{"line":472,"column":28}},"472":{"start":{"line":473,"column":0},"end":{"line":473,"column":6}},"473":{"start":{"line":474,"column":0},"end":{"line":474,"column":1}},"478":{"start":{"line":479,"column":0},"end":{"line":479,"column":37}},"479":{"start":{"line":480,"column":0},"end":{"line":480,"column":13}},"480":{"start":{"line":481,"column":0},"end":{"line":481,"column":15}},"481":{"start":{"line":482,"column":0},"end":{"line":482,"column":46}},"482":{"start":{"line":483,"column":0},"end":{"line":483,"column":99}},"483":{"start":{"line":484,"column":0},"end":{"line":484,"column":28}},"484":{"start":{"line":485,"column":0},"end":{"line":485,"column":6}},"485":{"start":{"line":486,"column":0},"end":{"line":486,"column":1}},"490":{"start":{"line":491,"column":0},"end":{"line":491,"column":68}},"491":{"start":{"line":492,"column":0},"end":{"line":492,"column":73}},"492":{"start":{"line":493,"column":0},"end":{"line":493,"column":1}},"498":{"start":{"line":499,"column":0},"end":{"line":499,"column":75}},"499":{"start":{"line":500,"column":0},"end":{"line":500,"column":87}},"500":{"start":{"line":501,"column":0},"end":{"line":501,"column":1}},"507":{"start":{"line":508,"column":0},"end":{"line":508,"column":37}},"508":{"start":{"line":509,"column":0},"end":{"line":509,"column":20}},"509":{"start":{"line":510,"column":0},"end":{"line":510,"column":28}},"510":{"start":{"line":511,"column":0},"end":{"line":511,"column":44}},"511":{"start":{"line":512,"column":0},"end":{"line":512,"column":110}},"512":{"start":{"line":513,"column":0},"end":{"line":513,"column":26}},"513":{"start":{"line":514,"column":0},"end":{"line":514,"column":6}},"514":{"start":{"line":515,"column":0},"end":{"line":515,"column":1}},"519":{"start":{"line":520,"column":0},"end":{"line":520,"column":68}},"520":{"start":{"line":521,"column":0},"end":{"line":521,"column":77}},"521":{"start":{"line":522,"column":0},"end":{"line":522,"column":1}},"527":{"start":{"line":528,"column":0},"end":{"line":528,"column":62}},"528":{"start":{"line":529,"column":0},"end":{"line":529,"column":56}},"529":{"start":{"line":530,"column":0},"end":{"line":530,"column":40}},"530":{"start":{"line":531,"column":0},"end":{"line":531,"column":66}},"531":{"start":{"line":532,"column":0},"end":{"line":532,"column":28}},"532":{"start":{"line":533,"column":0},"end":{"line":533,"column":1}},"538":{"start":{"line":539,"column":0},"end":{"line":539,"column":37}},"539":{"start":{"line":540,"column":0},"end":{"line":540,"column":13}},"540":{"start":{"line":541,"column":0},"end":{"line":541,"column":22}},"541":{"start":{"line":542,"column":0},"end":{"line":542,"column":44}},"542":{"start":{"line":543,"column":0},"end":{"line":543,"column":23}},"543":{"start":{"line":544,"column":0},"end":{"line":544,"column":29}},"544":{"start":{"line":545,"column":0},"end":{"line":545,"column":8}},"545":{"start":{"line":546,"column":0},"end":{"line":546,"column":86}},"546":{"start":{"line":547,"column":0},"end":{"line":547,"column":39}},"547":{"start":{"line":548,"column":0},"end":{"line":548,"column":4}},"548":{"start":{"line":549,"column":0},"end":{"line":549,"column":1}},"553":{"start":{"line":554,"column":0},"end":{"line":554,"column":39}},"554":{"start":{"line":555,"column":0},"end":{"line":555,"column":25}},"555":{"start":{"line":556,"column":0},"end":{"line":556,"column":47}},"556":{"start":{"line":557,"column":0},"end":{"line":557,"column":86}},"557":{"start":{"line":558,"column":0},"end":{"line":558,"column":29}},"558":{"start":{"line":559,"column":0},"end":{"line":559,"column":6}},"559":{"start":{"line":560,"column":0},"end":{"line":560,"column":1}},"564":{"start":{"line":565,"column":0},"end":{"line":565,"column":39}},"565":{"start":{"line":566,"column":0},"end":{"line":566,"column":13}},"566":{"start":{"line":567,"column":0},"end":{"line":567,"column":34}},"567":{"start":{"line":568,"column":0},"end":{"line":568,"column":47}},"568":{"start":{"line":569,"column":0},"end":{"line":569,"column":93}},"569":{"start":{"line":570,"column":0},"end":{"line":570,"column":29}},"570":{"start":{"line":571,"column":0},"end":{"line":571,"column":6}},"571":{"start":{"line":572,"column":0},"end":{"line":572,"column":1}},"576":{"start":{"line":577,"column":0},"end":{"line":577,"column":70}},"577":{"start":{"line":578,"column":0},"end":{"line":578,"column":70}},"578":{"start":{"line":579,"column":0},"end":{"line":579,"column":1}},"583":{"start":{"line":584,"column":0},"end":{"line":584,"column":74}},"584":{"start":{"line":585,"column":0},"end":{"line":585,"column":84}},"585":{"start":{"line":586,"column":0},"end":{"line":586,"column":1}},"591":{"start":{"line":592,"column":0},"end":{"line":592,"column":92}},"592":{"start":{"line":593,"column":0},"end":{"line":593,"column":87}},"593":{"start":{"line":594,"column":0},"end":{"line":594,"column":1}},"601":{"start":{"line":602,"column":0},"end":{"line":602,"column":73}},"602":{"start":{"line":603,"column":0},"end":{"line":603,"column":89}},"603":{"start":{"line":604,"column":0},"end":{"line":604,"column":1}},"614":{"start":{"line":615,"column":0},"end":{"line":615,"column":69}},"615":{"start":{"line":616,"column":0},"end":{"line":616,"column":83}},"616":{"start":{"line":617,"column":0},"end":{"line":617,"column":31}},"617":{"start":{"line":618,"column":0},"end":{"line":618,"column":50}},"618":{"start":{"line":619,"column":0},"end":{"line":619,"column":9}},"619":{"start":{"line":620,"column":0},"end":{"line":620,"column":60}},"620":{"start":{"line":621,"column":0},"end":{"line":621,"column":60}},"621":{"start":{"line":622,"column":0},"end":{"line":622,"column":13}},"623":{"start":{"line":624,"column":0},"end":{"line":624,"column":5}},"624":{"start":{"line":625,"column":0},"end":{"line":625,"column":3}},"625":{"start":{"line":626,"column":0},"end":{"line":626,"column":100}},"626":{"start":{"line":627,"column":0},"end":{"line":627,"column":1}},"632":{"start":{"line":633,"column":0},"end":{"line":633,"column":71}},"633":{"start":{"line":634,"column":0},"end":{"line":634,"column":85}},"634":{"start":{"line":635,"column":0},"end":{"line":635,"column":1}}},"s":{"145":1,"177":1,"179":24,"180":24,"181":24,"182":24,"201":145,"202":145,"203":145,"204":145,"205":145,"206":145,"207":145,"208":64,"209":64,"210":64,"211":145,"212":145,"213":145,"214":145,"215":137,"216":145,"217":8,"218":8,"219":145,"224":43,"225":43,"226":43,"231":43,"232":43,"233":43,"234":43,"235":43,"236":43,"237":43,"238":43,"239":21,"240":21,"241":21,"242":22,"243":22,"244":22,"245":43,"246":43,"249":43,"250":43,"254":4,"255":4,"256":4,"257":2,"258":2,"259":2,"260":4,"261":0,"262":0,"263":4,"269":6,"270":6,"271":6,"272":4,"273":4,"274":4,"275":6,"276":0,"277":0,"278":6,"284":3,"285":3,"286":3,"287":3,"288":2,"289":2,"290":2,"293":6,"294":6,"295":6,"296":6,"297":6,"298":6,"299":6,"305":4,"306":4,"307":4,"308":4,"309":1,"310":1,"314":3,"315":3,"316":3,"317":3,"319":3,"320":3,"321":1,"322":3,"323":3,"325":2,"326":2,"327":2,"329":1,"330":1,"331":1,"338":19,"339":19,"340":19,"341":16,"342":16,"343":19,"344":19,"345":0,"346":0,"347":19,"349":3,"350":3,"351":3,"355":4,"356":4,"357":4,"363":4,"364":4,"365":4,"366":4,"367":4,"368":4,"369":4,"373":4,"374":4,"375":4,"381":4,"382":4,"383":4,"389":4,"390":4,"391":1,"392":4,"393":4,"399":3,"400":3,"404":3,"405":3,"406":3,"407":2,"408":3,"409":3,"419":3,"420":3,"421":3,"422":3,"423":3,"424":2,"425":3,"426":3,"431":14,"432":14,"433":14,"434":12,"438":14,"439":8,"440":8,"441":8,"442":8,"443":8,"444":8,"445":8,"446":14,"447":14,"452":4,"453":4,"454":4,"459":2,"460":2,"461":2,"467":6,"468":6,"469":6,"470":6,"471":2,"472":6,"473":6,"478":6,"479":6,"480":6,"481":6,"482":6,"483":2,"484":6,"485":6,"490":4,"491":4,"492":4,"498":4,"499":4,"500":4,"507":6,"508":6,"509":6,"510":6,"511":6,"512":4,"513":6,"514":6,"519":5,"520":5,"521":5,"527":2,"528":2,"529":2,"530":1,"531":2,"532":2,"538":3,"539":3,"540":3,"541":3,"542":3,"543":3,"544":3,"545":3,"546":3,"547":3,"548":3,"553":2,"554":2,"555":2,"556":2,"557":1,"558":2,"559":2,"564":1,"565":1,"566":1,"567":1,"568":1,"569":1,"570":1,"571":1,"576":1,"577":1,"578":1,"583":1,"584":1,"585":1,"591":1,"592":1,"593":1,"601":3,"602":3,"603":3,"614":3,"615":3,"616":3,"617":3,"618":2,"619":2,"620":2,"621":2,"623":0,"624":2,"625":3,"626":3,"632":6,"633":6,"634":6},"branchMap":{"0":{"type":"branch","line":180,"loc":{"start":{"line":180,"column":0},"end":{"line":183,"column":1}},"locations":[{"start":{"line":180,"column":0},"end":{"line":183,"column":1}}]},"1":{"type":"branch","line":182,"loc":{"start":{"line":182,"column":9},"end":{"line":182,"column":50}},"locations":[{"start":{"line":182,"column":9},"end":{"line":182,"column":50}}]},"2":{"type":"branch","line":202,"loc":{"start":{"line":202,"column":0},"end":{"line":220,"column":1}},"locations":[{"start":{"line":202,"column":0},"end":{"line":220,"column":1}}]},"3":{"type":"branch","line":207,"loc":{"start":{"line":207,"column":19},"end":{"line":207,"column":45}},"locations":[{"start":{"line":207,"column":19},"end":{"line":207,"column":45}}]},"4":{"type":"branch","line":208,"loc":{"start":{"line":208,"column":31},"end":{"line":211,"column":3}},"locations":[{"start":{"line":208,"column":31},"end":{"line":211,"column":3}}]},"5":{"type":"branch","line":212,"loc":{"start":{"line":212,"column":20},"end":{"line":212,"column":48}},"locations":[{"start":{"line":212,"column":20},"end":{"line":212,"column":48}}]},"6":{"type":"branch","line":213,"loc":{"start":{"line":213,"column":31},"end":{"line":213,"column":53}},"locations":[{"start":{"line":213,"column":31},"end":{"line":213,"column":53}}]},"7":{"type":"branch","line":215,"loc":{"start":{"line":215,"column":38},"end":{"line":217,"column":10}},"locations":[{"start":{"line":215,"column":38},"end":{"line":217,"column":10}}]},"8":{"type":"branch","line":217,"loc":{"start":{"line":217,"column":2},"end":{"line":219,"column":3}},"locations":[{"start":{"line":217,"column":2},"end":{"line":219,"column":3}}]},"9":{"type":"branch","line":225,"loc":{"start":{"line":225,"column":0},"end":{"line":227,"column":1}},"locations":[{"start":{"line":225,"column":0},"end":{"line":227,"column":1}}]},"10":{"type":"branch","line":232,"loc":{"start":{"line":232,"column":0},"end":{"line":251,"column":1}},"locations":[{"start":{"line":232,"column":0},"end":{"line":251,"column":1}}]},"11":{"type":"branch","line":239,"loc":{"start":{"line":239,"column":6},"end":{"line":239,"column":33}},"locations":[{"start":{"line":239,"column":6},"end":{"line":239,"column":33}}]},"12":{"type":"branch","line":239,"loc":{"start":{"line":239,"column":33},"end":{"line":242,"column":3}},"locations":[{"start":{"line":239,"column":33},"end":{"line":242,"column":3}}]},"13":{"type":"branch","line":240,"loc":{"start":{"line":240,"column":18},"end":{"line":240,"column":59}},"locations":[{"start":{"line":240,"column":18},"end":{"line":240,"column":59}}]},"14":{"type":"branch","line":240,"loc":{"start":{"line":240,"column":54},"end":{"line":240,"column":68}},"locations":[{"start":{"line":240,"column":54},"end":{"line":240,"column":68}}]},"15":{"type":"branch","line":242,"loc":{"start":{"line":242,"column":2},"end":{"line":246,"column":17}},"locations":[{"start":{"line":242,"column":2},"end":{"line":246,"column":17}}]},"16":{"type":"branch","line":246,"loc":{"start":{"line":246,"column":11},"end":{"line":246,"column":40}},"locations":[{"start":{"line":246,"column":11},"end":{"line":246,"column":40}}]},"17":{"type":"branch","line":246,"loc":{"start":{"line":246,"column":36},"end":{"line":246,"column":56}},"locations":[{"start":{"line":246,"column":36},"end":{"line":246,"column":56}}]},"18":{"type":"branch","line":255,"loc":{"start":{"line":255,"column":0},"end":{"line":264,"column":1}},"locations":[{"start":{"line":255,"column":0},"end":{"line":264,"column":1}}]},"19":{"type":"branch","line":257,"loc":{"start":{"line":257,"column":7},"end":{"line":257,"column":30}},"locations":[{"start":{"line":257,"column":7},"end":{"line":257,"column":30}}]},"20":{"type":"branch","line":257,"loc":{"start":{"line":257,"column":30},"end":{"line":261,"column":10}},"locations":[{"start":{"line":257,"column":30},"end":{"line":261,"column":10}}]},"21":{"type":"branch","line":261,"loc":{"start":{"line":261,"column":2},"end":{"line":263,"column":3}},"locations":[{"start":{"line":261,"column":2},"end":{"line":263,"column":3}}]},"22":{"type":"branch","line":270,"loc":{"start":{"line":270,"column":0},"end":{"line":279,"column":1}},"locations":[{"start":{"line":270,"column":0},"end":{"line":279,"column":1}}]},"23":{"type":"branch","line":272,"loc":{"start":{"line":272,"column":7},"end":{"line":272,"column":30}},"locations":[{"start":{"line":272,"column":7},"end":{"line":272,"column":30}}]},"24":{"type":"branch","line":272,"loc":{"start":{"line":272,"column":30},"end":{"line":276,"column":10}},"locations":[{"start":{"line":272,"column":30},"end":{"line":276,"column":10}}]},"25":{"type":"branch","line":272,"loc":{"start":{"line":272,"column":30},"end":{"line":272,"column":111}},"locations":[{"start":{"line":272,"column":30},"end":{"line":272,"column":111}}]},"26":{"type":"branch","line":276,"loc":{"start":{"line":276,"column":2},"end":{"line":278,"column":3}},"locations":[{"start":{"line":276,"column":2},"end":{"line":278,"column":3}}]},"27":{"type":"branch","line":285,"loc":{"start":{"line":285,"column":0},"end":{"line":291,"column":1}},"locations":[{"start":{"line":285,"column":0},"end":{"line":291,"column":1}}]},"28":{"type":"branch","line":287,"loc":{"start":{"line":287,"column":12},"end":{"line":287,"column":45}},"locations":[{"start":{"line":287,"column":12},"end":{"line":287,"column":45}}]},"29":{"type":"branch","line":288,"loc":{"start":{"line":288,"column":22},"end":{"line":291,"column":1}},"locations":[{"start":{"line":288,"column":22},"end":{"line":291,"column":1}}]},"30":{"type":"branch","line":288,"loc":{"start":{"line":288,"column":22},"end":{"line":288,"column":60}},"locations":[{"start":{"line":288,"column":22},"end":{"line":288,"column":60}}]},"31":{"type":"branch","line":294,"loc":{"start":{"line":294,"column":0},"end":{"line":300,"column":1}},"locations":[{"start":{"line":294,"column":0},"end":{"line":300,"column":1}}]},"32":{"type":"branch","line":298,"loc":{"start":{"line":298,"column":36},"end":{"line":298,"column":71}},"locations":[{"start":{"line":298,"column":36},"end":{"line":298,"column":71}}]},"33":{"type":"branch","line":298,"loc":{"start":{"line":298,"column":66},"end":{"line":298,"column":81}},"locations":[{"start":{"line":298,"column":66},"end":{"line":298,"column":81}}]},"34":{"type":"branch","line":298,"loc":{"start":{"line":298,"column":77},"end":{"line":298,"column":86}},"locations":[{"start":{"line":298,"column":77},"end":{"line":298,"column":86}}]},"35":{"type":"branch","line":298,"loc":{"start":{"line":298,"column":81},"end":{"line":298,"column":113}},"locations":[{"start":{"line":298,"column":81},"end":{"line":298,"column":113}}]},"36":{"type":"branch","line":306,"loc":{"start":{"line":306,"column":0},"end":{"line":311,"column":1}},"locations":[{"start":{"line":306,"column":0},"end":{"line":311,"column":1}}]},"37":{"type":"branch","line":308,"loc":{"start":{"line":308,"column":12},"end":{"line":308,"column":45}},"locations":[{"start":{"line":308,"column":12},"end":{"line":308,"column":45}}]},"38":{"type":"branch","line":308,"loc":{"start":{"line":308,"column":43},"end":{"line":309,"column":28}},"locations":[{"start":{"line":308,"column":43},"end":{"line":309,"column":28}}]},"39":{"type":"branch","line":309,"loc":{"start":{"line":309,"column":22},"end":{"line":309,"column":60}},"locations":[{"start":{"line":309,"column":22},"end":{"line":309,"column":60}}]},"40":{"type":"branch","line":309,"loc":{"start":{"line":309,"column":58},"end":{"line":311,"column":1}},"locations":[{"start":{"line":309,"column":58},"end":{"line":311,"column":1}}]},"41":{"type":"branch","line":315,"loc":{"start":{"line":315,"column":0},"end":{"line":318,"column":1}},"locations":[{"start":{"line":315,"column":0},"end":{"line":318,"column":1}}]},"42":{"type":"branch","line":317,"loc":{"start":{"line":317,"column":9},"end":{"line":317,"column":35}},"locations":[{"start":{"line":317,"column":9},"end":{"line":317,"column":35}}]},"43":{"type":"branch","line":317,"loc":{"start":{"line":317,"column":27},"end":{"line":317,"column":64}},"locations":[{"start":{"line":317,"column":27},"end":{"line":317,"column":64}}]},"44":{"type":"branch","line":317,"loc":{"start":{"line":317,"column":50},"end":{"line":317,"column":69}},"locations":[{"start":{"line":317,"column":50},"end":{"line":317,"column":69}}]},"45":{"type":"branch","line":320,"loc":{"start":{"line":320,"column":0},"end":{"line":324,"column":1}},"locations":[{"start":{"line":320,"column":0},"end":{"line":324,"column":1}}]},"46":{"type":"branch","line":321,"loc":{"start":{"line":321,"column":89},"end":{"line":323,"column":4}},"locations":[{"start":{"line":321,"column":89},"end":{"line":323,"column":4}}]},"47":{"type":"branch","line":326,"loc":{"start":{"line":326,"column":0},"end":{"line":328,"column":1}},"locations":[{"start":{"line":326,"column":0},"end":{"line":328,"column":1}}]},"48":{"type":"branch","line":330,"loc":{"start":{"line":330,"column":0},"end":{"line":332,"column":1}},"locations":[{"start":{"line":330,"column":0},"end":{"line":332,"column":1}}]},"49":{"type":"branch","line":339,"loc":{"start":{"line":339,"column":0},"end":{"line":348,"column":1}},"locations":[{"start":{"line":339,"column":0},"end":{"line":348,"column":1}}]},"50":{"type":"branch","line":341,"loc":{"start":{"line":341,"column":30},"end":{"line":341,"column":62}},"locations":[{"start":{"line":341,"column":30},"end":{"line":341,"column":62}}]},"51":{"type":"branch","line":341,"loc":{"start":{"line":341,"column":60},"end":{"line":344,"column":53}},"locations":[{"start":{"line":341,"column":60},"end":{"line":344,"column":53}}]},"52":{"type":"branch","line":344,"loc":{"start":{"line":344,"column":41},"end":{"line":344,"column":56}},"locations":[{"start":{"line":344,"column":41},"end":{"line":344,"column":56}}]},"53":{"type":"branch","line":345,"loc":{"start":{"line":345,"column":2},"end":{"line":347,"column":3}},"locations":[{"start":{"line":345,"column":2},"end":{"line":347,"column":3}}]},"54":{"type":"branch","line":350,"loc":{"start":{"line":350,"column":0},"end":{"line":352,"column":1}},"locations":[{"start":{"line":350,"column":0},"end":{"line":352,"column":1}}]},"55":{"type":"branch","line":356,"loc":{"start":{"line":356,"column":0},"end":{"line":358,"column":1}},"locations":[{"start":{"line":356,"column":0},"end":{"line":358,"column":1}}]},"56":{"type":"branch","line":357,"loc":{"start":{"line":357,"column":60},"end":{"line":357,"column":74}},"locations":[{"start":{"line":357,"column":60},"end":{"line":357,"column":74}}]},"57":{"type":"branch","line":357,"loc":{"start":{"line":357,"column":65},"end":{"line":357,"column":83}},"locations":[{"start":{"line":357,"column":65},"end":{"line":357,"column":83}}]},"58":{"type":"branch","line":364,"loc":{"start":{"line":364,"column":0},"end":{"line":370,"column":1}},"locations":[{"start":{"line":364,"column":0},"end":{"line":370,"column":1}}]},"59":{"type":"branch","line":374,"loc":{"start":{"line":374,"column":0},"end":{"line":376,"column":1}},"locations":[{"start":{"line":374,"column":0},"end":{"line":376,"column":1}}]},"60":{"type":"branch","line":382,"loc":{"start":{"line":382,"column":0},"end":{"line":384,"column":1}},"locations":[{"start":{"line":382,"column":0},"end":{"line":384,"column":1}}]},"61":{"type":"branch","line":390,"loc":{"start":{"line":390,"column":0},"end":{"line":394,"column":1}},"locations":[{"start":{"line":390,"column":0},"end":{"line":394,"column":1}}]},"62":{"type":"branch","line":391,"loc":{"start":{"line":391,"column":78},"end":{"line":393,"column":4}},"locations":[{"start":{"line":391,"column":78},"end":{"line":393,"column":4}}]},"63":{"type":"branch","line":400,"loc":{"start":{"line":400,"column":0},"end":{"line":410,"column":1}},"locations":[{"start":{"line":400,"column":0},"end":{"line":410,"column":1}}]},"64":{"type":"branch","line":407,"loc":{"start":{"line":407,"column":85},"end":{"line":409,"column":4}},"locations":[{"start":{"line":407,"column":85},"end":{"line":409,"column":4}}]},"65":{"type":"branch","line":420,"loc":{"start":{"line":420,"column":0},"end":{"line":427,"column":1}},"locations":[{"start":{"line":420,"column":0},"end":{"line":427,"column":1}}]},"66":{"type":"branch","line":424,"loc":{"start":{"line":424,"column":101},"end":{"line":426,"column":4}},"locations":[{"start":{"line":424,"column":101},"end":{"line":426,"column":4}}]},"67":{"type":"branch","line":432,"loc":{"start":{"line":432,"column":0},"end":{"line":448,"column":1}},"locations":[{"start":{"line":432,"column":0},"end":{"line":448,"column":1}}]},"68":{"type":"branch","line":434,"loc":{"start":{"line":434,"column":30},"end":{"line":434,"column":40}},"locations":[{"start":{"line":434,"column":30},"end":{"line":434,"column":40}}]},"69":{"type":"branch","line":434,"loc":{"start":{"line":434,"column":38},"end":{"line":439,"column":29}},"locations":[{"start":{"line":434,"column":38},"end":{"line":439,"column":29}}]},"70":{"type":"branch","line":439,"loc":{"start":{"line":439,"column":15},"end":{"line":439,"column":33}},"locations":[{"start":{"line":439,"column":15},"end":{"line":439,"column":33}}]},"71":{"type":"branch","line":439,"loc":{"start":{"line":439,"column":37},"end":{"line":447,"column":4}},"locations":[{"start":{"line":439,"column":37},"end":{"line":447,"column":4}}]},"72":{"type":"branch","line":443,"loc":{"start":{"line":443,"column":17},"end":{"line":443,"column":87}},"locations":[{"start":{"line":443,"column":17},"end":{"line":443,"column":87}}]},"73":{"type":"branch","line":444,"loc":{"start":{"line":444,"column":17},"end":{"line":444,"column":43}},"locations":[{"start":{"line":444,"column":17},"end":{"line":444,"column":43}}]},"74":{"type":"branch","line":445,"loc":{"start":{"line":445,"column":22},"end":{"line":445,"column":42}},"locations":[{"start":{"line":445,"column":22},"end":{"line":445,"column":42}}]},"75":{"type":"branch","line":446,"loc":{"start":{"line":446,"column":22},"end":{"line":446,"column":44}},"locations":[{"start":{"line":446,"column":22},"end":{"line":446,"column":44}}]},"76":{"type":"branch","line":453,"loc":{"start":{"line":453,"column":0},"end":{"line":455,"column":1}},"locations":[{"start":{"line":453,"column":0},"end":{"line":455,"column":1}}]},"77":{"type":"branch","line":460,"loc":{"start":{"line":460,"column":0},"end":{"line":462,"column":1}},"locations":[{"start":{"line":460,"column":0},"end":{"line":462,"column":1}}]},"78":{"type":"branch","line":468,"loc":{"start":{"line":468,"column":0},"end":{"line":474,"column":1}},"locations":[{"start":{"line":468,"column":0},"end":{"line":474,"column":1}}]},"79":{"type":"branch","line":471,"loc":{"start":{"line":471,"column":83},"end":{"line":473,"column":4}},"locations":[{"start":{"line":471,"column":83},"end":{"line":473,"column":4}}]},"80":{"type":"branch","line":479,"loc":{"start":{"line":479,"column":0},"end":{"line":486,"column":1}},"locations":[{"start":{"line":479,"column":0},"end":{"line":486,"column":1}}]},"81":{"type":"branch","line":483,"loc":{"start":{"line":483,"column":90},"end":{"line":485,"column":4}},"locations":[{"start":{"line":483,"column":90},"end":{"line":485,"column":4}}]},"82":{"type":"branch","line":491,"loc":{"start":{"line":491,"column":0},"end":{"line":493,"column":1}},"locations":[{"start":{"line":491,"column":0},"end":{"line":493,"column":1}}]},"83":{"type":"branch","line":499,"loc":{"start":{"line":499,"column":0},"end":{"line":501,"column":1}},"locations":[{"start":{"line":499,"column":0},"end":{"line":501,"column":1}}]},"84":{"type":"branch","line":508,"loc":{"start":{"line":508,"column":0},"end":{"line":515,"column":1}},"locations":[{"start":{"line":508,"column":0},"end":{"line":515,"column":1}}]},"85":{"type":"branch","line":512,"loc":{"start":{"line":512,"column":101},"end":{"line":514,"column":4}},"locations":[{"start":{"line":512,"column":101},"end":{"line":514,"column":4}}]},"86":{"type":"branch","line":520,"loc":{"start":{"line":520,"column":0},"end":{"line":522,"column":1}},"locations":[{"start":{"line":520,"column":0},"end":{"line":522,"column":1}}]},"87":{"type":"branch","line":528,"loc":{"start":{"line":528,"column":0},"end":{"line":533,"column":1}},"locations":[{"start":{"line":528,"column":0},"end":{"line":533,"column":1}}]},"88":{"type":"branch","line":530,"loc":{"start":{"line":530,"column":30},"end":{"line":532,"column":25}},"locations":[{"start":{"line":530,"column":30},"end":{"line":532,"column":25}}]},"89":{"type":"branch","line":532,"loc":{"start":{"line":532,"column":14},"end":{"line":532,"column":28}},"locations":[{"start":{"line":532,"column":14},"end":{"line":532,"column":28}}]},"90":{"type":"branch","line":539,"loc":{"start":{"line":539,"column":0},"end":{"line":549,"column":1}},"locations":[{"start":{"line":539,"column":0},"end":{"line":549,"column":1}}]},"91":{"type":"branch","line":546,"loc":{"start":{"line":546,"column":41},"end":{"line":546,"column":80}},"locations":[{"start":{"line":546,"column":41},"end":{"line":546,"column":80}}]},"92":{"type":"branch","line":546,"loc":{"start":{"line":546,"column":76},"end":{"line":546,"column":84}},"locations":[{"start":{"line":546,"column":76},"end":{"line":546,"column":84}}]},"93":{"type":"branch","line":547,"loc":{"start":{"line":547,"column":4},"end":{"line":547,"column":39}},"locations":[{"start":{"line":547,"column":4},"end":{"line":547,"column":39}}]},"94":{"type":"branch","line":554,"loc":{"start":{"line":554,"column":0},"end":{"line":560,"column":1}},"locations":[{"start":{"line":554,"column":0},"end":{"line":560,"column":1}}]},"95":{"type":"branch","line":557,"loc":{"start":{"line":557,"column":77},"end":{"line":559,"column":4}},"locations":[{"start":{"line":557,"column":77},"end":{"line":559,"column":4}}]},"96":{"type":"branch","line":565,"loc":{"start":{"line":565,"column":0},"end":{"line":572,"column":1}},"locations":[{"start":{"line":565,"column":0},"end":{"line":572,"column":1}}]},"97":{"type":"branch","line":569,"loc":{"start":{"line":569,"column":84},"end":{"line":571,"column":4}},"locations":[{"start":{"line":569,"column":84},"end":{"line":571,"column":4}}]},"98":{"type":"branch","line":577,"loc":{"start":{"line":577,"column":0},"end":{"line":579,"column":1}},"locations":[{"start":{"line":577,"column":0},"end":{"line":579,"column":1}}]},"99":{"type":"branch","line":584,"loc":{"start":{"line":584,"column":0},"end":{"line":586,"column":1}},"locations":[{"start":{"line":584,"column":0},"end":{"line":586,"column":1}}]},"100":{"type":"branch","line":592,"loc":{"start":{"line":592,"column":0},"end":{"line":594,"column":1}},"locations":[{"start":{"line":592,"column":0},"end":{"line":594,"column":1}}]},"101":{"type":"branch","line":602,"loc":{"start":{"line":602,"column":0},"end":{"line":604,"column":1}},"locations":[{"start":{"line":602,"column":0},"end":{"line":604,"column":1}}]},"102":{"type":"branch","line":615,"loc":{"start":{"line":615,"column":0},"end":{"line":627,"column":1}},"locations":[{"start":{"line":615,"column":0},"end":{"line":627,"column":1}}]},"103":{"type":"branch","line":618,"loc":{"start":{"line":618,"column":25},"end":{"line":618,"column":49}},"locations":[{"start":{"line":618,"column":25},"end":{"line":618,"column":49}}]},"104":{"type":"branch","line":618,"loc":{"start":{"line":618,"column":49},"end":{"line":625,"column":3}},"locations":[{"start":{"line":618,"column":49},"end":{"line":625,"column":3}}]},"105":{"type":"branch","line":622,"loc":{"start":{"line":622,"column":4},"end":{"line":624,"column":5}},"locations":[{"start":{"line":622,"column":4},"end":{"line":624,"column":5}}]},"106":{"type":"branch","line":626,"loc":{"start":{"line":626,"column":18},"end":{"line":626,"column":63}},"locations":[{"start":{"line":626,"column":18},"end":{"line":626,"column":63}}]},"107":{"type":"branch","line":626,"loc":{"start":{"line":626,"column":59},"end":{"line":626,"column":100}},"locations":[{"start":{"line":626,"column":59},"end":{"line":626,"column":100}}]},"108":{"type":"branch","line":633,"loc":{"start":{"line":633,"column":0},"end":{"line":635,"column":1}},"locations":[{"start":{"line":633,"column":0},"end":{"line":635,"column":1}}]}},"b":{"0":[24],"1":[1],"2":[145],"3":[93],"4":[64],"5":[4],"6":[4],"7":[137],"8":[8],"9":[43],"10":[43],"11":[42],"12":[21],"13":[18],"14":[3],"15":[22],"16":[21],"17":[1],"18":[4],"19":[3],"20":[2],"21":[0],"22":[6],"23":[5],"24":[4],"25":[2],"26":[0],"27":[3],"28":[0],"29":[2],"30":[1],"31":[6],"32":[2],"33":[2],"34":[2],"35":[4],"36":[4],"37":[1],"38":[3],"39":[2],"40":[1],"41":[3],"42":[2],"43":[1],"44":[2],"45":[3],"46":[1],"47":[2],"48":[1],"49":[19],"50":[3],"51":[16],"52":[1],"53":[0],"54":[3],"55":[4],"56":[3],"57":[1],"58":[4],"59":[4],"60":[4],"61":[4],"62":[1],"63":[3],"64":[2],"65":[3],"66":[2],"67":[14],"68":[2],"69":[12],"70":[2],"71":[8],"72":[6],"73":[7],"74":[7],"75":[7],"76":[4],"77":[2],"78":[6],"79":[2],"80":[6],"81":[2],"82":[4],"83":[4],"84":[6],"85":[4],"86":[5],"87":[2],"88":[1],"89":[0],"90":[3],"91":[2],"92":[1],"93":[2],"94":[2],"95":[1],"96":[1],"97":[1],"98":[1],"99":[1],"100":[1],"101":[3],"102":[3],"103":[2],"104":[2],"105":[0],"106":[1],"107":[2],"108":[6]},"fnMap":{"0":{"name":"errorText","decl":{"start":{"line":180,"column":0},"end":{"line":183,"column":1}},"loc":{"start":{"line":180,"column":0},"end":{"line":183,"column":1}},"line":180},"1":{"name":"request","decl":{"start":{"line":202,"column":0},"end":{"line":220,"column":1}},"loc":{"start":{"line":202,"column":0},"end":{"line":220,"column":1}},"line":202},"2":{"name":"boolRequest","decl":{"start":{"line":225,"column":0},"end":{"line":227,"column":1}},"loc":{"start":{"line":225,"column":0},"end":{"line":227,"column":1}},"line":225},"3":{"name":"resultRequest","decl":{"start":{"line":232,"column":0},"end":{"line":251,"column":1}},"loc":{"start":{"line":232,"column":0},"end":{"line":251,"column":1}},"line":232},"4":{"name":"authConfig","decl":{"start":{"line":255,"column":0},"end":{"line":264,"column":1}},"loc":{"start":{"line":255,"column":0},"end":{"line":264,"column":1}},"line":255},"5":{"name":"systemConfig","decl":{"start":{"line":270,"column":0},"end":{"line":279,"column":1}},"loc":{"start":{"line":270,"column":0},"end":{"line":279,"column":1}},"line":270},"6":{"name":"saveSystemSettings","decl":{"start":{"line":285,"column":0},"end":{"line":291,"column":1}},"loc":{"start":{"line":285,"column":0},"end":{"line":291,"column":1}},"line":285},"7":{"name":"parseSystemConfig","decl":{"start":{"line":294,"column":0},"end":{"line":300,"column":1}},"loc":{"start":{"line":294,"column":0},"end":{"line":300,"column":1}},"line":294},"8":{"name":"adminEnvConfig","decl":{"start":{"line":306,"column":0},"end":{"line":311,"column":1}},"loc":{"start":{"line":306,"column":0},"end":{"line":311,"column":1}},"line":306},"9":{"name":"me","decl":{"start":{"line":315,"column":0},"end":{"line":318,"column":1}},"loc":{"start":{"line":315,"column":0},"end":{"line":318,"column":1}},"line":315},"10":{"name":"login","decl":{"start":{"line":320,"column":0},"end":{"line":324,"column":1}},"loc":{"start":{"line":320,"column":0},"end":{"line":324,"column":1}},"line":320},"11":{"name":"register","decl":{"start":{"line":326,"column":0},"end":{"line":328,"column":1}},"loc":{"start":{"line":326,"column":0},"end":{"line":328,"column":1}},"line":326},"12":{"name":"logout","decl":{"start":{"line":330,"column":0},"end":{"line":332,"column":1}},"loc":{"start":{"line":330,"column":0},"end":{"line":332,"column":1}},"line":330},"13":{"name":"servicesWithStatus","decl":{"start":{"line":339,"column":0},"end":{"line":348,"column":1}},"loc":{"start":{"line":339,"column":0},"end":{"line":348,"column":1}},"line":339},"14":{"name":"services","decl":{"start":{"line":350,"column":0},"end":{"line":352,"column":1}},"loc":{"start":{"line":350,"column":0},"end":{"line":352,"column":1}},"line":350},"15":{"name":"setFavorite","decl":{"start":{"line":356,"column":0},"end":{"line":358,"column":1}},"loc":{"start":{"line":356,"column":0},"end":{"line":358,"column":1}},"line":356},"16":{"name":"uploadIcon","decl":{"start":{"line":364,"column":0},"end":{"line":370,"column":1}},"loc":{"start":{"line":364,"column":0},"end":{"line":370,"column":1}},"line":364},"17":{"name":"deleteIcon","decl":{"start":{"line":374,"column":0},"end":{"line":376,"column":1}},"loc":{"start":{"line":374,"column":0},"end":{"line":376,"column":1}},"line":374},"18":{"name":"deleteService","decl":{"start":{"line":382,"column":0},"end":{"line":384,"column":1}},"loc":{"start":{"line":382,"column":0},"end":{"line":384,"column":1}},"line":382},"19":{"name":"createService","decl":{"start":{"line":390,"column":0},"end":{"line":394,"column":1}},"loc":{"start":{"line":390,"column":0},"end":{"line":394,"column":1}},"line":390},"20":{"name":"updateService","decl":{"start":{"line":400,"column":0},"end":{"line":410,"column":1}},"loc":{"start":{"line":400,"column":0},"end":{"line":410,"column":1}},"line":400},"21":{"name":"fetchIcon","decl":{"start":{"line":420,"column":0},"end":{"line":427,"column":1}},"loc":{"start":{"line":420,"column":0},"end":{"line":427,"column":1}},"line":420},"22":{"name":"categories","decl":{"start":{"line":432,"column":0},"end":{"line":448,"column":1}},"loc":{"start":{"line":432,"column":0},"end":{"line":448,"column":1}},"line":432},"23":{"name":"saveCategoryWidth","decl":{"start":{"line":453,"column":0},"end":{"line":455,"column":1}},"loc":{"start":{"line":453,"column":0},"end":{"line":455,"column":1}},"line":453},"24":{"name":"saveCategoryLayout","decl":{"start":{"line":460,"column":0},"end":{"line":462,"column":1}},"loc":{"start":{"line":460,"column":0},"end":{"line":462,"column":1}},"line":460},"25":{"name":"createCategory","decl":{"start":{"line":468,"column":0},"end":{"line":474,"column":1}},"loc":{"start":{"line":468,"column":0},"end":{"line":474,"column":1}},"line":468},"26":{"name":"renameCategory","decl":{"start":{"line":479,"column":0},"end":{"line":486,"column":1}},"loc":{"start":{"line":479,"column":0},"end":{"line":486,"column":1}},"line":479},"27":{"name":"deleteCategory","decl":{"start":{"line":491,"column":0},"end":{"line":493,"column":1}},"loc":{"start":{"line":491,"column":0},"end":{"line":493,"column":1}},"line":491},"28":{"name":"setCategoryOrder","decl":{"start":{"line":499,"column":0},"end":{"line":501,"column":1}},"loc":{"start":{"line":499,"column":0},"end":{"line":501,"column":1}},"line":499},"29":{"name":"assignCategory","decl":{"start":{"line":508,"column":0},"end":{"line":515,"column":1}},"loc":{"start":{"line":508,"column":0},"end":{"line":515,"column":1}},"line":508},"30":{"name":"setLayout","decl":{"start":{"line":520,"column":0},"end":{"line":522,"column":1}},"loc":{"start":{"line":520,"column":0},"end":{"line":522,"column":1}},"line":520},"31":{"name":"listLibrary","decl":{"start":{"line":528,"column":0},"end":{"line":533,"column":1}},"loc":{"start":{"line":528,"column":0},"end":{"line":533,"column":1}},"line":528},"32":{"name":"addFromLibrary","decl":{"start":{"line":539,"column":0},"end":{"line":549,"column":1}},"loc":{"start":{"line":539,"column":0},"end":{"line":549,"column":1}},"line":539},"33":{"name":"createLibraryApp","decl":{"start":{"line":554,"column":0},"end":{"line":560,"column":1}},"loc":{"start":{"line":554,"column":0},"end":{"line":560,"column":1}},"line":554},"34":{"name":"updateLibraryApp","decl":{"start":{"line":565,"column":0},"end":{"line":572,"column":1}},"loc":{"start":{"line":565,"column":0},"end":{"line":572,"column":1}},"line":565},"35":{"name":"deleteLibraryApp","decl":{"start":{"line":577,"column":0},"end":{"line":579,"column":1}},"loc":{"start":{"line":577,"column":0},"end":{"line":579,"column":1}},"line":577},"36":{"name":"setLibraryOrder","decl":{"start":{"line":584,"column":0},"end":{"line":586,"column":1}},"loc":{"start":{"line":584,"column":0},"end":{"line":586,"column":1}},"line":584},"37":{"name":"setDensityPref","decl":{"start":{"line":592,"column":0},"end":{"line":594,"column":1}},"loc":{"start":{"line":592,"column":0},"end":{"line":594,"column":1}},"line":592},"38":{"name":"setHealthBarPref","decl":{"start":{"line":602,"column":0},"end":{"line":604,"column":1}},"loc":{"start":{"line":602,"column":0},"end":{"line":604,"column":1}},"line":602},"39":{"name":"refreshStatus","decl":{"start":{"line":615,"column":0},"end":{"line":627,"column":1}},"loc":{"start":{"line":615,"column":0},"end":{"line":627,"column":1}},"line":615},"40":{"name":"setThemePref","decl":{"start":{"line":633,"column":0},"end":{"line":635,"column":1}},"loc":{"start":{"line":633,"column":0},"end":{"line":635,"column":1}},"line":633}},"f":{"0":24,"1":145,"2":43,"3":43,"4":4,"5":6,"6":3,"7":6,"8":4,"9":3,"10":3,"11":2,"12":1,"13":19,"14":3,"15":4,"16":4,"17":4,"18":4,"19":4,"20":3,"21":3,"22":14,"23":4,"24":2,"25":6,"26":6,"27":4,"28":4,"29":6,"30":5,"31":2,"32":3,"33":2,"34":1,"35":1,"36":1,"37":1,"38":3,"39":3,"40":6}}
,"/Users/calebdunn/Documents/projects/homepad/homepad/src/main.tsx": {"path":"/Users/calebdunn/Documents/projects/homepad/homepad/src/main.tsx","all":true,"statementMap":{"0":{"start":{"line":1,"column":0},"end":{"line":1,"column":26}},"1":{"start":{"line":2,"column":0},"end":{"line":2,"column":40}},"2":{"start":{"line":3,"column":0},"end":{"line":3,"column":28}},"3":{"start":{"line":4,"column":0},"end":{"line":4,"column":44}},"4":{"start":{"line":5,"column":0},"end":{"line":5,"column":21}},"8":{"start":{"line":9,"column":0},"end":{"line":9,"column":13}},"10":{"start":{"line":11,"column":0},"end":{"line":11,"column":61}},"11":{"start":{"line":12,"column":0},"end":{"line":12,"column":20}},"12":{"start":{"line":13,"column":0},"end":{"line":13,"column":11}},"13":{"start":{"line":14,"column":0},"end":{"line":14,"column":22}},"14":{"start":{"line":15,"column":0},"end":{"line":15,"column":2}}},"s":{"0":0,"1":0,"2":0,"3":0,"4":0,"8":0,"10":0,"11":0,"12":0,"13":0,"14":0},"branchMap":{"0":{"type":"branch","line":1,"loc":{"start":{"line":1,"column":461},"end":{"line":15,"column":2}},"locations":[{"start":{"line":1,"column":461},"end":{"line":15,"column":2}}]}},"b":{"0":[0]},"fnMap":{"0":{"name":"(empty-report)","decl":{"start":{"line":1,"column":461},"end":{"line":15,"column":2}},"loc":{"start":{"line":1,"column":461},"end":{"line":15,"column":2}},"line":1}},"f":{"0":0}}
,"/Users/calebdunn/Documents/projects/homepad/homepad/src/services.tsx": {"path":"/Users/calebdunn/Documents/projects/homepad/homepad/src/services.tsx","all":false,"statementMap":{"0":{"start":{"line":1,"column":0},"end":{"line":1,"column":78}},"16":{"start":{"line":17,"column":0},"end":{"line":17,"column":23}},"39":{"start":{"line":40,"column":0},"end":{"line":40,"column":82}},"66":{"start":{"line":67,"column":0},"end":{"line":67,"column":73}},"82":{"start":{"line":83,"column":0},"end":{"line":83,"column":30}},"83":{"start":{"line":84,"column":0},"end":{"line":84,"column":21}},"84":{"start":{"line":85,"column":0},"end":{"line":85,"column":19}},"85":{"start":{"line":86,"column":0},"end":{"line":86,"column":76}},"86":{"start":{"line":87,"column":0},"end":{"line":87,"column":52}},"87":{"start":{"line":88,"column":0},"end":{"line":88,"column":37}},"88":{"start":{"line":89,"column":0},"end":{"line":89,"column":39}},"89":{"start":{"line":90,"column":0},"end":{"line":90,"column":22}},"90":{"start":{"line":91,"column":0},"end":{"line":91,"column":35}},"91":{"start":{"line":92,"column":0},"end":{"line":92,"column":29}},"92":{"start":{"line":93,"column":0},"end":{"line":93,"column":21}},"93":{"start":{"line":94,"column":0},"end":{"line":94,"column":86}},"94":{"start":{"line":95,"column":0},"end":{"line":95,"column":19}},"95":{"start":{"line":96,"column":0},"end":{"line":96,"column":32}},"97":{"start":{"line":98,"column":0},"end":{"line":98,"column":93}},"99":{"start":{"line":100,"column":0},"end":{"line":100,"column":63}},"100":{"start":{"line":101,"column":0},"end":{"line":101,"column":79}},"101":{"start":{"line":102,"column":0},"end":{"line":102,"column":7}},"102":{"start":{"line":103,"column":0},"end":{"line":103,"column":5}},"103":{"start":{"line":104,"column":0},"end":{"line":104,"column":68}},"104":{"start":{"line":105,"column":0},"end":{"line":105,"column":5}},"105":{"start":{"line":106,"column":0},"end":{"line":106,"column":66}},"106":{"start":{"line":107,"column":0},"end":{"line":107,"column":1}},"108":{"start":{"line":109,"column":0},"end":{"line":109,"column":88}},"109":{"start":{"line":110,"column":0},"end":{"line":110,"column":27}},"110":{"start":{"line":111,"column":0},"end":{"line":111,"column":54}},"111":{"start":{"line":112,"column":0},"end":{"line":112,"column":89}},"112":{"start":{"line":113,"column":0},"end":{"line":113,"column":1}},"114":{"start":{"line":115,"column":0},"end":{"line":115,"column":73}},"115":{"start":{"line":116,"column":0},"end":{"line":116,"column":61}},"116":{"start":{"line":117,"column":0},"end":{"line":117,"column":74}},"118":{"start":{"line":119,"column":0},"end":{"line":119,"column":73}},"122":{"start":{"line":123,"column":0},"end":{"line":123,"column":32}},"125":{"start":{"line":126,"column":0},"end":{"line":126,"column":50}},"126":{"start":{"line":127,"column":0},"end":{"line":127,"column":27}},"130":{"start":{"line":131,"column":0},"end":{"line":131,"column":35}},"131":{"start":{"line":132,"column":0},"end":{"line":132,"column":35}},"132":{"start":{"line":133,"column":0},"end":{"line":133,"column":29}},"136":{"start":{"line":137,"column":0},"end":{"line":137,"column":78}},"139":{"start":{"line":140,"column":0},"end":{"line":140,"column":47}},"141":{"start":{"line":142,"column":0},"end":{"line":142,"column":19}},"142":{"start":{"line":143,"column":0},"end":{"line":143,"column":26}},"144":{"start":{"line":145,"column":0},"end":{"line":145,"column":43}},"145":{"start":{"line":146,"column":0},"end":{"line":146,"column":34}},"147":{"start":{"line":148,"column":0},"end":{"line":148,"column":68}},"148":{"start":{"line":149,"column":0},"end":{"line":149,"column":69}},"149":{"start":{"line":150,"column":0},"end":{"line":150,"column":28}},"150":{"start":{"line":151,"column":0},"end":{"line":151,"column":27}},"151":{"start":{"line":152,"column":0},"end":{"line":152,"column":57}},"152":{"start":{"line":153,"column":0},"end":{"line":153,"column":15}},"153":{"start":{"line":154,"column":0},"end":{"line":154,"column":7}},"157":{"start":{"line":158,"column":0},"end":{"line":158,"column":45}},"158":{"start":{"line":159,"column":0},"end":{"line":159,"column":35}},"161":{"start":{"line":162,"column":0},"end":{"line":162,"column":28}},"162":{"start":{"line":163,"column":0},"end":{"line":163,"column":24}},"163":{"start":{"line":164,"column":0},"end":{"line":164,"column":37}},"164":{"start":{"line":165,"column":0},"end":{"line":165,"column":15}},"165":{"start":{"line":166,"column":0},"end":{"line":166,"column":7}},"166":{"start":{"line":167,"column":0},"end":{"line":167,"column":71}},"167":{"start":{"line":168,"column":0},"end":{"line":168,"column":29}},"168":{"start":{"line":169,"column":0},"end":{"line":169,"column":21}},"169":{"start":{"line":170,"column":0},"end":{"line":170,"column":28}},"170":{"start":{"line":171,"column":0},"end":{"line":171,"column":52}},"174":{"start":{"line":175,"column":0},"end":{"line":175,"column":31}},"175":{"start":{"line":176,"column":0},"end":{"line":176,"column":39}},"176":{"start":{"line":177,"column":0},"end":{"line":177,"column":37}},"177":{"start":{"line":178,"column":0},"end":{"line":178,"column":27}},"178":{"start":{"line":179,"column":0},"end":{"line":179,"column":38}},"179":{"start":{"line":180,"column":0},"end":{"line":180,"column":28}},"180":{"start":{"line":181,"column":0},"end":{"line":181,"column":32}},"181":{"start":{"line":182,"column":0},"end":{"line":182,"column":30}},"182":{"start":{"line":183,"column":0},"end":{"line":183,"column":31}},"183":{"start":{"line":184,"column":0},"end":{"line":184,"column":28}},"184":{"start":{"line":185,"column":0},"end":{"line":185,"column":20}},"185":{"start":{"line":186,"column":0},"end":{"line":186,"column":13}},"186":{"start":{"line":187,"column":0},"end":{"line":187,"column":10}},"187":{"start":{"line":188,"column":0},"end":{"line":188,"column":7}},"188":{"start":{"line":189,"column":0},"end":{"line":189,"column":5}},"190":{"start":{"line":191,"column":0},"end":{"line":191,"column":27}},"191":{"start":{"line":192,"column":0},"end":{"line":192,"column":20}},"192":{"start":{"line":193,"column":0},"end":{"line":193,"column":60}},"196":{"start":{"line":197,"column":0},"end":{"line":197,"column":29}},"197":{"start":{"line":198,"column":0},"end":{"line":198,"column":67}},"198":{"start":{"line":199,"column":0},"end":{"line":199,"column":5}},"199":{"start":{"line":200,"column":0},"end":{"line":200,"column":64}},"201":{"start":{"line":202,"column":0},"end":{"line":202,"column":18}},"202":{"start":{"line":203,"column":0},"end":{"line":203,"column":23}},"203":{"start":{"line":204,"column":0},"end":{"line":204,"column":24}},"204":{"start":{"line":205,"column":0},"end":{"line":205,"column":69}},"205":{"start":{"line":206,"column":0},"end":{"line":206,"column":6}},"206":{"start":{"line":207,"column":0},"end":{"line":207,"column":9}},"208":{"start":{"line":209,"column":0},"end":{"line":209,"column":53}},"209":{"start":{"line":210,"column":0},"end":{"line":210,"column":36}},"210":{"start":{"line":211,"column":0},"end":{"line":211,"column":36}},"214":{"start":{"line":215,"column":0},"end":{"line":215,"column":82}},"215":{"start":{"line":216,"column":0},"end":{"line":216,"column":56}},"216":{"start":{"line":217,"column":0},"end":{"line":217,"column":33}},"217":{"start":{"line":218,"column":0},"end":{"line":218,"column":23}},"218":{"start":{"line":219,"column":0},"end":{"line":219,"column":3}},"220":{"start":{"line":221,"column":0},"end":{"line":221,"column":10}},"221":{"start":{"line":222,"column":0},"end":{"line":222,"column":29}},"222":{"start":{"line":223,"column":0},"end":{"line":223,"column":14}},"223":{"start":{"line":224,"column":0},"end":{"line":224,"column":14}},"224":{"start":{"line":225,"column":0},"end":{"line":225,"column":17}},"225":{"start":{"line":226,"column":0},"end":{"line":226,"column":22}},"226":{"start":{"line":227,"column":0},"end":{"line":227,"column":22}},"228":{"start":{"line":229,"column":0},"end":{"line":229,"column":55}},"229":{"start":{"line":230,"column":0},"end":{"line":230,"column":16}},"230":{"start":{"line":231,"column":0},"end":{"line":231,"column":8}},"232":{"start":{"line":233,"column":0},"end":{"line":233,"column":16}},"233":{"start":{"line":234,"column":0},"end":{"line":234,"column":31}},"235":{"start":{"line":236,"column":0},"end":{"line":236,"column":1}},"239":{"start":{"line":240,"column":0},"end":{"line":240,"column":67}},"240":{"start":{"line":241,"column":0},"end":{"line":241,"column":37}},"241":{"start":{"line":242,"column":0},"end":{"line":242,"column":1}}},"s":{"0":1,"16":1,"39":1,"66":1,"82":1,"83":16,"84":16,"85":16,"86":16,"87":16,"88":16,"89":16,"90":16,"91":24,"92":24,"93":24,"94":10,"95":10,"97":10,"99":10,"100":6,"101":6,"102":10,"103":10,"104":16,"105":16,"106":16,"108":14,"109":14,"110":14,"111":0,"112":0,"114":1,"115":87,"116":87,"118":87,"122":87,"125":87,"126":87,"130":87,"131":87,"132":87,"136":87,"139":87,"141":87,"142":40,"144":40,"145":55,"147":55,"148":50,"149":50,"150":55,"151":1,"152":1,"153":1,"157":55,"158":48,"161":55,"162":40,"163":40,"164":40,"165":40,"166":8,"167":8,"168":8,"169":8,"170":27,"174":27,"175":3,"176":3,"177":3,"178":3,"179":3,"180":3,"181":3,"182":3,"183":3,"184":3,"185":3,"186":3,"187":3,"188":55,"190":40,"191":40,"192":40,"196":40,"197":2,"198":2,"199":40,"201":40,"202":40,"203":40,"204":40,"205":40,"206":87,"208":87,"209":5,"210":5,"214":5,"215":2,"216":2,"217":2,"218":5,"220":87,"221":87,"222":87,"223":87,"224":87,"225":87,"226":87,"228":87,"229":87,"230":87,"232":87,"233":87,"235":87,"239":1,"240":537,"241":537},"branchMap":{"0":{"type":"branch","line":83,"loc":{"start":{"line":83,"column":7},"end":{"line":107,"column":1}},"locations":[{"start":{"line":83,"column":7},"end":{"line":107,"column":1}}]},"1":{"type":"branch","line":106,"loc":{"start":{"line":106,"column":17},"end":{"line":106,"column":34}},"locations":[{"start":{"line":106,"column":17},"end":{"line":106,"column":34}}]},"2":{"type":"branch","line":106,"loc":{"start":{"line":106,"column":27},"end":{"line":106,"column":43}},"locations":[{"start":{"line":106,"column":27},"end":{"line":106,"column":43}}]},"3":{"type":"branch","line":87,"loc":{"start":{"line":87,"column":33},"end":{"line":87,"column":49}},"locations":[{"start":{"line":87,"column":33},"end":{"line":87,"column":49}}]},"4":{"type":"branch","line":91,"loc":{"start":{"line":91,"column":27},"end":{"line":105,"column":3}},"locations":[{"start":{"line":91,"column":27},"end":{"line":105,"column":3}}]},"5":{"type":"branch","line":93,"loc":{"start":{"line":93,"column":12},"end":{"line":93,"column":21}},"locations":[{"start":{"line":93,"column":12},"end":{"line":93,"column":21}}]},"6":{"type":"branch","line":94,"loc":{"start":{"line":94,"column":23},"end":{"line":94,"column":77}},"locations":[{"start":{"line":94,"column":23},"end":{"line":94,"column":77}}]},"7":{"type":"branch","line":94,"loc":{"start":{"line":94,"column":77},"end":{"line":94,"column":86}},"locations":[{"start":{"line":94,"column":77},"end":{"line":94,"column":86}}]},"8":{"type":"branch","line":94,"loc":{"start":{"line":94,"column":84},"end":{"line":104,"column":68}},"locations":[{"start":{"line":94,"column":84},"end":{"line":104,"column":68}}]},"9":{"type":"branch","line":100,"loc":{"start":{"line":100,"column":32},"end":{"line":100,"column":62}},"locations":[{"start":{"line":100,"column":32},"end":{"line":100,"column":62}}]},"10":{"type":"branch","line":100,"loc":{"start":{"line":100,"column":62},"end":{"line":102,"column":7}},"locations":[{"start":{"line":100,"column":62},"end":{"line":102,"column":7}}]},"11":{"type":"branch","line":109,"loc":{"start":{"line":109,"column":0},"end":{"line":113,"column":1}},"locations":[{"start":{"line":109,"column":0},"end":{"line":113,"column":1}}]},"12":{"type":"branch","line":110,"loc":{"start":{"line":110,"column":22},"end":{"line":111,"column":18}},"locations":[{"start":{"line":110,"column":22},"end":{"line":111,"column":18}}]},"13":{"type":"branch","line":111,"loc":{"start":{"line":111,"column":13},"end":{"line":111,"column":41}},"locations":[{"start":{"line":111,"column":13},"end":{"line":111,"column":41}}]},"14":{"type":"branch","line":111,"loc":{"start":{"line":111,"column":41},"end":{"line":113,"column":1}},"locations":[{"start":{"line":111,"column":41},"end":{"line":113,"column":1}}]},"15":{"type":"branch","line":115,"loc":{"start":{"line":115,"column":7},"end":{"line":236,"column":1}},"locations":[{"start":{"line":115,"column":7},"end":{"line":236,"column":1}}]},"16":{"type":"branch","line":142,"loc":{"start":{"line":142,"column":12},"end":{"line":207,"column":5}},"locations":[{"start":{"line":142,"column":12},"end":{"line":207,"column":5}}]},"17":{"type":"branch","line":145,"loc":{"start":{"line":145,"column":4},"end":{"line":189,"column":5}},"locations":[{"start":{"line":145,"column":4},"end":{"line":189,"column":5}}]},"18":{"type":"branch","line":146,"loc":{"start":{"line":146,"column":27},"end":{"line":146,"column":34}},"locations":[{"start":{"line":146,"column":27},"end":{"line":146,"column":34}}]},"19":{"type":"branch","line":146,"loc":{"start":{"line":146,"column":27},"end":{"line":148,"column":22}},"locations":[{"start":{"line":146,"column":27},"end":{"line":148,"column":22}}]},"20":{"type":"branch","line":148,"loc":{"start":{"line":148,"column":11},"end":{"line":148,"column":61}},"locations":[{"start":{"line":148,"column":11},"end":{"line":148,"column":61}}]},"21":{"type":"branch","line":148,"loc":{"start":{"line":148,"column":61},"end":{"line":148,"column":68}},"locations":[{"start":{"line":148,"column":61},"end":{"line":148,"column":68}}]},"22":{"type":"branch","line":148,"loc":{"start":{"line":148,"column":61},"end":{"line":150,"column":28}},"locations":[{"start":{"line":148,"column":61},"end":{"line":150,"column":28}}]},"23":{"type":"branch","line":150,"loc":{"start":{"line":150,"column":21},"end":{"line":150,"column":28}},"locations":[{"start":{"line":150,"column":21},"end":{"line":150,"column":28}}]},"24":{"type":"branch","line":150,"loc":{"start":{"line":150,"column":21},"end":{"line":151,"column":26}},"locations":[{"start":{"line":150,"column":21},"end":{"line":151,"column":26}}]},"25":{"type":"branch","line":151,"loc":{"start":{"line":151,"column":26},"end":{"line":154,"column":7}},"locations":[{"start":{"line":151,"column":26},"end":{"line":154,"column":7}}]},"26":{"type":"branch","line":154,"loc":{"start":{"line":154,"column":6},"end":{"line":158,"column":28}},"locations":[{"start":{"line":154,"column":6},"end":{"line":158,"column":28}}]},"27":{"type":"branch","line":158,"loc":{"start":{"line":158,"column":21},"end":{"line":158,"column":38}},"locations":[{"start":{"line":158,"column":21},"end":{"line":158,"column":38}}]},"28":{"type":"branch","line":158,"loc":{"start":{"line":158,"column":38},"end":{"line":158,"column":45}},"locations":[{"start":{"line":158,"column":38},"end":{"line":158,"column":45}}]},"29":{"type":"branch","line":158,"loc":{"start":{"line":158,"column":38},"end":{"line":162,"column":21}},"locations":[{"start":{"line":158,"column":38},"end":{"line":162,"column":21}}]},"30":{"type":"branch","line":162,"loc":{"start":{"line":162,"column":10},"end":{"line":162,"column":27}},"locations":[{"start":{"line":162,"column":10},"end":{"line":162,"column":27}}]},"31":{"type":"branch","line":162,"loc":{"start":{"line":162,"column":27},"end":{"line":166,"column":7}},"locations":[{"start":{"line":162,"column":27},"end":{"line":166,"column":7}}]},"32":{"type":"branch","line":166,"loc":{"start":{"line":166,"column":6},"end":{"line":188,"column":7}},"locations":[{"start":{"line":166,"column":6},"end":{"line":188,"column":7}}]},"33":{"type":"branch","line":166,"loc":{"start":{"line":166,"column":6},"end":{"line":171,"column":43}},"locations":[{"start":{"line":166,"column":6},"end":{"line":171,"column":43}}]},"34":{"type":"branch","line":171,"loc":{"start":{"line":171,"column":26},"end":{"line":171,"column":52}},"locations":[{"start":{"line":171,"column":26},"end":{"line":171,"column":52}}]},"35":{"type":"branch","line":171,"loc":{"start":{"line":171,"column":50},"end":{"line":175,"column":30}},"locations":[{"start":{"line":171,"column":50},"end":{"line":175,"column":30}}]},"36":{"type":"branch","line":175,"loc":{"start":{"line":175,"column":30},"end":{"line":188,"column":7}},"locations":[{"start":{"line":175,"column":30},"end":{"line":188,"column":7}}]},"37":{"type":"branch","line":177,"loc":{"start":{"line":177,"column":28},"end":{"line":186,"column":13}},"locations":[{"start":{"line":177,"column":28},"end":{"line":186,"column":13}}]},"38":{"type":"branch","line":178,"loc":{"start":{"line":178,"column":10},"end":{"line":178,"column":26}},"locations":[{"start":{"line":178,"column":10},"end":{"line":178,"column":26}}]},"39":{"type":"branch","line":193,"loc":{"start":{"line":193,"column":27},"end":{"line":193,"column":51}},"locations":[{"start":{"line":193,"column":27},"end":{"line":193,"column":51}}]},"40":{"type":"branch","line":197,"loc":{"start":{"line":197,"column":4},"end":{"line":199,"column":5}},"locations":[{"start":{"line":197,"column":4},"end":{"line":199,"column":5}}]},"41":{"type":"branch","line":198,"loc":{"start":{"line":198,"column":50},"end":{"line":198,"column":67}},"locations":[{"start":{"line":198,"column":50},"end":{"line":198,"column":67}}]},"42":{"type":"branch","line":202,"loc":{"start":{"line":202,"column":11},"end":{"line":206,"column":6}},"locations":[{"start":{"line":202,"column":11},"end":{"line":206,"column":6}}]},"43":{"type":"branch","line":209,"loc":{"start":{"line":209,"column":2},"end":{"line":219,"column":3}},"locations":[{"start":{"line":209,"column":2},"end":{"line":219,"column":3}}]},"44":{"type":"branch","line":211,"loc":{"start":{"line":211,"column":15},"end":{"line":211,"column":36}},"locations":[{"start":{"line":211,"column":15},"end":{"line":211,"column":36}}]},"45":{"type":"branch","line":211,"loc":{"start":{"line":211,"column":22},"end":{"line":215,"column":61}},"locations":[{"start":{"line":211,"column":22},"end":{"line":215,"column":61}}]},"46":{"type":"branch","line":215,"loc":{"start":{"line":215,"column":61},"end":{"line":215,"column":82}},"locations":[{"start":{"line":215,"column":61},"end":{"line":215,"column":82}}]},"47":{"type":"branch","line":215,"loc":{"start":{"line":215,"column":68},"end":{"line":218,"column":23}},"locations":[{"start":{"line":215,"column":68},"end":{"line":218,"column":23}}]},"48":{"type":"branch","line":240,"loc":{"start":{"line":240,"column":7},"end":{"line":242,"column":1}},"locations":[{"start":{"line":240,"column":7},"end":{"line":242,"column":1}}]}},"b":{"0":[16],"1":[10],"2":[6],"3":[24],"4":[24],"5":[0],"6":[14],"7":[14],"8":[10],"9":[8],"10":[6],"11":[14],"12":[0],"13":[0],"14":[0],"15":[87],"16":[40],"17":[55],"18":[3],"19":[52],"20":[12],"21":[2],"22":[50],"23":[0],"24":[50],"25":[1],"26":[49],"27":[1],"28":[1],"29":[48],"30":[8],"31":[40],"32":[27],"33":[8],"34":[3],"35":[8],"36":[3],"37":[3],"38":[0],"39":[12],"40":[2],"41":[1],"42":[40],"43":[5],"44":[2],"45":[3],"46":[1],"47":[2],"48":[537]},"fnMap":{"0":{"name":"mergeStatuses","decl":{"start":{"line":83,"column":7},"end":{"line":107,"column":1}},"loc":{"start":{"line":83,"column":7},"end":{"line":107,"column":1}},"line":83},"1":{"name":"sameChecks","decl":{"start":{"line":109,"column":0},"end":{"line":113,"column":1}},"loc":{"start":{"line":109,"column":0},"end":{"line":113,"column":1}},"line":109},"2":{"name":"ServicesProvider","decl":{"start":{"line":115,"column":7},"end":{"line":236,"column":1}},"loc":{"start":{"line":115,"column":7},"end":{"line":236,"column":1}},"line":115},"3":{"name":"load","decl":{"start":{"line":145,"column":4},"end":{"line":189,"column":5}},"loc":{"start":{"line":145,"column":4},"end":{"line":189,"column":5}},"line":145},"4":{"name":"onVisibility","decl":{"start":{"line":197,"column":4},"end":{"line":199,"column":5}},"loc":{"start":{"line":197,"column":4},"end":{"line":199,"column":5}},"line":197},"5":{"name":"refresh","decl":{"start":{"line":209,"column":2},"end":{"line":219,"column":3}},"loc":{"start":{"line":209,"column":2},"end":{"line":219,"column":3}},"line":209},"6":{"name":"clearRecentChanges","decl":{"start":{"line":229,"column":28},"end":{"line":229,"column":55}},"loc":{"start":{"line":229,"column":28},"end":{"line":229,"column":55}},"line":229},"7":{"name":"useServicesContext","decl":{"start":{"line":240,"column":7},"end":{"line":242,"column":1}},"loc":{"start":{"line":240,"column":7},"end":{"line":242,"column":1}},"line":240}},"f":{"0":16,"1":14,"2":87,"3":55,"4":2,"5":5,"6":0,"7":537}}
,"/Users/calebdunn/Documents/projects/homepad/homepad/src/alerts/AlertHistoryPanel.tsx": {"path":"/Users/calebdunn/Documents/projects/homepad/homepad/src/alerts/AlertHistoryPanel.tsx","all":false,"statementMap":{"0":{"start":{"line":1,"column":0},"end":{"line":1,"column":79}},"14":{"start":{"line":15,"column":0},"end":{"line":15,"column":56}},"15":{"start":{"line":16,"column":0},"end":{"line":16,"column":55}},"16":{"start":{"line":17,"column":0},"end":{"line":17,"column":32}},"17":{"start":{"line":18,"column":0},"end":{"line":18,"column":31}},"18":{"start":{"line":19,"column":0},"end":{"line":19,"column":36}},"19":{"start":{"line":20,"column":0},"end":{"line":20,"column":31}},"20":{"start":{"line":21,"column":0},"end":{"line":21,"column":35}},"21":{"start":{"line":22,"column":0},"end":{"line":22,"column":39}},"22":{"start":{"line":23,"column":0},"end":{"line":23,"column":1}},"24":{"start":{"line":25,"column":0},"end":{"line":25,"column":59}},"25":{"start":{"line":26,"column":0},"end":{"line":26,"column":10}},"26":{"start":{"line":27,"column":0},"end":{"line":27,"column":9}},"27":{"start":{"line":28,"column":0},"end":{"line":28,"column":29}},"28":{"start":{"line":29,"column":0},"end":{"line":29,"column":26}},"29":{"start":{"line":30,"column":0},"end":{"line":30,"column":24}},"30":{"start":{"line":31,"column":0},"end":{"line":31,"column":56}},"31":{"start":{"line":32,"column":0},"end":{"line":32,"column":6}},"33":{"start":{"line":34,"column":0},"end":{"line":34,"column":1}},"35":{"start":{"line":36,"column":0},"end":{"line":36,"column":53}},"36":{"start":{"line":37,"column":0},"end":{"line":37,"column":25}},"37":{"start":{"line":38,"column":0},"end":{"line":38,"column":54}},"38":{"start":{"line":39,"column":0},"end":{"line":39,"column":10}},"39":{"start":{"line":40,"column":0},"end":{"line":40,"column":54}},"40":{"start":{"line":41,"column":0},"end":{"line":41,"column":38}},"41":{"start":{"line":42,"column":0},"end":{"line":42,"column":67}},"42":{"start":{"line":43,"column":0},"end":{"line":43,"column":66}},"43":{"start":{"line":44,"column":0},"end":{"line":44,"column":49}},"44":{"start":{"line":45,"column":0},"end":{"line":45,"column":52}},"45":{"start":{"line":46,"column":0},"end":{"line":46,"column":48}},"46":{"start":{"line":47,"column":0},"end":{"line":47,"column":15}},"48":{"start":{"line":49,"column":0},"end":{"line":49,"column":34}},"49":{"start":{"line":50,"column":0},"end":{"line":50,"column":98}},"50":{"start":{"line":51,"column":0},"end":{"line":51,"column":15}},"51":{"start":{"line":52,"column":0},"end":{"line":52,"column":12}},"52":{"start":{"line":53,"column":0},"end":{"line":53,"column":38}},"53":{"start":{"line":54,"column":0},"end":{"line":54,"column":122}},"54":{"start":{"line":55,"column":0},"end":{"line":55,"column":39}},"55":{"start":{"line":56,"column":0},"end":{"line":56,"column":15}},"56":{"start":{"line":57,"column":0},"end":{"line":57,"column":10}},"57":{"start":{"line":58,"column":0},"end":{"line":58,"column":37}},"58":{"start":{"line":59,"column":0},"end":{"line":59,"column":43}},"59":{"start":{"line":60,"column":0},"end":{"line":60,"column":25}},"60":{"start":{"line":61,"column":0},"end":{"line":61,"column":35}},"61":{"start":{"line":62,"column":0},"end":{"line":62,"column":51}},"62":{"start":{"line":63,"column":0},"end":{"line":63,"column":9}},"64":{"start":{"line":65,"column":0},"end":{"line":65,"column":12}},"65":{"start":{"line":66,"column":0},"end":{"line":66,"column":12}},"66":{"start":{"line":67,"column":0},"end":{"line":67,"column":9}},"68":{"start":{"line":69,"column":0},"end":{"line":69,"column":1}},"70":{"start":{"line":71,"column":0},"end":{"line":71,"column":43}},"71":{"start":{"line":72,"column":0},"end":{"line":72,"column":7}},"72":{"start":{"line":73,"column":0},"end":{"line":73,"column":9}},"73":{"start":{"line":74,"column":0},"end":{"line":74,"column":10}},"74":{"start":{"line":75,"column":0},"end":{"line":75,"column":4}},"78":{"start":{"line":79,"column":0},"end":{"line":79,"column":4}},"79":{"start":{"line":80,"column":0},"end":{"line":80,"column":48}},"83":{"start":{"line":84,"column":0},"end":{"line":84,"column":19}},"84":{"start":{"line":85,"column":0},"end":{"line":85,"column":40}},"85":{"start":{"line":86,"column":0},"end":{"line":86,"column":13}},"87":{"start":{"line":88,"column":0},"end":{"line":88,"column":25}},"89":{"start":{"line":90,"column":0},"end":{"line":90,"column":10}},"90":{"start":{"line":91,"column":0},"end":{"line":91,"column":97}},"91":{"start":{"line":92,"column":0},"end":{"line":92,"column":10}},"92":{"start":{"line":93,"column":0},"end":{"line":93,"column":22}},"93":{"start":{"line":94,"column":0},"end":{"line":94,"column":21}},"94":{"start":{"line":95,"column":0},"end":{"line":95,"column":21}},"95":{"start":{"line":96,"column":0},"end":{"line":96,"column":25}},"96":{"start":{"line":97,"column":0},"end":{"line":97,"column":34}},"97":{"start":{"line":98,"column":0},"end":{"line":98,"column":54}},"99":{"start":{"line":100,"column":0},"end":{"line":100,"column":49}},"100":{"start":{"line":101,"column":0},"end":{"line":101,"column":64}},"101":{"start":{"line":102,"column":0},"end":{"line":102,"column":17}},"102":{"start":{"line":103,"column":0},"end":{"line":103,"column":25}},"103":{"start":{"line":104,"column":0},"end":{"line":104,"column":43}},"104":{"start":{"line":105,"column":0},"end":{"line":105,"column":44}},"105":{"start":{"line":106,"column":0},"end":{"line":106,"column":43}},"106":{"start":{"line":107,"column":0},"end":{"line":107,"column":29}},"107":{"start":{"line":108,"column":0},"end":{"line":108,"column":11}},"109":{"start":{"line":110,"column":0},"end":{"line":110,"column":19}},"110":{"start":{"line":111,"column":0},"end":{"line":111,"column":17}},"112":{"start":{"line":113,"column":0},"end":{"line":113,"column":32}},"113":{"start":{"line":114,"column":0},"end":{"line":114,"column":71}},"115":{"start":{"line":116,"column":0},"end":{"line":116,"column":14}},"117":{"start":{"line":118,"column":0},"end":{"line":118,"column":57}},"118":{"start":{"line":119,"column":0},"end":{"line":119,"column":32}},"119":{"start":{"line":120,"column":0},"end":{"line":120,"column":47}},"120":{"start":{"line":121,"column":0},"end":{"line":121,"column":15}},"121":{"start":{"line":122,"column":0},"end":{"line":122,"column":15}},"123":{"start":{"line":124,"column":0},"end":{"line":124,"column":12}},"124":{"start":{"line":125,"column":0},"end":{"line":125,"column":12}},"126":{"start":{"line":127,"column":0},"end":{"line":127,"column":1}}},"s":{"0":1,"14":11,"15":11,"16":11,"17":11,"18":11,"19":11,"20":11,"21":11,"22":11,"24":22,"25":22,"26":22,"27":22,"28":22,"29":22,"30":22,"31":22,"33":22,"35":11,"36":11,"37":11,"38":11,"39":11,"40":11,"41":11,"42":11,"43":11,"44":11,"45":11,"46":11,"48":11,"49":11,"50":11,"51":11,"52":11,"53":11,"54":11,"55":11,"56":11,"57":11,"58":11,"59":11,"60":11,"61":11,"62":11,"64":11,"65":11,"66":11,"68":11,"70":80,"71":80,"72":80,"73":80,"74":80,"78":80,"79":80,"83":80,"84":43,"85":80,"87":80,"89":12,"90":12,"91":12,"92":12,"93":12,"94":12,"95":12,"96":12,"97":12,"99":12,"100":12,"101":12,"102":12,"103":12,"104":12,"105":12,"106":12,"107":12,"109":12,"110":12,"112":12,"113":4,"115":4,"117":8,"118":8,"119":11,"120":8,"121":8,"123":80,"124":80,"126":80},"branchMap":{"0":{"type":"branch","line":15,"loc":{"start":{"line":15,"column":0},"end":{"line":23,"column":1}},"locations":[{"start":{"line":15,"column":0},"end":{"line":23,"column":1}}]},"1":{"type":"branch","line":17,"loc":{"start":{"line":17,"column":14},"end":{"line":17,"column":32}},"locations":[{"start":{"line":17,"column":14},"end":{"line":17,"column":32}}]},"2":{"type":"branch","line":19,"loc":{"start":{"line":19,"column":14},"end":{"line":19,"column":36}},"locations":[{"start":{"line":19,"column":14},"end":{"line":19,"column":36}}]},"3":{"type":"branch","line":21,"loc":{"start":{"line":21,"column":14},"end":{"line":21,"column":35}},"locations":[{"start":{"line":21,"column":14},"end":{"line":21,"column":35}}]},"4":{"type":"branch","line":25,"loc":{"start":{"line":25,"column":0},"end":{"line":34,"column":1}},"locations":[{"start":{"line":25,"column":0},"end":{"line":34,"column":1}}]},"5":{"type":"branch","line":36,"loc":{"start":{"line":36,"column":0},"end":{"line":69,"column":1}},"locations":[{"start":{"line":36,"column":0},"end":{"line":69,"column":1}}
[...]
line":36,"column":61}},"36":{"start":{"line":37,"column":0},"end":{"line":37,"column":19}},"37":{"start":{"line":38,"column":0},"end":{"line":38,"column":67}},"38":{"start":{"line":39,"column":0},"end":{"line":39,"column":20}},"39":{"start":{"line":40,"column":0},"end":{"line":40,"column":67}},"40":{"start":{"line":41,"column":0},"end":{"line":41,"column":15}},"41":{"start":{"line":42,"column":0},"end":{"line":42,"column":44}},"42":{"start":{"line":43,"column":0},"end":{"line":43,"column":60}},"43":{"start":{"line":44,"column":0},"end":{"line":44,"column":9}},"44":{"start":{"line":45,"column":0},"end":{"line":45,"column":15}},"45":{"start":{"line":46,"column":0},"end":{"line":46,"column":1}},"56":{"start":{"line":57,"column":0},"end":{"line":57,"column":67}},"58":{"start":{"line":59,"column":0},"end":{"line":59,"column":31}},"59":{"start":{"line":60,"column":0},"end":{"line":60,"column":11}},"60":{"start":{"line":61,"column":0},"end":{"line":61,"column":11}},"61":{"start":{"line":62,"column":0},"end":{"line":62,"column":4}},"64":{"start":{"line":65,"column":0},"end":{"line":65,"column":4}},"65":{"start":{"line":66,"column":0},"end":{"line":66,"column":73}},"66":{"start":{"line":67,"column":0},"end":{"line":67,"column":26}},"72":{"start":{"line":73,"column":0},"end":{"line":73,"column":19}},"73":{"start":{"line":74,"column":0},"end":{"line":74,"column":39}},"74":{"start":{"line":75,"column":0},"end":{"line":75,"column":17}},"76":{"start":{"line":77,"column":0},"end":{"line":77,"column":64}},"79":{"start":{"line":80,"column":0},"end":{"line":80,"column":25}},"80":{"start":{"line":81,"column":0},"end":{"line":81,"column":75}},"81":{"start":{"line":82,"column":0},"end":{"line":82,"column":9}},"82":{"start":{"line":83,"column":0},"end":{"line":83,"column":54}},"83":{"start":{"line":84,"column":0},"end":{"line":84,"column":13}},"85":{"start":{"line":86,"column":0},"end":{"line":86,"column":5}},"86":{"start":{"line":87,"column":0},"end":{"line":87,"column":17}},"88":{"start":{"line":89,"column":0},"end":{"line":89,"column":61}},"89":{"start":{"line":90,"column":0},"end":{"line":90,"column":22}},"90":{"start":{"line":91,"column":0},"end":{"line":91,"column":35}},"91":{"start":{"line":92,"column":0},"end":{"line":92,"column":64}},"92":{"start":{"line":93,"column":0},"end":{"line":93,"column":40}},"93":{"start":{"line":94,"column":0},"end":{"line":94,"column":65}},"94":{"start":{"line":95,"column":0},"end":{"line":95,"column":14}},"95":{"start":{"line":96,"column":0},"end":{"line":96,"column":3}},"97":{"start":{"line":98,"column":0},"end":{"line":98,"column":10}},"98":{"start":{"line":99,"column":0},"end":{"line":99,"column":67}},"99":{"start":{"line":100,"column":0},"end":{"line":100,"column":16}},"100":{"start":{"line":101,"column":0},"end":{"line":101,"column":28}},"102":{"start":{"line":103,"column":0},"end":{"line":103,"column":1}},"105":{"start":{"line":106,"column":0},"end":{"line":106,"column":47}},"106":{"start":{"line":107,"column":0},"end":{"line":107,"column":39}},"107":{"start":{"line":108,"column":0},"end":{"line":108,"column":76}},"108":{"start":{"line":109,"column":0},"end":{"line":109,"column":13}},"109":{"start":{"line":110,"column":0},"end":{"line":110,"column":1}},"114":{"start":{"line":115,"column":0},"end":{"line":115,"column":51}},"115":{"start":{"line":116,"column":0},"end":{"line":116,"column":39}},"116":{"start":{"line":117,"column":0},"end":{"line":117,"column":26}},"117":{"start":{"line":118,"column":0},"end":{"line":118,"column":33}},"118":{"start":{"line":119,"column":0},"end":{"line":119,"column":1}}},"s":{"0":1,"17":1,"20":400,"21":400,"22":400,"27":1,"28":5,"29":5,"30":5,"34":901,"35":901,"36":901,"37":400,"38":400,"39":11,"40":11,"41":11,"42":11,"43":901,"44":901,"45":901,"56":1,"58":1,"59":180,"60":180,"61":180,"64":180,"65":180,"66":180,"72":180,"73":119,"74":180,"76":180,"79":180,"80":96,"81":96,"82":96,"83":96,"85":0,"86":180,"88":180,"89":3,"90":3,"91":3,"92":3,"93":3,"94":3,"95":3,"97":180,"98":180,"99":180,"100":180,"102":180,"105":1,"106":47,"107":47,"108":47,"109":47,"114":1,"115":722,"116":722,"117":722,"118":722},"branchMap":{"0":{"type":"branch","line":21,"loc":{"start":{"line":21,"column":0},"end":{"line":23,"column":1}},"locations":[{"start":{"line":21,"column":0},"end":{"line":23,"column":1}}]},"1":{"type":"branch","line":22,"loc":{"start":{"line":22,"column":16},"end":{"line":22,"column":61}},"locations":[{"start":{"line":22,"column":16},"end":{"line":22,"column":61}}]},"2":{"type":"branch","line":22,"loc":{"start":{"line":22,"column":61},"end":{"line":22,"column":80}},"locations":[{"start":{"line":22,"column":61},"end":{"line":22,"column":80}}]},"3":{"type":"branch","line":22,"loc":{"start":{"line":22,"column":71},"end":{"line":22,"column":88}},"locations":[{"start":{"line":22,"column":71},"end":{"line":22,"column":88}}]},"4":{"type":"branch","line":28,"loc":{"start":{"line":28,"column":7},"end":{"line":31,"column":1}},"locations":[{"start":{"line":28,"column":7},"end":{"line":31,"column":1}}]},"5":{"type":"branch","line":29,"loc":{"start":{"line":29,"column":16},"end":{"line":29,"column":45}},"locations":[{"start":{"line":29,"column":16},"end":{"line":29,"column":45}}]},"6":{"type":"branch","line":29,"loc":{"start":{"line":29,"column":45},"end":{"line":29,"column":58}},"locations":[{"start":{"line":29,"column":45},"end":{"line":29,"column":58}}]},"7":{"type":"branch","line":29,"loc":{"start":{"line":29,"column":52},"end":{"line":30,"column":18}},"locations":[{"start":{"line":29,"column":52},"end":{"line":30,"column":18}}]},"8":{"type":"branch","line":30,"loc":{"start":{"line":30,"column":9},"end":{"line":30,"column":27}},"locations":[{"start":{"line":30,"column":9},"end":{"line":30,"column":27}}]},"9":{"type":"branch","line":30,"loc":{"start":{"line":30,"column":18},"end":{"line":30,"column":35}},"locations":[{"start":{"line":30,"column":18},"end":{"line":30,"column":35}}]},"10":{"type":"branch","line":35,"loc":{"start":{"line":35,"column":0},"end":{"line":46,"column":1}},"locations":[{"start":{"line":35,"column":0},"end":{"line":46,"column":1}}]},"11":{"type":"branch","line":37,"loc":{"start":{"line":37,"column":12},"end":{"line":44,"column":5}},"locations":[{"start":{"line":37,"column":12},"end":{"line":44,"column":5}}]},"12":{"type":"branch","line":38,"loc":{"start":{"line":38,"column":22},"end":{"line":38,"column":67}},"locations":[{"start":{"line":38,"column":22},"end":{"line":38,"column":67}}]},"13":{"type":"branch","line":39,"loc":{"start":{"line":39,"column":13},"end":{"line":39,"column":20}},"locations":[{"start":{"line":39,"column":13},"end":{"line":39,"column":20}}]},"14":{"type":"branch","line":39,"loc":{"start":{"line":39,"column":13},"end":{"line":43,"column":60}},"locations":[{"start":{"line":39,"column":13},"end":{"line":43,"column":60}}]},"15":{"type":"branch","line":40,"loc":{"start":{"line":40,"column":21},"end":{"line":40,"column":67}},"locations":[{"start":{"line":40,"column":21},"end":{"line":40,"column":67}}]},"16":{"type":"branch","line":40,"loc":{"start":{"line":40,"column":39},"end":{"line":40,"column":58}},"locations":[{"start":{"line":40,"column":39},"end":{"line":40,"column":58}}]},"17":{"type":"branch","line":40,"loc":{"start":{"line":40,"column":49},"end":{"line":40,"column":65}},"locations":[{"start":{"line":40,"column":49},"end":{"line":40,"column":65}}]},"18":{"type":"branch","line":43,"loc":{"start":{"line":43,"column":11},"end":{"line":43,"column":60}},"locations":[{"start":{"line":43,"column":11},"end":{"line":43,"column":60}}]},"19":{"type":"branch","line":59,"loc":{"start":{"line":59,"column":7},"end":{"line":103,"column":1}},"locations":[{"start":{"line":59,"column":7},"end":{"line":103,"column":1}}]},"20":{"type":"branch","line":66,"loc":{"start":{"line":66,"column":51},"end":{"line":66,"column":71}},"locations":[{"start":{"line":66,"column":51},"end":{"line":66,"column":71}}]},"21":{"type":"branch","line":77,"loc":{"start":{"line":77,"column":43},"end":{"line":77,"column":59}},"locations":[{"start":{"line":77,"column":43},"end":{"line":77,"column":59}}]},"22":{"type":"branch","line":77,"loc":{"start":{"line":77,"column":54},"end":{"line":77,"column":64}},"locations":[{"start":{"line":77,"column":54},"end":{"line":77,"column":64}}]},"23":{"type":"branch","line":73,"loc":{"start":{"line":73,"column":12},"end":{"line":75,"column":5}},"locations":[{"start":{"line":73,"column":12},"end":{"line":75,"column":5}}]},"24":{"type":"branch","line":74,"loc":{"start":{"line":74,"column":17},"end":{"line":74,"column":37}},"locations":[{"start":{"line":74,"column":17},"end":{"line":74,"column":37}}]},"25":{"type":"branch","line":80,"loc":{"start":{"line":80,"column":18},"end":{"line":87,"column":5}},"locations":[{"start":{"line":80,"column":18},"end":{"line":87,"column":5}}]},"26":{"type":"branch","line":84,"loc":{"start":{"line":84,"column":4},"end":{"line":86,"column":5}},"locations":[{"start":{"line":84,"column":4},"end":{"line":86,"column":5}}]},"27":{"type":"branch","line":89,"loc":{"start":{"line":89,"column":2},"end":{"line":96,"column":3}},"locations":[{"start":{"line":89,"column":2},"end":{"line":96,"column":3}}]},"28":{"type":"branch","line":91,"loc":{"start":{"line":91,"column":23},"end":{"line":91,"column":35}},"locations":[{"start":{"line":91,"column":23},"end":{"line":91,"column":35}}]},"29":{"type":"branch","line":94,"loc":{"start":{"line":94,"column":13},"end":{"line":94,"column":65}},"locations":[{"start":{"line":94,"column":13},"end":{"line":94,"column":65}}]},"30":{"type":"branch","line":106,"loc":{"start":{"line":106,"column":7},"end":{"line":110,"column":1}},"locations":[{"start":{"line":106,"column":7},"end":{"line":110,"column":1}}]},"31":{"type":"branch","line":108,"loc":{"start":{"line":108,"column":12},"end":{"line":108,"column":76}},"locations":[{"start":{"line":108,"column":12},"end":{"line":108,"column":76}}]},"32":{"type":"branch","line":115,"loc":{"start":{"line":115,"column":7},"end":{"line":119,"column":1}},"locations":[{"start":{"line":115,"column":7},"end":{"line":119,"column":1}}]},"33":{"type":"branch","line":118,"loc":{"start":{"line":118,"column":9},"end":{"line":118,"column":30}},"locations":[{"start":{"line":118,"column":9},"end":{"line":118,"column":30}}]},"34":{"type":"branch","line":118,"loc":{"start":{"line":118,"column":19},"end":{"line":118,"column":33}},"locations":[{"start":{"line":118,"column":19},"end":{"line":118,"column":33}}]}},"b":{"0":[400],"1":[11],"2":[3],"3":[397],"4":[5],"5":[4],"6":[2],"7":[3],"8":[2],"9":[1],"10":[901],"11":[400],"12":[11],"13":[389],"14":[11],"15":[14],"16":[5],"17":[9],"18":[11],"19":[180],"20":[79],"21":[127],"22":[52],"23":[119],"24":[46],"25":[96],"26":[0],"27":[3],"28":[0],"29":[1],"30":[47],"31":[0],"32":[722],"33":[80],"34":[642]},"fnMap":{"0":{"name":"osTheme","decl":{"start":{"line":21,"column":0},"end":{"line":23,"column":1}},"loc":{"start":{"line":21,"column":0},"end":{"line":23,"column":1}},"line":21},"1":{"name":"resolveBootTheme","decl":{"start":{"line":28,"column":7},"end":{"line":31,"column":1}},"loc":{"start":{"line":28,"column":7},"end":{"line":31,"column":1}},"line":28},"2":{"name":"useOsTheme","decl":{"start":{"line":35,"column":0},"end":{"line":46,"column":1}},"loc":{"start":{"line":35,"column":0},"end":{"line":46,"column":1}},"line":35},"3":{"name":"onChange","decl":{"start":{"line":40,"column":21},"end":{"line":40,"column":67}},"loc":{"start":{"line":40,"column":21},"end":{"line":40,"column":67}},"line":40},"4":{"name":"ThemeProvider","decl":{"start":{"line":59,"column":7},"end":{"line":103,"column":1}},"loc":{"start":{"line":59,"column":7},"end":{"line":103,"column":1}},"line":59},"5":{"name":"setPref","decl":{"start":{"line":89,"column":2},"end":{"line":96,"column":3}},"loc":{"start":{"line":89,"column":2},"end":{"line":96,"column":3}},"line":89},"6":{"name":"useTheme","decl":{"start":{"line":106,"column":7},"end":{"line":110,"column":1}},"loc":{"start":{"line":106,"column":7},"end":{"line":110,"column":1}},"line":106},"7":{"name":"useResolvedTheme","decl":{"start":{"line":115,"column":7},"end":{"line":119,"column":1}},"loc":{"start":{"line":115,"column":7},"end":{"line":119,"column":1}},"line":115}},"f":{"0":400,"1":5,"2":901,"3":14,"4":180,"5":3,"6":47,"7":722}}
,"/Users/calebdunn/Documents/projects/homepad/homepad/src/ui/Modal.tsx": {"path":"/Users/calebdunn/Documents/projects/homepad/homepad/src/ui/Modal.tsx","all":false,"statementMap":{"0":{"start":{"line":1,"column":0},"end":{"line":1,"column":64}},"20":{"start":{"line":21,"column":0},"end":{"line":21,"column":31}},"21":{"start":{"line":22,"column":0},"end":{"line":22,"column":12}},"22":{"start":{"line":23,"column":0},"end":{"line":23,"column":19}},"23":{"start":{"line":24,"column":0},"end":{"line":24,"column":16}},"24":{"start":{"line":25,"column":0},"end":{"line":25,"column":22}},"25":{"start":{"line":26,"column":0},"end":{"line":26,"column":25}},"26":{"start":{"line":27,"column":0},"end":{"line":27,"column":23}},"27":{"start":{"line":28,"column":0},"end":{"line":28,"column":21}},"28":{"start":{"line":29,"column":0},"end":{"line":29,"column":17}},"29":{"start":{"line":30,"column":0},"end":{"line":30,"column":11}},"30":{"start":{"line":31,"column":0},"end":{"line":31,"column":4}},"42":{"start":{"line":43,"column":0},"end":{"line":43,"column":4}},"44":{"start":{"line":45,"column":0},"end":{"line":45,"column":39}},"45":{"start":{"line":46,"column":0},"end":{"line":46,"column":33}},"47":{"start":{"line":48,"column":0},"end":{"line":48,"column":19}},"48":{"start":{"line":49,"column":0},"end":{"line":49,"column":33}},"49":{"start":{"line":50,"column":0},"end":{"line":50,"column":52}},"50":{"start":{"line":51,"column":0},"end":{"line":51,"column":51}},"51":{"start":{"line":52,"column":0},"end":{"line":52,"column":6}},"54":{"start":{"line":55,"column":0},"end":{"line":55,"column":46}},"55":{"start":{"line":56,"column":0},"end":{"line":56,"column":62}},"56":{"start":{"line":57,"column":0},"end":{"line":57,"column":24}},"58":{"start":{"line":59,"column":0},"end":{"line":59,"column":19}},"59":{"start":{"line":60,"column":0},"end":{"line":60,"column":30}},"60":{"start":{"line":61,"column":0},"end":{"line":61,"column":64}},"61":{"start":{"line":62,"column":0},"end":{"line":62,"column":35}},"62":{"start":{"line":63,"column":0},"end":{"line":63,"column":21}},"64":{"start":{"line":65,"column":0},"end":{"line":65,"column":19}},"65":{"start":{"line":66,"column":0},"end":{"line":66,"column":28}},"66":{"start":{"line":67,"column":0},"end":{"line":67,"column":46}},"67":{"start":{"line":68,"column":0},"end":{"line":68,"column":44}},"68":{"start":{"line":69,"column":0},"end":{"line":69,"column":18}},"69":{"start":{"line":70,"column":0},"end":{"line":70,"column":42}},"70":{"start":{"line":71,"column":0},"end":{"line":71,"column":6}},"71":{"start":{"line":72,"column":0},"end":{"line":72,"column":19}},"73":{"start":{"line":74,"column":0},"end":{"line":74,"column":65}},"74":{"start":{"line":75,"column":0},"end":{"line":75,"column":50}},"75":{"start":{"line":76,"column":0},"end":{"line":76,"column":4}},"77":{"start":{"line":78,"column":0},"end":{"line":78,"column":10}},"78":{"start":{"line":79,"column":0},"end":{"line":79,"column":8}},"79":{"start":{"line":80,"column":0},"end":{"line":80,"column":34}},"80":{"start":{"line":81,"column":0},"end":{"line":81,"column":33}},"81":{"start":{"line":82,"column":0},"end":{"line":82,"column":64}},"82":{"start":{"line":83,"column":0},"end":{"line":83,"column":72}},"83":{"start":{"line":84,"column":0},"end":{"line":84,"column":32}},"85":{"start":{"line":86,"column":0},"end":{"line":86,"column":16}},"86":{"start":{"line":87,"column":0},"end":{"line":87,"column":10}},"88":{"start":{"line":89,"column":0},"end":{"line":89,"column":1}}},"s":{"0":1,"20":570,"21":570,"22":570,"23":570,"24":570,"25":570,"26":570,"27":570,"28":570,"29":570,"30":570,"42":570,"44":570,"45":570,"47":570,"48":185,"49":134,"50":177,"51":177,"54":134,"55":134,"56":570,"58":570,"59":185,"60":0,"61":0,"62":570,"64":570,"65":185,"66":0,"67":0,"68":0,"69":0,"70":0,"71":570,"73":570,"74":122,"75":122,"77":570,"78":570,"79":570,"80":570,"81":570,"82":570,"83":570,"85":570,"86":570,"88":570},"branchMap":{"0":{"type":"branch","line":21,"loc":{"start":{"line":21,"column":0},"end":{"line":89,"column":1}},"locations":[{"start":{"line":21,"column":0},"end":{"line":89,"column":1}}]},"1":{"type":"branch","line":82,"loc":{"start":{"line":82,"column":29},"end":{"line":82,"column":54}},"locations":[{"start":{"line":82,"column":29},"end":{"line":82,"column":54}}]},"2":{"type":"branch","line":82,"loc":{"start":{"line":82,"column":39},"end":{"line":82,"column":64}},"locations":[{"start":{"line":82,"column":39},"end":{"line":82,"column":64}}]},"3":{"type":"branch","line":83,"loc":{"start":{"line":83,"column":33},"end":{"line":83,"column":62}},"locations":[{"start":{"line":83,"column":33},"end":{"line":83,"column":62}}]},"4":{"type":"branch","line":83,"loc":{"start":{"line":83,"column":47},"end":{"line":83,"column":72}},"locations":[{"start":{"line":83,"column":47},"end":{"line":83,"column":72}}]},"5":{"type":"branch","line":48,"loc":{"start":{"line":48,"column":12},"end":{"line":57,"column":5}},"locations":[{"start":{"line":48,"column":12},"end":{"line":57,"column":5}}]},"6":{"type":"branch","line":49,"loc":{"start":{"line":49,"column":26},"end":{"line":49,"column":33}},"locations":[{"start":{"line":49,"column":26},"end":{"line":49,"column":33}}]},"7":{"type":"branch","line":49,"loc":{"start":{"line":49,"column":26},"end":{"line":56,"column":62}},"locations":[{"start":{"line":49,"column":26},"end":{"line":56,"column":62}}]},"8":{"type":"branch","line":50,"loc":{"start":{"line":50,"column":18},"end":{"line":52,"column":6}},"locations":[{"start":{"line":50,"column":18},"end":{"line":52,"column":6}}]},"9":{"type":"branch","line":51,"loc":{"start":{"line":51,"column":30},"end":{"line":51,"column":51}},"locations":[{"start":{"line":51,"column":30},"end":{"line":51,"column":51}}]},"10":{"type":"branch","line":56,"loc":{"start":{"line":56,"column":11},"end":{"line":56,"column":62}},"locations":[{"start":{"line":56,"column":11},"end":{"line":56,"column":62}}]},"11":{"type":"branch","line":59,"loc":{"start":{"line":59,"column":12},"end":{"line":63,"column":5}},"locations":[{"start":{"line":59,"column":12},"end":{"line":63,"column":5}}]},"12":{"type":"branch","line":60,"loc":{"start":{"line":60,"column":23},"end":{"line":62,"column":35}},"locations":[{"start":{"line":60,"column":23},"end":{"line":62,"column":35}}]},"13":{"type":"branch","line":65,"loc":{"start":{"line":65,"column":12},"end":{"line":72,"column":5}},"locations":[{"start":{"line":65,"column":12},"end":{"line":72,"column":5}}]},"14":{"type":"branch","line":66,"loc":{"start":{"line":66,"column":21},"end":{"line":71,"column":6}},"locations":[{"start":{"line":66,"column":21},"end":{"line":71,"column":6}}]},"15":{"type":"branch","line":74,"loc":{"start":{"line":74,"column":23},"end":{"line":76,"column":4}},"locations":[{"start":{"line":74,"column":23},"end":{"line":76,"column":4}}]},"16":{"type":"branch","line":75,"loc":{"start":{"line":75,"column":38},"end":{"line":75,"column":50}},"locations":[{"start":{"line":75,"column":38},"end":{"line":75,"column":50}}]}},"b":{"0":[570],"1":[316],"2":[253],"3":[253],"4":[316],"5":[185],"6":[51],"7":[134],"8":[177],"9":[8],"10":[134],"11":[185],"12":[0],"13":[185],"14":[0],"15":[122],"16":[4]},"fnMap":{"0":{"name":"Modal","decl":{"start":{"line":21,"column":0},"end":{"line":89,"column":1}},"loc":{"start":{"line":21,"column":0},"end":{"line":89,"column":1}},"line":21},"1":{"name":"onKey","decl":{"start":{"line":50,"column":18},"end":{"line":52,"column":6}},"loc":{"start":{"line":50,"column":18},"end":{"line":52,"column":6}},"line":50},"2":{"name":"scrimHandler","decl":{"start":{"line":74,"column":23},"end":{"line":76,"column":4}},"loc":{"start":{"line":74,"column":23},"end":{"line":76,"column":4}},"line":74}},"f":{"0":570,"1":177,"2":122}}
}
